2023-12-04 12:09:40,248 [INFO] Activator:176 - 


2023-12-04 12:09:40,259 [INFO] Activator:177 - !SESSION log4j initialized
2023-12-04 12:09:49,227 [INFO] LogOutputStream:77 - [STDOUT_REDIRECT] 
2023-12-04 12:09:54,806 [INFO] ApplicationProperties:184 - Using Application install path: C:\ST\STM32CubeIDE_1.13.1\STM32CubeIDE\plugins\com.st.stm32cube.common.mx_6.9.2.202309101412
2023-12-04 12:09:54,835 [INFO] DbMcusXml:78 - Set database path to: C:\ST\STM32CubeIDE_1.13.1\STM32CubeIDE\plugins\com.st.stm32cube.common.mx_6.9.2.202309101412\\db\/mcu/
2023-12-04 12:09:54,837 [INFO] ApiDb:274 - Set plugin database path to: C:\ST\STM32CubeIDE_1.13.1\STM32CubeIDE\plugins\com.st.stm32cube.common.mx_6.9.2.202309101412\\db\/plugins/boardmanager/
2023-12-04 12:09:54,838 [WARN] ApiDb:259 - Overriding images path with different value:  => C:\ST\STM32CubeIDE_1.13.1\STM32CubeIDE\plugins\com.st.stm32cube.common.mx_6.9.2.202309101412\\db\/plugins/mcufinder/images/
2023-12-04 12:09:54,859 [INFO] ApiDb:250 - Set database path to: C:\Users\ndib8\.stmcufinder\plugins\mcufinder//mcu/
2023-12-04 12:09:54,862 [INFO] DbMcusAds:125 - Set database path to: C:\Users\ndib8\.stmcufinder\plugins\mcufinder//mcu/
2023-12-04 12:09:54,865 [INFO] CrossReferenceDbSqlite:203 - Set database path to: C:\Users\ndib8\.stmcufinder\plugins\mcufinder//mcu/cs/
2023-12-04 12:09:55,081 [INFO] RulesReader:64 - Compatibility file has been processed (293 Rules)
2023-12-04 12:09:55,243 [INFO] DbMcusXml:78 - Set database path to: C:\ST\STM32CubeIDE_1.13.1\STM32CubeIDE\plugins\com.st.stm32cube.common.mx_6.9.2.202309101412\\db\/mcu/
2023-12-04 12:09:55,243 [INFO] ApiDb:274 - Set plugin database path to: C:\ST\STM32CubeIDE_1.13.1\STM32CubeIDE\plugins\com.st.stm32cube.common.mx_6.9.2.202309101412\\db\/plugins/boardmanager/
2023-12-04 12:09:55,243 [INFO] ApiDb:261 - Set plugin images path to: C:\ST\STM32CubeIDE_1.13.1\STM32CubeIDE\plugins\com.st.stm32cube.common.mx_6.9.2.202309101412\\db\/plugins/mcufinder/images/
2023-12-04 12:09:55,244 [WARN] DbFile:41 - Overriding database path with different value: C:\Users\ndib8\.stmcufinder\plugins\mcufinder/ => C:\Users\ndib8\.stmcufinder\plugins\mcufinder
2023-12-04 12:09:55,244 [INFO] ApiDb:250 - Set database path to: C:\Users\ndib8\.stmcufinder\plugins\mcufinder//mcu/
2023-12-04 12:09:55,244 [WARN] DbFile:41 - Overriding database path with different value: C:\Users\ndib8\.stmcufinder\plugins\mcufinder/ => C:\Users\ndib8\.stmcufinder\plugins\mcufinder
2023-12-04 12:09:55,244 [INFO] DbMcusAds:125 - Set database path to: C:\Users\ndib8\.stmcufinder\plugins\mcufinder//mcu/
2023-12-04 12:09:55,244 [WARN] DbFile:41 - Overriding database path with different value: C:\Users\ndib8\.stmcufinder\plugins\mcufinder/ => C:\Users\ndib8\.stmcufinder\plugins\mcufinder
2023-12-04 12:09:55,244 [WARN] DbFile:41 - Overriding database path with different value: C:\Users\ndib8\.stmcufinder\plugins\mcufinder/ => C:\Users\ndib8\.stmcufinder\plugins\mcufinder
2023-12-04 12:09:55,244 [INFO] CrossReferenceDbSqlite:203 - Set database path to: C:\Users\ndib8\.stmcufinder\plugins\mcufinder//mcu/cs/
2023-12-04 12:09:55,394 [INFO] MainPanel:262 - HeapMemory: 268435456
2023-12-04 12:09:55,569 [INFO] DbMcusXml:78 - Set database path to: C:\ST\STM32CubeIDE_1.13.1\STM32CubeIDE\plugins\com.st.stm32cube.common.mx_6.9.2.202309101412\\db\/mcu/
2023-12-04 12:09:55,569 [INFO] ApiDb:274 - Set plugin database path to: C:\ST\STM32CubeIDE_1.13.1\STM32CubeIDE\plugins\com.st.stm32cube.common.mx_6.9.2.202309101412\\db\/plugins/boardmanager/
2023-12-04 12:09:55,569 [INFO] ApiDb:261 - Set plugin images path to: C:\ST\STM32CubeIDE_1.13.1\STM32CubeIDE\plugins\com.st.stm32cube.common.mx_6.9.2.202309101412\\db\/plugins/mcufinder/images/
2023-12-04 12:09:55,570 [WARN] DbFile:41 - Overriding database path with different value: C:\Users\ndib8\.stmcufinder\plugins\mcufinder/ => C:\Users\ndib8\.stmcufinder\plugins\mcufinder
2023-12-04 12:09:55,570 [INFO] ApiDb:250 - Set database path to: C:\Users\ndib8\.stmcufinder\plugins\mcufinder//mcu/
2023-12-04 12:09:55,571 [WARN] DbFile:41 - Overriding database path with different value: C:\Users\ndib8\.stmcufinder\plugins\mcufinder/ => C:\Users\ndib8\.stmcufinder\plugins\mcufinder
2023-12-04 12:09:55,571 [INFO] DbMcusAds:125 - Set database path to: C:\Users\ndib8\.stmcufinder\plugins\mcufinder//mcu/
2023-12-04 12:09:55,571 [WARN] DbFile:41 - Overriding database path with different value: C:\Users\ndib8\.stmcufinder\plugins\mcufinder/ => C:\Users\ndib8\.stmcufinder\plugins\mcufinder
2023-12-04 12:09:55,571 [WARN] DbFile:41 - Overriding database path with different value: C:\Users\ndib8\.stmcufinder\plugins\mcufinder/ => C:\Users\ndib8\.stmcufinder\plugins\mcufinder
2023-12-04 12:09:55,571 [INFO] CrossReferenceDbSqlite:203 - Set database path to: C:\Users\ndib8\.stmcufinder\plugins\mcufinder//mcu/cs/
2023-12-04 12:09:55,607 [INFO] ApplicationProperties:184 - Using Application install path: C:\ST\STM32CubeIDE_1.13.1\STM32CubeIDE\plugins\com.st.stm32cube.common.mx_6.9.2.202309101412
2023-12-04 12:09:55,608 [INFO] PluginManage:196 - Search for loadable plugins [exclusion list=, ]
2023-12-04 12:09:55,610 [INFO] PluginManage:310 - Check plugin analytics
2023-12-04 12:09:55,888 [INFO] AnalyticsPlugin:253 - Accepted Software Licenses: 
2023-12-04 12:09:55,888 [INFO] AnalyticsPlugin:255 - Accepted CMSIS Pack Licenses: 
2023-12-04 12:09:55,888 [INFO] AnalyticsPlugin:257 - Accepted Firmware Licenses: FW.L4.1.18.0
2023-12-04 12:09:55,892 [INFO] PluginManage:359 - Loaded plugin analytics (category:tool,tabindex:-1)
2023-12-04 12:09:55,893 [INFO] PluginManage:310 - Check plugin cadmodel
2023-12-04 12:09:55,915 [INFO] CADModel:105 - Init CAD model plugin
2023-12-04 12:09:55,916 [INFO] PluginManage:359 - Loaded plugin cadmodel (category:power,tabindex:5)
2023-12-04 12:09:55,916 [INFO] PluginManage:310 - Check plugin clock
2023-12-04 12:09:55,942 [INFO] PluginManage:359 - Loaded plugin clock (category:base,tabindex:2)
2023-12-04 12:09:55,942 [INFO] PluginManage:310 - Check plugin ddr
2023-12-04 12:09:55,945 [INFO] PluginManage:359 - Loaded plugin ddr (category:tool,tabindex:6)
2023-12-04 12:09:55,945 [INFO] PluginManage:310 - Check plugin filemanager
2023-12-04 12:09:56,156 [INFO] PluginManage:359 - Loaded plugin filemanager (category:base,tabindex:10)
2023-12-04 12:09:56,156 [INFO] PluginManage:310 - Check plugin ipmanager
2023-12-04 12:09:56,169 [INFO] PluginManage:359 - Loaded plugin ipmanager (category:base,tabindex:5)
2023-12-04 12:09:56,169 [INFO] PluginManage:310 - Check plugin lpbam
2023-12-04 12:09:56,201 [INFO] PluginManage:359 - Loaded plugin lpbam (category:base,tabindex:0)
2023-12-04 12:09:56,201 [INFO] PluginManage:310 - Check plugin memorymap
2023-12-04 12:09:56,243 [INFO] PluginManage:359 - Loaded plugin memorymap (category:base,tabindex:4)
2023-12-04 12:09:56,243 [INFO] PluginManage:310 - Check plugin pinoutandconfiguration
2023-12-04 12:09:56,271 [INFO] PluginManage:359 - Loaded plugin pinoutandconfiguration (category:base,tabindex:1)
2023-12-04 12:09:56,271 [INFO] PluginManage:310 - Check plugin pinoutconfig
2023-12-04 12:09:56,434 [WARN] SupportedApi:132 - Cannot load RTOS API schema: s4s-elt-must-match.1: The content of 'definitions' must match (annotation?, (simpleType | complexType)?, (unique | key | keyref)*)). A problem was found starting at: attribute.
2023-12-04 12:09:56,663 [INFO] PluginManage:359 - Loaded plugin pinoutconfig (category:base,tabindex:0)
2023-12-04 12:09:56,663 [INFO] PluginManage:310 - Check plugin power
2023-12-04 12:09:56,693 [INFO] PluginManage:359 - Loaded plugin power (category:power,tabindex:4)
2023-12-04 12:09:56,694 [INFO] PluginManage:310 - Check plugin projectmanager
2023-12-04 12:09:56,718 [INFO] PluginManage:359 - Loaded plugin projectmanager (category:projectmanager,tabindex:3)
2023-12-04 12:09:56,719 [INFO] PluginManage:310 - Check plugin thirdparty
2023-12-04 12:09:57,148 [INFO] PluginManage:359 - Loaded plugin thirdparty (category:base,tabindex:-1)
2023-12-04 12:09:57,148 [WARN] IntegrityCheckThread:84 - waiting for thirdparty lock release [integrity check]
2023-12-04 12:09:57,148 [INFO] PluginManage:310 - Check plugin tools
2023-12-04 12:09:57,149 [INFO] IntegrityCheckThread:86 - entering critical section [integrity check]
2023-12-04 12:09:57,149 [INFO] ThirdPartyUpdaterWithRetryManager:70 - Updater plugin not ready yet. [1/15]
2023-12-04 12:09:57,211 [INFO] PluginManage:359 - Loaded plugin tools (category:base,tabindex:7)
2023-12-04 12:09:57,211 [INFO] PluginManage:310 - Check plugin tutovideos
2023-12-04 12:09:57,546 [INFO] PluginManage:359 - Loaded plugin tutovideos (category:base,tabindex:-1)
2023-12-04 12:09:57,547 [INFO] PluginManage:310 - Check plugin updater
2023-12-04 12:09:57,563 [INFO] PluginManage:359 - Loaded plugin updater (category:base,tabindex:12)
2023-12-04 12:09:57,563 [INFO] PluginManage:310 - Check plugin userauth
2023-12-04 12:09:57,573 [INFO] UserAuth:113 - Init User Auth plugin
2023-12-04 12:09:57,573 [INFO] PluginManage:359 - Loaded plugin userauth (category:base,tabindex:14)
2023-12-04 12:09:57,574 [INFO] PluginManage:283 - PluginManage : Loaded plugins [17]
2023-12-04 12:09:57,950 [INFO] PinOutPanel:1499 - setPackage(No Configuration,No Configuration)
2023-12-04 12:09:58,137 [INFO] CADModel:165 - CPN selected for project level
2023-12-04 12:09:58,137 [INFO] CADModel:114 - Register for checkConnection events
2023-12-04 12:09:58,176 [INFO] IPUIPlugin:80 - create IPUIPlugin
2023-12-04 12:09:58,176 [INFO] PluginManager:220 - loadIPPluginJar : add adc
2023-12-04 12:09:58,228 [INFO] IPUIPlugin:80 - create IPUIPlugin
2023-12-04 12:09:58,229 [INFO] PluginManager:220 - loadIPPluginJar : add aes
2023-12-04 12:09:58,290 [INFO] IPUIPlugin:80 - create IPUIPlugin
2023-12-04 12:09:58,290 [INFO] PluginManager:220 - loadIPPluginJar : add can
2023-12-04 12:09:58,325 [INFO] IPUIPlugin:80 - create IPUIPlugin
2023-12-04 12:09:58,325 [INFO] PluginManager:220 - loadIPPluginJar : add comp
2023-12-04 12:09:58,387 [INFO] IPUIPlugin:80 - create IPUIPlugin
2023-12-04 12:09:58,388 [INFO] PluginManager:220 - loadIPPluginJar : add cryp
2023-12-04 12:09:58,434 [INFO] IPUIPlugin:80 - create IPUIPlugin
2023-12-04 12:09:58,434 [INFO] PluginManager:220 - loadIPPluginJar : add dfsdm
2023-12-04 12:09:58,454 [INFO] IPUIPlugin:80 - create IPUIPlugin
2023-12-04 12:09:58,455 [INFO] PluginManager:220 - loadIPPluginJar : add dma
2023-12-04 12:09:58,520 [INFO] IPUIPlugin:80 - create IPUIPlugin
2023-12-04 12:09:58,521 [INFO] PluginManager:220 - loadIPPluginJar : add dma3
2023-12-04 12:09:58,552 [INFO] IPUIPlugin:80 - create IPUIPlugin
2023-12-04 12:09:58,552 [INFO] PluginManager:220 - loadIPPluginJar : add fatfs
2023-12-04 12:09:58,623 [INFO] IPUIPlugin:80 - create IPUIPlugin
2023-12-04 12:09:58,624 [INFO] PluginManager:220 - loadIPPluginJar : add fmc
2023-12-04 12:09:58,653 [INFO] IPUIPlugin:80 - create IPUIPlugin
2023-12-04 12:09:58,653 [INFO] PluginManager:220 - loadIPPluginJar : add freertos
2023-12-04 12:09:58,687 [INFO] IPUIPlugin:80 - create IPUIPlugin
2023-12-04 12:09:58,687 [INFO] PluginManager:220 - loadIPPluginJar : add genericplugin
2023-12-04 12:09:58,857 [INFO] IPUIPlugin:80 - create IPUIPlugin
2023-12-04 12:09:58,857 [INFO] PluginManager:220 - loadIPPluginJar : add gfxmmu
2023-12-04 12:09:59,051 [INFO] IPUIPlugin:80 - create IPUIPlugin
2023-12-04 12:09:59,052 [INFO] PluginManager:220 - loadIPPluginJar : add gic
2023-12-04 12:09:59,076 [INFO] IPUIPlugin:80 - create IPUIPlugin
2023-12-04 12:09:59,076 [INFO] PluginManager:220 - loadIPPluginJar : add gpio
2023-12-04 12:09:59,221 [INFO] IPUIPlugin:80 - create IPUIPlugin
2023-12-04 12:09:59,221 [INFO] PluginManager:220 - loadIPPluginJar : add gtzc
2023-12-04 12:09:59,272 [INFO] IPUIPlugin:80 - create IPUIPlugin
2023-12-04 12:09:59,272 [INFO] PluginManager:220 - loadIPPluginJar : add hash
2023-12-04 12:09:59,359 [INFO] IPUIPlugin:80 - create IPUIPlugin
2023-12-04 12:09:59,359 [INFO] PluginManager:220 - loadIPPluginJar : add i2c
2023-12-04 12:09:59,424 [INFO] IPUIPlugin:80 - create IPUIPlugin
2023-12-04 12:09:59,424 [INFO] PluginManager:220 - loadIPPluginJar : add i2s
2023-12-04 12:09:59,485 [INFO] IPUIPlugin:80 - create IPUIPlugin
2023-12-04 12:09:59,485 [INFO] PluginManager:220 - loadIPPluginJar : add i3c
2023-12-04 12:09:59,676 [INFO] IPUIPlugin:80 - create IPUIPlugin
2023-12-04 12:09:59,676 [INFO] PluginManager:220 - loadIPPluginJar : add ipddr
2023-12-04 12:09:59,842 [INFO] IPUIPlugin:80 - create IPUIPlugin
2023-12-04 12:09:59,842 [INFO] PluginManager:220 - loadIPPluginJar : add linkedlist
2023-12-04 12:09:59,917 [INFO] IPUIPlugin:80 - create IPUIPlugin
2023-12-04 12:09:59,917 [INFO] PluginManager:220 - loadIPPluginJar : add lorawan
2023-12-04 12:09:59,988 [INFO] IPUIPlugin:80 - create IPUIPlugin
2023-12-04 12:09:59,988 [INFO] PluginManager:220 - loadIPPluginJar : add ltdc
2023-12-04 12:10:00,014 [INFO] IPUIPlugin:80 - create IPUIPlugin
2023-12-04 12:10:00,015 [INFO] PluginManager:220 - loadIPPluginJar : add mdma
2023-12-04 12:10:00,033 [INFO] IPUIPlugin:80 - create IPUIPlugin
2023-12-04 12:10:00,034 [INFO] PluginManager:220 - loadIPPluginJar : add nvic
2023-12-04 12:10:00,094 [INFO] IPUIPlugin:80 - create IPUIPlugin
2023-12-04 12:10:00,094 [INFO] PluginManager:220 - loadIPPluginJar : add opamp
2023-12-04 12:10:00,151 [INFO] ThirdPartyUpdaterWithRetryManager:70 - Updater plugin not ready yet. [2/15]
2023-12-04 12:10:00,204 [INFO] IPUIPlugin:80 - create IPUIPlugin
2023-12-04 12:10:00,204 [INFO] PluginManager:220 - loadIPPluginJar : add openamp
2023-12-04 12:10:00,289 [INFO] IPUIPlugin:80 - create IPUIPlugin
2023-12-04 12:10:00,289 [INFO] PluginManager:220 - loadIPPluginJar : add pdm2pcm
2023-12-04 12:10:00,324 [INFO] IPUIPlugin:80 - create IPUIPlugin
2023-12-04 12:10:00,329 [INFO] PluginManager:220 - loadIPPluginJar : add plateformsettings
2023-12-04 12:10:00,382 [INFO] IPUIPlugin:80 - create IPUIPlugin
2023-12-04 12:10:00,382 [INFO] PluginManager:220 - loadIPPluginJar : add quadspi
2023-12-04 12:10:00,407 [INFO] IPUIPlugin:80 - create IPUIPlugin
2023-12-04 12:10:00,407 [INFO] PluginManager:220 - loadIPPluginJar : add resmgrutility
2023-12-04 12:10:00,502 [INFO] IPUIPlugin:80 - create IPUIPlugin
2023-12-04 12:10:00,502 [INFO] PluginManager:220 - loadIPPluginJar : add sai
2023-12-04 12:10:00,563 [INFO] IPUIPlugin:80 - create IPUIPlugin
2023-12-04 12:10:00,563 [INFO] PluginManager:220 - loadIPPluginJar : add spi
2023-12-04 12:10:00,670 [INFO] IPUIPlugin:80 - create IPUIPlugin
2023-12-04 12:10:00,670 [INFO] PluginManager:220 - loadIPPluginJar : add stm32_wpan
2023-12-04 12:10:00,719 [INFO] IPUIPlugin:80 - create IPUIPlugin
2023-12-04 12:10:00,719 [INFO] PluginManager:220 - loadIPPluginJar : add tim
2023-12-04 12:10:00,840 [INFO] IPUIPlugin:80 - create IPUIPlugin
2023-12-04 12:10:00,841 [INFO] PluginManager:220 - loadIPPluginJar : add touchsensing
2023-12-04 12:10:00,891 [INFO] IPUIPlugin:80 - create IPUIPlugin
2023-12-04 12:10:00,891 [INFO] PluginManager:220 - loadIPPluginJar : add tracer_emb
2023-12-04 12:10:00,935 [INFO] IPUIPlugin:80 - create IPUIPlugin
2023-12-04 12:10:00,936 [INFO] PluginManager:220 - loadIPPluginJar : add ts
2023-12-04 12:10:00,982 [INFO] IPUIPlugin:80 - create IPUIPlugin
2023-12-04 12:10:00,982 [INFO] PluginManager:220 - loadIPPluginJar : add tsc
2023-12-04 12:10:01,026 [INFO] IPUIPlugin:80 - create IPUIPlugin
2023-12-04 12:10:01,026 [INFO] PluginManager:220 - loadIPPluginJar : add ucpd
2023-12-04 12:10:01,116 [INFO] IPUIPlugin:80 - create IPUIPlugin
2023-12-04 12:10:01,116 [INFO] PluginManager:220 - loadIPPluginJar : add usart
2023-12-04 12:10:01,248 [INFO] IPUIPlugin:80 - create IPUIPlugin
2023-12-04 12:10:01,249 [INFO] PluginManager:220 - loadIPPluginJar : add usbx
2023-12-04 12:10:01,429 [INFO] CADModel:165 - CPN selected for project level
2023-12-04 12:10:01,429 [INFO] CADModel:114 - Register for checkConnection events
2023-12-04 12:10:01,430 [FATAL] Updater:308 - Updater called before beeing initialized
2023-12-04 12:10:01,430 [ERROR] CADModel:125 - Updater not yet initialized, retry later 
2023-12-04 12:10:01,756 [INFO] CADModel:165 - CPN selected for project level
2023-12-04 12:10:01,757 [INFO] CADModel:114 - Register for checkConnection events
2023-12-04 12:10:01,757 [FATAL] Updater:308 - Updater called before beeing initialized
2023-12-04 12:10:01,757 [ERROR] CADModel:125 - Updater not yet initialized, retry later 
2023-12-04 12:10:01,764 [FATAL] Updater:308 - Updater called before beeing initialized
2023-12-04 12:10:01,985 [FATAL] Updater:308 - Updater called before beeing initialized
2023-12-04 12:10:02,016 [INFO] DbMcusAds:53 - JSON generation date=Wed Nov 29 05:52:38 EST 2023 (1701255158764)
2023-12-04 12:10:02,016 [FATAL] Updater:308 - Updater called before beeing initialized
2023-12-04 12:10:02,100 [WARN] DetailPanel:346 - Failed to get advertising image, set to default
2023-12-04 12:10:02,319 [FATAL] Updater:308 - Updater called before beeing initialized
2023-12-04 12:10:02,322 [FATAL] Updater:308 - Updater called before beeing initialized
2023-12-04 12:10:02,322 [FATAL] Updater:308 - Updater called before beeing initialized
2023-12-04 12:10:02,322 [WARN] DetailPanel:346 - Failed to get advertising image, set to default
2023-12-04 12:10:02,325 [FATAL] Updater:308 - Updater called before beeing initialized
2023-12-04 12:10:02,464 [ERROR] Updater:1120 - MainUpdater not yet initialized. External WinMGr cannot be set.
2023-12-04 12:10:02,482 [INFO] Updater:1056 - Updater Version found : 6.9.2
2023-12-04 12:10:02,517 [INFO] ApplicationProperties:184 - Using Application install path: C:\ST\STM32CubeIDE_1.13.1\STM32CubeIDE\plugins\com.st.stm32cube.common.mx_6.9.2.202309101412
2023-12-04 12:10:03,024 [INFO] MainUpdater:2868 - connection check result : 10
2023-12-04 12:10:03,025 [INFO] MainUpdater:285 - Updater Check For Update Now.
2023-12-04 12:10:03,025 [INFO] MicroXplorer:498 - Change Database Version : DB.6.0.92
2023-12-04 12:10:03,053 [INFO] McuFinderGlobals:63 - Set McuFinder mode to 2 (CubeIDE integrated)
2023-12-04 12:10:03,152 [WARN] MainUpdater:1189 - Updater busy. Cannot search thirdparties
2023-12-04 12:10:03,152 [INFO] ThirdPartyUpdaterWithRetryManager:96 - Updater plugin is busy. [1/15]
2023-12-04 12:10:03,297 [INFO] CheckServerUpdateThread:120 - End of CheckServer Thread
2023-12-04 12:10:06,491 [WARN] PackLoader:240 - Cannot read IP mode file for STMicroelectronics.X-CUBE-SMBUS.2.1.0
2023-12-04 12:10:06,595 [WARN] PackLoader:240 - Cannot read IP mode file for STMicroelectronics.X-CUBE-AZRTOS-F7.1.1.0
2023-12-04 12:10:06,633 [WARN] PackLoader:240 - Cannot read IP mode file for STMicroelectronics.FP-SNS-MOTENV1.4.3.2
2023-12-04 12:10:06,660 [WARN] PackLoader:240 - Cannot read IP mode file for STMicroelectronics.FP-SNS-FLIGHT1.5.0.2
2023-12-04 12:10:06,688 [WARN] PackLoader:240 - Cannot read IP mode file for STMicroelectronics.X-CUBE-DISPLAY.3.0.0
2023-12-04 12:10:06,727 [WARN] PackLoader:240 - Cannot read IP mode file for STMicroelectronics.X-CUBE-BLE1.7.0.0
2023-12-04 12:10:06,749 [WARN] PackLoader:240 - Cannot read IP mode file for emotas.I-CUBE-CANOPEN.1.3.0
2023-12-04 12:10:06,769 [WARN] PackLoader:240 - Cannot read IP mode file for STMicroelectronics.X-CUBE-TOUCHGFX.4.22.0
2023-12-04 12:10:06,785 [WARN] PackLoader:240 - Cannot read IP mode file for STMicroelectronics.X-CUBE-TOUCHGFX.4.22.1
2023-12-04 12:10:06,804 [WARN] PackLoader:240 - Cannot read IP mode file for STMicroelectronics.FP-SNS-SMARTAG2.1.2.0
2023-12-04 12:10:06,839 [INFO] LogOutputStream:77 - [STDOUT_REDIRECT] 1 : Invalid condition id : UX_CORESTACK_Condition cause : null
2023-12-04 12:10:06,840 [INFO] LogOutputStream:77 - [STDOUT_REDIRECT] 1 : Invalid condition id : UX_CORESTACK_Condition cause : null
2023-12-04 12:10:06,842 [INFO] LogOutputStream:77 - [STDOUT_REDIRECT] 1 : Invalid condition id : UX_CORESTACK_Condition cause : null
2023-12-04 12:10:06,844 [INFO] LogOutputStream:77 - [STDOUT_REDIRECT] 1 : Invalid condition id : UX_CORESTACK_Condition cause : null
2023-12-04 12:10:06,845 [INFO] LogOutputStream:77 - [STDOUT_REDIRECT] 1 : Invalid condition id : UX_CORESTACK_Condition cause : null
2023-12-04 12:10:06,853 [WARN] PackLoader:240 - Cannot read IP mode file for STMicroelectronics.X-CUBE-AZRTOS-WL.2.0.0
2023-12-04 12:10:06,879 [WARN] PackLoader:240 - Cannot read IP mode file for WES.I-CUBE-Cesium.1.3.0
2023-12-04 12:10:06,897 [WARN] PackLoader:240 - Cannot read IP mode file for STMicroelectronics.X-CUBE-BLE2.3.3.0
2023-12-04 12:10:06,921 [WARN] PackLoader:240 - Cannot read IP mode file for STMicroelectronics.X-CUBE-ALGOBUILD.1.3.0
2023-12-04 12:10:06,970 [WARN] PackLoader:240 - Cannot read IP mode file for STMicroelectronics.X-CUBE-AZRTOS-G0.1.1.0
2023-12-04 12:10:07,007 [WARN] PackLoader:240 - Cannot read IP mode file for STMicroelectronics.X-CUBE-NFC4.3.0.0
2023-12-04 12:10:07,045 [WARN] PackLoader:240 - Cannot read IP mode file for STMicroelectronics.X-CUBE-BLEMGR.3.0.0
2023-12-04 12:10:07,066 [WARN] PackLoader:240 - Cannot read IP mode file for STMicroelectronics.FP-ATR-SIGFOX1.3.2.0
2023-12-04 12:10:07,118 [WARN] PackLoader:240 - Cannot read IP mode file for SEGGER.I-CUBE-embOS.1.3.1
2023-12-04 12:10:07,193 [WARN] PackLoader:240 - Cannot read IP mode file for STMicroelectronics.X-CUBE-GNSS1.6.0.0
2023-12-04 12:10:07,234 [WARN] PackLoader:240 - Cannot read IP mode file for STMicroelectronics.X-CUBE-AZRTOS-F4.1.1.0
2023-12-04 12:10:07,255 [WARN] PackLoader:240 - Cannot read IP mode file for wolfSSL.I-CUBE-wolfSSL.5.6.3
2023-12-04 12:10:07,297 [WARN] PackLoader:240 - Cannot read IP mode file for STMicroelectronics.X-CUBE-AZRTOS-L5.2.0.0
2023-12-04 12:10:07,375 [WARN] PackLoader:240 - Cannot read IP mode file for STMicroelectronics.X-CUBE-MEMS1.9.6.0
2023-12-04 12:10:07,629 [WARN] PackLoader:240 - Cannot read IP mode file for STMicroelectronics.X-CUBE-EEPRMA1.4.2.0
2023-12-04 12:10:07,649 [WARN] PackLoader:240 - Cannot read IP mode file for ITTIA_DB.I-CUBE-ITTIADB.8.8.0
2023-12-04 12:10:07,671 [WARN] PackLoader:240 - Cannot read IP mode file for STMicroelectronics.X-CUBE-BLEMGR.2.0.0
2023-12-04 12:10:07,712 [WARN] ConditionMgr:438 - getConditionDescription Invalid condition id : UX DEVICE CLASS RTOS Condition cause : null
2023-12-04 12:10:07,713 [WARN] ConditionMgr:438 - getConditionDescription Invalid condition id : UX DEVICE CLASS RTOS Condition cause : null
2023-12-04 12:10:07,725 [WARN] PackLoader:240 - Cannot read IP mode file for STMicroelectronics.X-CUBE-AZRTOS-H7.3.1.0
2023-12-04 12:10:07,727 [WARN] ConditionMgr:1039 - genDependencies : Invalid condition id : UX DEVICE CLASS RTOS Condition cause : null
2023-12-04 12:10:07,727 [WARN] ConditionMgr:1039 - genDependencies : Invalid condition id : UX DEVICE CLASS RTOS Condition cause : null
2023-12-04 12:10:07,728 [WARN] ConditionMgr:1039 - genDependencies : Invalid condition id : UX DEVICE CLASS RTOS Condition cause : null
2023-12-04 12:10:07,728 [WARN] ConditionMgr:1039 - genDependencies : Invalid condition id : UX DEVICE CLASS RTOS Condition cause : null
2023-12-04 12:10:07,728 [WARN] ConditionMgr:1039 - genDependencies : Invalid condition id : UX DEVICE CLASS RTOS Condition cause : null
2023-12-04 12:10:07,748 [WARN] PackLoader:240 - Cannot read IP mode file for STMicroelectronics.X-CUBE-NFC7.1.0.1
2023-12-04 12:10:07,769 [WARN] PackLoader:240 - Cannot read IP mode file for STMicroelectronics.X-CUBE-NFC6.3.0.0
2023-12-04 12:10:07,790 [WARN] PackLoader:240 - Cannot read IP mode file for STMicroelectronics.X-CUBE-EEPRMA1.4.1.0
2023-12-04 12:10:07,808 [WARN] PackLoader:240 - Cannot read IP mode file for STMicroelectronics.X-CUBE-AI.8.1.0
2023-12-04 12:10:07,849 [WARN] ConditionMgr:438 - getConditionDescription Invalid condition id : LAN8742 Phy interface Condition cause : null
2023-12-04 12:10:07,850 [WARN] PackLoader:240 - Cannot read IP mode file for STMicroelectronics.X-CUBE-AZRTOS-L4.2.0.0
2023-12-04 12:10:07,851 [WARN] ConditionMgr:1039 - genDependencies : Invalid condition id : LAN8742 Phy interface Condition cause : null
2023-12-04 12:10:07,851 [WARN] ConditionMgr:1039 - genDependencies : Invalid condition id : LAN8742 Phy interface Condition cause : null
2023-12-04 12:10:07,852 [WARN] ConditionMgr:1039 - genDependencies : Invalid condition id : LAN8742 Phy interface Condition cause : null
2023-12-04 12:10:07,872 [WARN] PackLoader:240 - Cannot read IP mode file for STMicroelectronics.X-CUBE-SFXS2LP1.4.0.0
2023-12-04 12:10:07,890 [WARN] PackLoader:240 - Cannot read IP mode file for STMicroelectronics.X-CUBE-ISPU.1.1.0
2023-12-04 12:10:07,924 [WARN] ConditionMgr:438 - getConditionDescription Invalid condition id : UX DEVICE CLASS RTOS Condition cause : null
2023-12-04 12:10:07,925 [WARN] ConditionMgr:438 - getConditionDescription Invalid condition id : UX DEVICE CLASS RTOS Condition cause : null
2023-12-04 12:10:07,928 [WARN] PackLoader:240 - Cannot read IP mode file for STMicroelectronics.X-CUBE-AZRTOS-WB.2.0.0
2023-12-04 12:10:07,928 [WARN] ConditionMgr:1039 - genDependencies : Invalid condition id : UX DEVICE CLASS RTOS Condition cause : null
2023-12-04 12:10:07,928 [WARN] ConditionMgr:1039 - genDependencies : Invalid condition id : UX DEVICE CLASS RTOS Condition cause : null
2023-12-04 12:10:07,929 [WARN] ConditionMgr:1039 - genDependencies : Invalid condition id : UX DEVICE CLASS RTOS Condition cause : null
2023-12-04 12:10:07,929 [WARN] ConditionMgr:1039 - genDependencies : Invalid condition id : UX DEVICE CLASS RTOS Condition cause : null
2023-12-04 12:10:07,929 [WARN] ConditionMgr:1039 - genDependencies : Invalid condition id : UX DEVICE CLASS RTOS Condition cause : null
2023-12-04 12:10:07,957 [WARN] PackLoader:240 - Cannot read IP mode file for STMicroelectronics.X-CUBE-SUBG2.5.0.0
2023-12-04 12:10:07,987 [WARN] PackLoader:240 - Cannot read IP mode file for STMicroelectronics.X-CUBE-TOF1.3.3.1
2023-12-04 12:10:08,032 [WARN] PackLoader:240 - Cannot read IP mode file for STMicroelectronics.X-CUBE-AZRTOS-G4.2.0.0
2023-12-04 12:10:08,070 [WARN] PackLoader:240 - Cannot read IP mode file for Infineon.AIROC-Wi-Fi-Bluetooth-STM32.1.5.1
2023-12-04 12:10:08,094 [WARN] PackLoader:240 - Cannot read IP mode file for STMicroelectronics.FP-SNS-MOTENVWB1.1.3.0
2023-12-04 12:10:08,110 [WARN] PackLoader:240 - Cannot read IP mode file for STMicroelectronics.FP-SNS-MOTENVWB1.1.3.1
2023-12-04 12:10:08,202 [WARN] PackLoader:240 - Cannot read IP mode file for STMicroelectronics.X-CUBE-MEMS1.10.0.0
2023-12-04 12:10:08,399 [WARN] PackLoader:240 - Cannot read IP mode file for STMicroelectronics.X-CUBE-FREERTOS.1.1.0
2023-12-04 12:10:08,421 [WARN] PackLoader:240 - Cannot read IP mode file for portGmbH.I-Cube-SoM-uGOAL.1.1.0
2023-12-04 12:10:08,446 [WARN] PackLoader:240 - Cannot read IP mode file for STMicroelectronics.X-CUBE-ALS.1.0.1
2023-12-04 12:10:08,467 [WARN] PackLoader:240 - Cannot read IP mode file for STMicroelectronics.FP-ATR-ASTRA1.2.0.0
2023-12-04 12:10:08,504 [WARN] PackLoader:240 - Cannot read IP mode file for STMicroelectronics.X-CUBE-TOF1.3.4.0
2023-12-04 12:10:08,522 [INFO] ThirdParty:978 - Integrity check success = true
2023-12-04 12:10:08,522 [INFO] IntegrityCheckThread:100 - exiting critical section [integrity check]
2023-12-04 12:10:08,522 [INFO] IntegrityCheckThread:103 - End integrity checks thread
2023-12-04 12:10:14,138 [ERROR] LogOutputStream:75 - [STDERR_REDIRECT] SLF4J: Failed to load class "org.slf4j.impl.StaticLoggerBinder".
2023-12-04 12:10:14,139 [ERROR] LogOutputStream:75 - [STDERR_REDIRECT] SLF4J: Defaulting to no-operation (NOP) logger implementation
2023-12-04 12:10:14,141 [ERROR] LogOutputStream:75 - [STDERR_REDIRECT] SLF4J: See http://www.slf4j.org/codes.html#StaticLoggerBinder for further details.
