2023-11-12 13:07:11,843 [INFO] Activator:176 - 


2023-11-12 13:07:11,854 [INFO] Activator:177 - !SESSION log4j initialized
2023-11-12 13:07:21,634 [INFO] LogOutputStream:77 - [STDOUT_REDIRECT] 
2023-11-12 13:07:24,456 [INFO] ApplicationProperties:184 - Using Application install path: C:\ST\STM32CubeIDE_1.13.1\STM32CubeIDE\plugins\com.st.stm32cube.common.mx_6.9.1.202307191849
2023-11-12 13:07:24,493 [INFO] DbMcusXml:78 - Set database path to: C:\ST\STM32CubeIDE_1.13.1\STM32CubeIDE\plugins\com.st.stm32cube.common.mx_6.9.1.202307191849\\db\/mcu/
2023-11-12 13:07:24,493 [INFO] ApiDb:274 - Set plugin database path to: C:\ST\STM32CubeIDE_1.13.1\STM32CubeIDE\plugins\com.st.stm32cube.common.mx_6.9.1.202307191849\\db\/plugins/boardmanager/
2023-11-12 13:07:24,494 [WARN] ApiDb:259 - Overriding images path with different value:  => C:\ST\STM32CubeIDE_1.13.1\STM32CubeIDE\plugins\com.st.stm32cube.common.mx_6.9.1.202307191849\\db\/plugins/mcufinder/images/
2023-11-12 13:07:24,512 [INFO] ApiDb:250 - Set database path to: C:\Users\ndib8\.stmcufinder\plugins\mcufinder//mcu/
2023-11-12 13:07:24,514 [INFO] DbMcusAds:125 - Set database path to: C:\Users\ndib8\.stmcufinder\plugins\mcufinder//mcu/
2023-11-12 13:07:24,518 [INFO] CrossReferenceDbSqlite:203 - Set database path to: C:\Users\ndib8\.stmcufinder\plugins\mcufinder//mcu/cs/
2023-11-12 13:07:24,722 [INFO] RulesReader:64 - Compatibility file has been processed (293 Rules)
2023-11-12 13:07:24,887 [INFO] DbMcusXml:78 - Set database path to: C:\ST\STM32CubeIDE_1.13.1\STM32CubeIDE\plugins\com.st.stm32cube.common.mx_6.9.1.202307191849\\db\/mcu/
2023-11-12 13:07:24,887 [INFO] ApiDb:274 - Set plugin database path to: C:\ST\STM32CubeIDE_1.13.1\STM32CubeIDE\plugins\com.st.stm32cube.common.mx_6.9.1.202307191849\\db\/plugins/boardmanager/
2023-11-12 13:07:24,887 [INFO] ApiDb:261 - Set plugin images path to: C:\ST\STM32CubeIDE_1.13.1\STM32CubeIDE\plugins\com.st.stm32cube.common.mx_6.9.1.202307191849\\db\/plugins/mcufinder/images/
2023-11-12 13:07:24,888 [WARN] DbFile:41 - Overriding database path with different value: C:\Users\ndib8\.stmcufinder\plugins\mcufinder/ => C:\Users\ndib8\.stmcufinder\plugins\mcufinder
2023-11-12 13:07:24,888 [INFO] ApiDb:250 - Set database path to: C:\Users\ndib8\.stmcufinder\plugins\mcufinder//mcu/
2023-11-12 13:07:24,888 [WARN] DbFile:41 - Overriding database path with different value: C:\Users\ndib8\.stmcufinder\plugins\mcufinder/ => C:\Users\ndib8\.stmcufinder\plugins\mcufinder
2023-11-12 13:07:24,888 [INFO] DbMcusAds:125 - Set database path to: C:\Users\ndib8\.stmcufinder\plugins\mcufinder//mcu/
2023-11-12 13:07:24,888 [WARN] DbFile:41 - Overriding database path with different value: C:\Users\ndib8\.stmcufinder\plugins\mcufinder/ => C:\Users\ndib8\.stmcufinder\plugins\mcufinder
2023-11-12 13:07:24,889 [WARN] DbFile:41 - Overriding database path with different value: C:\Users\ndib8\.stmcufinder\plugins\mcufinder/ => C:\Users\ndib8\.stmcufinder\plugins\mcufinder
2023-11-12 13:07:24,889 [INFO] CrossReferenceDbSqlite:203 - Set database path to: C:\Users\ndib8\.stmcufinder\plugins\mcufinder//mcu/cs/
2023-11-12 13:07:25,036 [INFO] MainPanel:262 - HeapMemory: 268435456
2023-11-12 13:07:25,210 [INFO] DbMcusXml:78 - Set database path to: C:\ST\STM32CubeIDE_1.13.1\STM32CubeIDE\plugins\com.st.stm32cube.common.mx_6.9.1.202307191849\\db\/mcu/
2023-11-12 13:07:25,211 [INFO] ApiDb:274 - Set plugin database path to: C:\ST\STM32CubeIDE_1.13.1\STM32CubeIDE\plugins\com.st.stm32cube.common.mx_6.9.1.202307191849\\db\/plugins/boardmanager/
2023-11-12 13:07:25,211 [INFO] ApiDb:261 - Set plugin images path to: C:\ST\STM32CubeIDE_1.13.1\STM32CubeIDE\plugins\com.st.stm32cube.common.mx_6.9.1.202307191849\\db\/plugins/mcufinder/images/
2023-11-12 13:07:25,212 [WARN] DbFile:41 - Overriding database path with different value: C:\Users\ndib8\.stmcufinder\plugins\mcufinder/ => C:\Users\ndib8\.stmcufinder\plugins\mcufinder
2023-11-12 13:07:25,212 [INFO] ApiDb:250 - Set database path to: C:\Users\ndib8\.stmcufinder\plugins\mcufinder//mcu/
2023-11-12 13:07:25,212 [WARN] DbFile:41 - Overriding database path with different value: C:\Users\ndib8\.stmcufinder\plugins\mcufinder/ => C:\Users\ndib8\.stmcufinder\plugins\mcufinder
2023-11-12 13:07:25,212 [INFO] DbMcusAds:125 - Set database path to: C:\Users\ndib8\.stmcufinder\plugins\mcufinder//mcu/
2023-11-12 13:07:25,213 [WARN] DbFile:41 - Overriding database path with different value: C:\Users\ndib8\.stmcufinder\plugins\mcufinder/ => C:\Users\ndib8\.stmcufinder\plugins\mcufinder
2023-11-12 13:07:25,213 [WARN] DbFile:41 - Overriding database path with different value: C:\Users\ndib8\.stmcufinder\plugins\mcufinder/ => C:\Users\ndib8\.stmcufinder\plugins\mcufinder
2023-11-12 13:07:25,213 [INFO] CrossReferenceDbSqlite:203 - Set database path to: C:\Users\ndib8\.stmcufinder\plugins\mcufinder//mcu/cs/
2023-11-12 13:07:25,253 [INFO] ApplicationProperties:184 - Using Application install path: C:\ST\STM32CubeIDE_1.13.1\STM32CubeIDE\plugins\com.st.stm32cube.common.mx_6.9.1.202307191849
2023-11-12 13:07:25,255 [INFO] PluginManage:196 - Search for loadable plugins [exclusion list=, ]
2023-11-12 13:07:25,257 [INFO] PluginManage:310 - Check plugin analytics
2023-11-12 13:07:25,561 [INFO] AnalyticsPlugin:253 - Accepted Software Licenses: 
2023-11-12 13:07:25,561 [INFO] AnalyticsPlugin:255 - Accepted CMSIS Pack Licenses: 
2023-11-12 13:07:25,561 [INFO] AnalyticsPlugin:257 - Accepted Firmware Licenses: FW.L4.1.18.0
2023-11-12 13:07:25,567 [INFO] PluginManage:359 - Loaded plugin analytics (category:tool,tabindex:-1)
2023-11-12 13:07:25,568 [INFO] PluginManage:310 - Check plugin cadmodel
2023-11-12 13:07:25,593 [INFO] CADModel:105 - Init CAD model plugin
2023-11-12 13:07:25,593 [INFO] PluginManage:359 - Loaded plugin cadmodel (category:power,tabindex:5)
2023-11-12 13:07:25,594 [INFO] PluginManage:310 - Check plugin clock
2023-11-12 13:07:25,629 [INFO] PluginManage:359 - Loaded plugin clock (category:base,tabindex:2)
2023-11-12 13:07:25,629 [INFO] PluginManage:310 - Check plugin ddr
2023-11-12 13:07:25,632 [INFO] PluginManage:359 - Loaded plugin ddr (category:tool,tabindex:6)
2023-11-12 13:07:25,633 [INFO] PluginManage:310 - Check plugin filemanager
2023-11-12 13:07:25,860 [INFO] PluginManage:359 - Loaded plugin filemanager (category:base,tabindex:10)
2023-11-12 13:07:25,860 [INFO] PluginManage:310 - Check plugin ipmanager
2023-11-12 13:07:25,875 [INFO] PluginManage:359 - Loaded plugin ipmanager (category:base,tabindex:5)
2023-11-12 13:07:25,876 [INFO] PluginManage:310 - Check plugin lpbam
2023-11-12 13:07:25,902 [INFO] PluginManage:359 - Loaded plugin lpbam (category:base,tabindex:0)
2023-11-12 13:07:25,903 [INFO] PluginManage:310 - Check plugin memorymap
2023-11-12 13:07:25,946 [INFO] PluginManage:359 - Loaded plugin memorymap (category:base,tabindex:4)
2023-11-12 13:07:25,946 [INFO] PluginManage:310 - Check plugin pinoutandconfiguration
2023-11-12 13:07:25,983 [INFO] PluginManage:359 - Loaded plugin pinoutandconfiguration (category:base,tabindex:1)
2023-11-12 13:07:25,983 [INFO] PluginManage:310 - Check plugin pinoutconfig
2023-11-12 13:07:26,164 [WARN] SupportedApi:132 - Cannot load RTOS API schema: s4s-elt-must-match.1: The content of 'definitions' must match (annotation?, (simpleType | complexType)?, (unique | key | keyref)*)). A problem was found starting at: attribute.
2023-11-12 13:07:26,397 [INFO] PluginManage:359 - Loaded plugin pinoutconfig (category:base,tabindex:0)
2023-11-12 13:07:26,398 [INFO] PluginManage:310 - Check plugin power
2023-11-12 13:07:26,433 [INFO] PluginManage:359 - Loaded plugin power (category:power,tabindex:4)
2023-11-12 13:07:26,433 [INFO] PluginManage:310 - Check plugin projectmanager
2023-11-12 13:07:26,457 [INFO] PluginManage:359 - Loaded plugin projectmanager (category:projectmanager,tabindex:3)
2023-11-12 13:07:26,457 [INFO] PluginManage:310 - Check plugin thirdparty
2023-11-12 13:07:26,896 [INFO] PluginManage:359 - Loaded plugin thirdparty (category:base,tabindex:-1)
2023-11-12 13:07:26,896 [WARN] IntegrityCheckThread:84 - waiting for thirdparty lock release [integrity check]
2023-11-12 13:07:26,896 [INFO] PluginManage:310 - Check plugin tools
2023-11-12 13:07:26,896 [INFO] IntegrityCheckThread:86 - entering critical section [integrity check]
2023-11-12 13:07:26,898 [INFO] ThirdPartyUpdaterWithRetryManager:70 - Updater plugin not ready yet. [1/15]
2023-11-12 13:07:26,947 [INFO] PluginManage:359 - Loaded plugin tools (category:base,tabindex:7)
2023-11-12 13:07:26,948 [INFO] PluginManage:310 - Check plugin tutovideos
2023-11-12 13:07:27,305 [INFO] PluginManage:359 - Loaded plugin tutovideos (category:base,tabindex:-1)
2023-11-12 13:07:27,305 [INFO] PluginManage:310 - Check plugin updater
2023-11-12 13:07:27,324 [INFO] PluginManage:359 - Loaded plugin updater (category:base,tabindex:12)
2023-11-12 13:07:27,324 [INFO] PluginManage:310 - Check plugin userauth
2023-11-12 13:07:27,333 [INFO] UserAuth:113 - Init User Auth plugin
2023-11-12 13:07:27,333 [INFO] PluginManage:359 - Loaded plugin userauth (category:base,tabindex:14)
2023-11-12 13:07:27,334 [INFO] PluginManage:283 - PluginManage : Loaded plugins [17]
2023-11-12 13:07:27,715 [INFO] PinOutPanel:1499 - setPackage(No Configuration,No Configuration)
2023-11-12 13:07:27,900 [INFO] CADModel:165 - CPN selected for project level
2023-11-12 13:07:27,900 [INFO] CADModel:114 - Register for checkConnection events
2023-11-12 13:07:27,946 [INFO] IPUIPlugin:80 - create IPUIPlugin
2023-11-12 13:07:27,946 [INFO] PluginManager:220 - loadIPPluginJar : add adc
2023-11-12 13:07:28,003 [INFO] IPUIPlugin:80 - create IPUIPlugin
2023-11-12 13:07:28,003 [INFO] PluginManager:220 - loadIPPluginJar : add aes
2023-11-12 13:07:28,066 [INFO] IPUIPlugin:80 - create IPUIPlugin
2023-11-12 13:07:28,067 [INFO] PluginManager:220 - loadIPPluginJar : add can
2023-11-12 13:07:28,099 [INFO] IPUIPlugin:80 - create IPUIPlugin
2023-11-12 13:07:28,099 [INFO] PluginManager:220 - loadIPPluginJar : add comp
2023-11-12 13:07:28,148 [INFO] IPUIPlugin:80 - create IPUIPlugin
2023-11-12 13:07:28,148 [INFO] PluginManager:220 - loadIPPluginJar : add cryp
2023-11-12 13:07:28,191 [INFO] IPUIPlugin:80 - create IPUIPlugin
2023-11-12 13:07:28,191 [INFO] PluginManager:220 - loadIPPluginJar : add dfsdm
2023-11-12 13:07:28,214 [INFO] IPUIPlugin:80 - create IPUIPlugin
2023-11-12 13:07:28,215 [INFO] PluginManager:220 - loadIPPluginJar : add dma
2023-11-12 13:07:28,276 [INFO] IPUIPlugin:80 - create IPUIPlugin
2023-11-12 13:07:28,277 [INFO] PluginManager:220 - loadIPPluginJar : add dma3
2023-11-12 13:07:28,305 [INFO] IPUIPlugin:80 - create IPUIPlugin
2023-11-12 13:07:28,305 [INFO] PluginManager:220 - loadIPPluginJar : add fatfs
2023-11-12 13:07:28,375 [INFO] IPUIPlugin:80 - create IPUIPlugin
2023-11-12 13:07:28,375 [INFO] PluginManager:220 - loadIPPluginJar : add fmc
2023-11-12 13:07:28,401 [INFO] IPUIPlugin:80 - create IPUIPlugin
2023-11-12 13:07:28,401 [INFO] PluginManager:220 - loadIPPluginJar : add freertos
2023-11-12 13:07:28,431 [INFO] IPUIPlugin:80 - create IPUIPlugin
2023-11-12 13:07:28,432 [INFO] PluginManager:220 - loadIPPluginJar : add genericplugin
2023-11-12 13:07:28,578 [INFO] IPUIPlugin:80 - create IPUIPlugin
2023-11-12 13:07:28,578 [INFO] PluginManager:220 - loadIPPluginJar : add gfxmmu
2023-11-12 13:07:28,774 [INFO] IPUIPlugin:80 - create IPUIPlugin
2023-11-12 13:07:28,774 [INFO] PluginManager:220 - loadIPPluginJar : add gic
2023-11-12 13:07:28,799 [INFO] IPUIPlugin:80 - create IPUIPlugin
2023-11-12 13:07:28,800 [INFO] PluginManager:220 - loadIPPluginJar : add gpio
2023-11-12 13:07:28,935 [INFO] IPUIPlugin:80 - create IPUIPlugin
2023-11-12 13:07:28,936 [INFO] PluginManager:220 - loadIPPluginJar : add gtzc
2023-11-12 13:07:28,980 [INFO] IPUIPlugin:80 - create IPUIPlugin
2023-11-12 13:07:28,981 [INFO] PluginManager:220 - loadIPPluginJar : add hash
2023-11-12 13:07:29,090 [INFO] IPUIPlugin:80 - create IPUIPlugin
2023-11-12 13:07:29,090 [INFO] PluginManager:220 - loadIPPluginJar : add i2c
2023-11-12 13:07:29,165 [INFO] IPUIPlugin:80 - create IPUIPlugin
2023-11-12 13:07:29,165 [INFO] PluginManager:220 - loadIPPluginJar : add i2s
2023-11-12 13:07:29,224 [INFO] IPUIPlugin:80 - create IPUIPlugin
2023-11-12 13:07:29,225 [INFO] PluginManager:220 - loadIPPluginJar : add i3c
2023-11-12 13:07:29,388 [INFO] IPUIPlugin:80 - create IPUIPlugin
2023-11-12 13:07:29,388 [INFO] PluginManager:220 - loadIPPluginJar : add ipddr
2023-11-12 13:07:29,527 [INFO] IPUIPlugin:80 - create IPUIPlugin
2023-11-12 13:07:29,527 [INFO] PluginManager:220 - loadIPPluginJar : add linkedlist
2023-11-12 13:07:29,578 [INFO] IPUIPlugin:80 - create IPUIPlugin
2023-11-12 13:07:29,578 [INFO] PluginManager:220 - loadIPPluginJar : add lorawan
2023-11-12 13:07:29,643 [INFO] IPUIPlugin:80 - create IPUIPlugin
2023-11-12 13:07:29,643 [INFO] PluginManager:220 - loadIPPluginJar : add ltdc
2023-11-12 13:07:29,669 [INFO] IPUIPlugin:80 - create IPUIPlugin
2023-11-12 13:07:29,670 [INFO] PluginManager:220 - loadIPPluginJar : add mdma
2023-11-12 13:07:29,689 [INFO] IPUIPlugin:80 - create IPUIPlugin
2023-11-12 13:07:29,689 [INFO] PluginManager:220 - loadIPPluginJar : add nvic
2023-11-12 13:07:29,742 [INFO] IPUIPlugin:80 - create IPUIPlugin
2023-11-12 13:07:29,742 [INFO] PluginManager:220 - loadIPPluginJar : add opamp
2023-11-12 13:07:29,833 [INFO] IPUIPlugin:80 - create IPUIPlugin
2023-11-12 13:07:29,834 [INFO] PluginManager:220 - loadIPPluginJar : add openamp
2023-11-12 13:07:29,897 [INFO] IPUIPlugin:80 - create IPUIPlugin
2023-11-12 13:07:29,897 [INFO] PluginManager:220 - loadIPPluginJar : add pdm2pcm
2023-11-12 13:07:29,899 [INFO] ThirdPartyUpdaterWithRetryManager:70 - Updater plugin not ready yet. [2/15]
2023-11-12 13:07:29,923 [INFO] IPUIPlugin:80 - create IPUIPlugin
2023-11-12 13:07:29,927 [INFO] PluginManager:220 - loadIPPluginJar : add plateformsettings
2023-11-12 13:07:29,959 [INFO] IPUIPlugin:80 - create IPUIPlugin
2023-11-12 13:07:29,960 [INFO] PluginManager:220 - loadIPPluginJar : add quadspi
2023-11-12 13:07:29,985 [INFO] IPUIPlugin:80 - create IPUIPlugin
2023-11-12 13:07:29,985 [INFO] PluginManager:220 - loadIPPluginJar : add resmgrutility
2023-11-12 13:07:30,060 [INFO] IPUIPlugin:80 - create IPUIPlugin
2023-11-12 13:07:30,060 [INFO] PluginManager:220 - loadIPPluginJar : add sai
2023-11-12 13:07:30,131 [INFO] IPUIPlugin:80 - create IPUIPlugin
2023-11-12 13:07:30,131 [INFO] PluginManager:220 - loadIPPluginJar : add spi
2023-11-12 13:07:30,238 [INFO] IPUIPlugin:80 - create IPUIPlugin
2023-11-12 13:07:30,238 [INFO] PluginManager:220 - loadIPPluginJar : add stm32_wpan
2023-11-12 13:07:30,286 [INFO] IPUIPlugin:80 - create IPUIPlugin
2023-11-12 13:07:30,286 [INFO] PluginManager:220 - loadIPPluginJar : add tim
2023-11-12 13:07:30,377 [INFO] IPUIPlugin:80 - create IPUIPlugin
2023-11-12 13:07:30,377 [INFO] PluginManager:220 - loadIPPluginJar : add touchsensing
2023-11-12 13:07:30,421 [INFO] IPUIPlugin:80 - create IPUIPlugin
2023-11-12 13:07:30,421 [INFO] PluginManager:220 - loadIPPluginJar : add tracer_emb
2023-11-12 13:07:30,462 [INFO] IPUIPlugin:80 - create IPUIPlugin
2023-11-12 13:07:30,462 [INFO] PluginManager:220 - loadIPPluginJar : add ts
2023-11-12 13:07:30,492 [INFO] IPUIPlugin:80 - create IPUIPlugin
2023-11-12 13:07:30,493 [INFO] PluginManager:220 - loadIPPluginJar : add tsc
2023-11-12 13:07:30,526 [INFO] IPUIPlugin:80 - create IPUIPlugin
2023-11-12 13:07:30,527 [INFO] PluginManager:220 - loadIPPluginJar : add ucpd
2023-11-12 13:07:30,624 [INFO] IPUIPlugin:80 - create IPUIPlugin
2023-11-12 13:07:30,624 [INFO] PluginManager:220 - loadIPPluginJar : add usart
2023-11-12 13:07:30,690 [INFO] IPUIPlugin:80 - create IPUIPlugin
2023-11-12 13:07:30,690 [INFO] PluginManager:220 - loadIPPluginJar : add usbx
2023-11-12 13:07:30,843 [INFO] CADModel:165 - CPN selected for project level
2023-11-12 13:07:30,844 [INFO] CADModel:114 - Register for checkConnection events
2023-11-12 13:07:30,844 [FATAL] Updater:308 - Updater called before beeing initialized
2023-11-12 13:07:30,844 [ERROR] CADModel:125 - Updater not yet initialized, retry later 
2023-11-12 13:07:31,129 [INFO] CADModel:165 - CPN selected for project level
2023-11-12 13:07:31,130 [INFO] CADModel:114 - Register for checkConnection events
2023-11-12 13:07:31,130 [FATAL] Updater:308 - Updater called before beeing initialized
2023-11-12 13:07:31,130 [ERROR] CADModel:125 - Updater not yet initialized, retry later 
2023-11-12 13:07:31,135 [FATAL] Updater:308 - Updater called before beeing initialized
2023-11-12 13:07:31,305 [FATAL] Updater:308 - Updater called before beeing initialized
2023-11-12 13:07:31,325 [INFO] DbMcusAds:53 - JSON generation date=Tue Mar 07 03:50:55 EST 2023 (1678179055335)
2023-11-12 13:07:31,325 [FATAL] Updater:308 - Updater called before beeing initialized
2023-11-12 13:07:31,399 [WARN] DetailPanel:346 - Failed to get advertising image, set to default
2023-11-12 13:07:31,611 [FATAL] Updater:308 - Updater called before beeing initialized
2023-11-12 13:07:31,614 [FATAL] Updater:308 - Updater called before beeing initialized
2023-11-12 13:07:31,615 [FATAL] Updater:308 - Updater called before beeing initialized
2023-11-12 13:07:31,615 [WARN] DetailPanel:346 - Failed to get advertising image, set to default
2023-11-12 13:07:31,616 [FATAL] Updater:308 - Updater called before beeing initialized
2023-11-12 13:07:31,754 [ERROR] Updater:1120 - MainUpdater not yet initialized. External WinMGr cannot be set.
2023-11-12 13:07:31,772 [INFO] Updater:1056 - Updater Version found : 6.9.1
2023-11-12 13:07:31,801 [INFO] ApplicationProperties:184 - Using Application install path: C:\ST\STM32CubeIDE_1.13.1\STM32CubeIDE\plugins\com.st.stm32cube.common.mx_6.9.1.202307191849
2023-11-12 13:07:32,330 [INFO] MainUpdater:2868 - connection check result : 10
2023-11-12 13:07:32,331 [INFO] MainUpdater:285 - Updater Check For Update Now.
2023-11-12 13:07:32,331 [INFO] MicroXplorer:498 - Change Database Version : DB.6.0.91
2023-11-12 13:07:32,384 [INFO] McuFinderGlobals:63 - Set McuFinder mode to 2 (CubeIDE integrated)
2023-11-12 13:07:32,385 [INFO] UserAuth:179 - activating auth plugin
2023-11-12 13:07:32,390 [INFO] UserAuth:393 - Internet connection configuration mode: 1
2023-11-12 13:07:32,442 [INFO] JxBrowserEngine:151 - Initiate JxBrowser Engine with user profile folder
2023-11-12 13:07:32,650 [INFO] CheckServerUpdateThread:120 - End of CheckServer Thread
2023-11-12 13:07:33,222 [WARN] PackLoader:240 - Cannot read IP mode file for STMicroelectronics.X-CUBE-SMBUS.2.1.0
2023-11-12 13:07:33,295 [WARN] PackLoader:240 - Cannot read IP mode file for STMicroelectronics.X-CUBE-AZRTOS-F7.1.1.0
2023-11-12 13:07:33,327 [WARN] PackLoader:240 - Cannot read IP mode file for STMicroelectronics.FP-SNS-MOTENV1.4.3.2
2023-11-12 13:07:33,352 [WARN] PackLoader:240 - Cannot read IP mode file for STMicroelectronics.FP-SNS-FLIGHT1.5.0.2
2023-11-12 13:07:33,378 [WARN] PackLoader:240 - Cannot read IP mode file for STMicroelectronics.X-CUBE-DISPLAY.3.0.0
2023-11-12 13:07:33,414 [WARN] PackLoader:240 - Cannot read IP mode file for STMicroelectronics.X-CUBE-BLE1.7.0.0
2023-11-12 13:07:33,436 [WARN] PackLoader:240 - Cannot read IP mode file for emotas.I-CUBE-CANOPEN.1.3.0
2023-11-12 13:07:33,458 [WARN] PackLoader:240 - Cannot read IP mode file for STMicroelectronics.X-CUBE-TOUCHGFX.4.22.0
2023-11-12 13:07:33,476 [WARN] PackLoader:240 - Cannot read IP mode file for STMicroelectronics.X-CUBE-TOUCHGFX.4.22.1
2023-11-12 13:07:33,496 [WARN] PackLoader:240 - Cannot read IP mode file for STMicroelectronics.FP-SNS-SMARTAG2.1.2.0
2023-11-12 13:07:33,536 [INFO] LogOutputStream:77 - [STDOUT_REDIRECT] 1 : Invalid condition id : UX_CORESTACK_Condition cause : null
2023-11-12 13:07:33,537 [INFO] LogOutputStream:77 - [STDOUT_REDIRECT] 1 : Invalid condition id : UX_CORESTACK_Condition cause : null
2023-11-12 13:07:33,539 [INFO] LogOutputStream:77 - [STDOUT_REDIRECT] 1 : Invalid condition id : UX_CORESTACK_Condition cause : null
2023-11-12 13:07:33,540 [INFO] LogOutputStream:77 - [STDOUT_REDIRECT] 1 : Invalid condition id : UX_CORESTACK_Condition cause : null
2023-11-12 13:07:33,542 [INFO] LogOutputStream:77 - [STDOUT_REDIRECT] 1 : Invalid condition id : UX_CORESTACK_Condition cause : null
2023-11-12 13:07:33,547 [WARN] PackLoader:240 - Cannot read IP mode file for STMicroelectronics.X-CUBE-AZRTOS-WL.2.0.0
2023-11-12 13:07:33,578 [WARN] PackLoader:240 - Cannot read IP mode file for WES.I-CUBE-Cesium.1.3.0
2023-11-12 13:07:33,599 [WARN] PackLoader:240 - Cannot read IP mode file for STMicroelectronics.X-CUBE-BLE2.3.3.0
2023-11-12 13:07:33,623 [WARN] PackLoader:240 - Cannot read IP mode file for STMicroelectronics.X-CUBE-ALGOBUILD.1.3.0
2023-11-12 13:07:33,676 [WARN] PackLoader:240 - Cannot read IP mode file for STMicroelectronics.X-CUBE-AZRTOS-G0.1.1.0
2023-11-12 13:07:33,705 [WARN] PackLoader:240 - Cannot read IP mode file for STMicroelectronics.X-CUBE-NFC4.3.0.0
2023-11-12 13:07:33,737 [WARN] PackLoader:240 - Cannot read IP mode file for STMicroelectronics.X-CUBE-BLEMGR.3.0.0
2023-11-12 13:07:33,763 [WARN] PackLoader:240 - Cannot read IP mode file for STMicroelectronics.FP-ATR-SIGFOX1.3.2.0
2023-11-12 13:07:33,843 [WARN] PackLoader:240 - Cannot read IP mode file for SEGGER.I-CUBE-embOS.1.3.1
2023-11-12 13:07:33,932 [WARN] PackLoader:240 - Cannot read IP mode file for STMicroelectronics.X-CUBE-GNSS1.6.0.0
2023-11-12 13:07:33,979 [WARN] PackLoader:240 - Cannot read IP mode file for STMicroelectronics.X-CUBE-AZRTOS-F4.1.1.0
2023-11-12 13:07:34,000 [WARN] PackLoader:240 - Cannot read IP mode file for wolfSSL.I-CUBE-wolfSSL.5.6.3
2023-11-12 13:07:34,044 [WARN] PackLoader:240 - Cannot read IP mode file for STMicroelectronics.X-CUBE-AZRTOS-L5.2.0.0
2023-11-12 13:07:34,120 [WARN] PackLoader:240 - Cannot read IP mode file for STMicroelectronics.X-CUBE-MEMS1.9.6.0
2023-11-12 13:07:34,412 [WARN] PackLoader:240 - Cannot read IP mode file for STMicroelectronics.X-CUBE-EEPRMA1.4.2.0
2023-11-12 13:07:34,455 [WARN] PackLoader:240 - Cannot read IP mode file for ITTIA_DB.I-CUBE-ITTIADB.8.8.0
2023-11-12 13:07:34,502 [WARN] PackLoader:240 - Cannot read IP mode file for STMicroelectronics.X-CUBE-BLEMGR.2.0.0
2023-11-12 13:07:34,581 [WARN] ConditionMgr:438 - getConditionDescription Invalid condition id : UX DEVICE CLASS RTOS Condition cause : null
2023-11-12 13:07:34,582 [WARN] ConditionMgr:438 - getConditionDescription Invalid condition id : UX DEVICE CLASS RTOS Condition cause : null
2023-11-12 13:07:34,597 [WARN] PackLoader:240 - Cannot read IP mode file for STMicroelectronics.X-CUBE-AZRTOS-H7.3.1.0
2023-11-12 13:07:34,600 [WARN] ConditionMgr:1039 - genDependencies : Invalid condition id : UX DEVICE CLASS RTOS Condition cause : null
2023-11-12 13:07:34,600 [WARN] ConditionMgr:1039 - genDependencies : Invalid condition id : UX DEVICE CLASS RTOS Condition cause : null
2023-11-12 13:07:34,603 [WARN] ConditionMgr:1039 - genDependencies : Invalid condition id : UX DEVICE CLASS RTOS Condition cause : null
2023-11-12 13:07:34,604 [WARN] ConditionMgr:1039 - genDependencies : Invalid condition id : UX DEVICE CLASS RTOS Condition cause : null
2023-11-12 13:07:34,605 [WARN] ConditionMgr:1039 - genDependencies : Invalid condition id : UX DEVICE CLASS RTOS Condition cause : null
2023-11-12 13:07:34,635 [WARN] PackLoader:240 - Cannot read IP mode file for STMicroelectronics.X-CUBE-NFC7.1.0.1
2023-11-12 13:07:34,665 [WARN] PackLoader:240 - Cannot read IP mode file for STMicroelectronics.X-CUBE-NFC6.3.0.0
2023-11-12 13:07:34,698 [WARN] PackLoader:240 - Cannot read IP mode file for STMicroelectronics.X-CUBE-EEPRMA1.4.1.0
2023-11-12 13:07:34,723 [WARN] PackLoader:240 - Cannot read IP mode file for STMicroelectronics.X-CUBE-AI.8.1.0
2023-11-12 13:07:34,783 [WARN] ConditionMgr:438 - getConditionDescription Invalid condition id : LAN8742 Phy interface Condition cause : null
2023-11-12 13:07:34,785 [WARN] PackLoader:240 - Cannot read IP mode file for STMicroelectronics.X-CUBE-AZRTOS-L4.2.0.0
2023-11-12 13:07:34,788 [WARN] ConditionMgr:1039 - genDependencies : Invalid condition id : LAN8742 Phy interface Condition cause : null
2023-11-12 13:07:34,789 [WARN] ConditionMgr:1039 - genDependencies : Invalid condition id : LAN8742 Phy interface Condition cause : null
2023-11-12 13:07:34,790 [WARN] ConditionMgr:1039 - genDependencies : Invalid condition id : LAN8742 Phy interface Condition cause : null
2023-11-12 13:07:34,821 [WARN] PackLoader:240 - Cannot read IP mode file for STMicroelectronics.X-CUBE-SFXS2LP1.4.0.0
2023-11-12 13:07:34,837 [WARN] PackLoader:240 - Cannot read IP mode file for STMicroelectronics.X-CUBE-ISPU.1.1.0
2023-11-12 13:07:34,872 [WARN] ConditionMgr:438 - getConditionDescription Invalid condition id : UX DEVICE CLASS RTOS Condition cause : null
2023-11-12 13:07:34,872 [WARN] ConditionMgr:438 - getConditionDescription Invalid condition id : UX DEVICE CLASS RTOS Condition cause : null
2023-11-12 13:07:34,875 [WARN] PackLoader:240 - Cannot read IP mode file for STMicroelectronics.X-CUBE-AZRTOS-WB.2.0.0
2023-11-12 13:07:34,876 [WARN] ConditionMgr:1039 - genDependencies : Invalid condition id : UX DEVICE CLASS RTOS Condition cause : null
2023-11-12 13:07:34,876 [WARN] ConditionMgr:1039 - genDependencies : Invalid condition id : UX DEVICE CLASS RTOS Condition cause : null
2023-11-12 13:07:34,877 [WARN] ConditionMgr:1039 - genDependencies : Invalid condition id : UX DEVICE CLASS RTOS Condition cause : null
2023-11-12 13:07:34,877 [WARN] ConditionMgr:1039 - genDependencies : Invalid condition id : UX DEVICE CLASS RTOS Condition cause : null
2023-11-12 13:07:34,877 [WARN] ConditionMgr:1039 - genDependencies : Invalid condition id : UX DEVICE CLASS RTOS Condition cause : null
2023-11-12 13:07:34,909 [WARN] PackLoader:240 - Cannot read IP mode file for STMicroelectronics.X-CUBE-SUBG2.5.0.0
2023-11-12 13:07:34,940 [WARN] PackLoader:240 - Cannot read IP mode file for STMicroelectronics.X-CUBE-TOF1.3.3.1
2023-11-12 13:07:34,984 [WARN] PackLoader:240 - Cannot read IP mode file for STMicroelectronics.X-CUBE-AZRTOS-G4.2.0.0
2023-11-12 13:07:35,015 [WARN] PackLoader:240 - Cannot read IP mode file for Infineon.AIROC-Wi-Fi-Bluetooth-STM32.1.5.1
2023-11-12 13:07:35,038 [WARN] PackLoader:240 - Cannot read IP mode file for STMicroelectronics.FP-SNS-MOTENVWB1.1.3.0
2023-11-12 13:07:35,121 [WARN] PackLoader:240 - Cannot read IP mode file for STMicroelectronics.X-CUBE-MEMS1.10.0.0
2023-11-12 13:07:35,339 [WARN] PackLoader:240 - Cannot read IP mode file for STMicroelectronics.X-CUBE-FREERTOS.1.1.0
2023-11-12 13:07:35,366 [WARN] PackLoader:240 - Cannot read IP mode file for portGmbH.I-Cube-SoM-uGOAL.1.1.0
2023-11-12 13:07:35,388 [WARN] PackLoader:240 - Cannot read IP mode file for STMicroelectronics.X-CUBE-ALS.1.0.1
2023-11-12 13:07:35,414 [WARN] PackLoader:240 - Cannot read IP mode file for STMicroelectronics.FP-ATR-ASTRA1.2.0.0
2023-11-12 13:07:35,416 [INFO] ThirdParty:978 - Integrity check success = true
2023-11-12 13:07:35,416 [INFO] IntegrityCheckThread:100 - exiting critical section [integrity check]
2023-11-12 13:07:35,416 [INFO] IntegrityCheckThread:103 - End integrity checks thread
2023-11-12 13:07:36,776 [INFO] WebApp:157 - Instantiating new browser for Auth
2023-11-12 13:07:37,944 [INFO] WebApp:753 - Register for checkConnection events
2023-11-12 13:07:37,944 [INFO] WebApp:390 - Apply proxy settings
2023-11-12 13:07:37,945 [INFO] WebApp:475 - Chromium requires no authentication
2023-11-12 13:07:37,960 [INFO] WebApp:418 - Direct internet connection detected
2023-11-12 13:07:38,263 [INFO] WebApp:188 - Starting web application
2023-11-12 13:07:38,263 [INFO] WebApp:520 - Web application path used C:\ST\STM32CubeIDE_1.13.1\STM32CubeIDE\plugins\com.st.stm32cube.common.mx_6.9.1.202307191849\db\plugins\mcufinder\reactClient1\index.html
2023-11-12 13:07:59,760 [ERROR] LogOutputStream:75 - [STDERR_REDIRECT] SLF4J: Failed to load class "org.slf4j.impl.StaticLoggerBinder".
2023-11-12 13:07:59,761 [ERROR] LogOutputStream:75 - [STDERR_REDIRECT] SLF4J: Defaulting to no-operation (NOP) logger implementation
2023-11-12 13:07:59,763 [ERROR] LogOutputStream:75 - [STDERR_REDIRECT] SLF4J: See http://www.slf4j.org/codes.html#StaticLoggerBinder for further details.
2023-11-12 13:39:55,305 [ERROR] LogOutputStream:75 - [STDERR_REDIRECT] 
