2023-11-08 17:37:24,602 [INFO] Activator:176 - 


2023-11-08 17:37:24,604 [INFO] Activator:177 - !SESSION log4j initialized
2023-11-08 17:37:27,581 [INFO] LogOutputStream:77 - [STDOUT_REDIRECT] 
2023-11-08 17:37:29,667 [INFO] ApplicationProperties:184 - Using Application install path: C:\ST\STM32CubeIDE_1.13.1\STM32CubeIDE\plugins\com.st.stm32cube.common.mx_6.9.1.202307191849
2023-11-08 17:37:29,683 [INFO] DbMcusXml:78 - Set database path to: C:\ST\STM32CubeIDE_1.13.1\STM32CubeIDE\plugins\com.st.stm32cube.common.mx_6.9.1.202307191849\\db\/mcu/
2023-11-08 17:37:29,683 [INFO] ApiDb:274 - Set plugin database path to: C:\ST\STM32CubeIDE_1.13.1\STM32CubeIDE\plugins\com.st.stm32cube.common.mx_6.9.1.202307191849\\db\/plugins/boardmanager/
2023-11-08 17:37:29,683 [WARN] ApiDb:259 - Overriding images path with different value:  => C:\ST\STM32CubeIDE_1.13.1\STM32CubeIDE\plugins\com.st.stm32cube.common.mx_6.9.1.202307191849\\db\/plugins/mcufinder/images/
2023-11-08 17:37:29,692 [INFO] ApiDb:250 - Set database path to: C:\Users\ndib8\.stmcufinder\plugins\mcufinder//mcu/
2023-11-08 17:37:29,693 [INFO] DbMcusAds:125 - Set database path to: C:\Users\ndib8\.stmcufinder\plugins\mcufinder//mcu/
2023-11-08 17:37:29,694 [INFO] CrossReferenceDbSqlite:203 - Set database path to: C:\Users\ndib8\.stmcufinder\plugins\mcufinder//mcu/cs/
2023-11-08 17:37:29,787 [INFO] RulesReader:64 - Compatibility file has been processed (293 Rules)
2023-11-08 17:37:29,876 [INFO] DbMcusXml:78 - Set database path to: C:\ST\STM32CubeIDE_1.13.1\STM32CubeIDE\plugins\com.st.stm32cube.common.mx_6.9.1.202307191849\\db\/mcu/
2023-11-08 17:37:29,876 [INFO] ApiDb:274 - Set plugin database path to: C:\ST\STM32CubeIDE_1.13.1\STM32CubeIDE\plugins\com.st.stm32cube.common.mx_6.9.1.202307191849\\db\/plugins/boardmanager/
2023-11-08 17:37:29,876 [INFO] ApiDb:261 - Set plugin images path to: C:\ST\STM32CubeIDE_1.13.1\STM32CubeIDE\plugins\com.st.stm32cube.common.mx_6.9.1.202307191849\\db\/plugins/mcufinder/images/
2023-11-08 17:37:29,876 [WARN] DbFile:41 - Overriding database path with different value: C:\Users\ndib8\.stmcufinder\plugins\mcufinder/ => C:\Users\ndib8\.stmcufinder\plugins\mcufinder
2023-11-08 17:37:29,876 [INFO] ApiDb:250 - Set database path to: C:\Users\ndib8\.stmcufinder\plugins\mcufinder//mcu/
2023-11-08 17:37:29,877 [WARN] DbFile:41 - Overriding database path with different value: C:\Users\ndib8\.stmcufinder\plugins\mcufinder/ => C:\Users\ndib8\.stmcufinder\plugins\mcufinder
2023-11-08 17:37:29,877 [INFO] DbMcusAds:125 - Set database path to: C:\Users\ndib8\.stmcufinder\plugins\mcufinder//mcu/
2023-11-08 17:37:29,877 [WARN] DbFile:41 - Overriding database path with different value: C:\Users\ndib8\.stmcufinder\plugins\mcufinder/ => C:\Users\ndib8\.stmcufinder\plugins\mcufinder
2023-11-08 17:37:29,877 [WARN] DbFile:41 - Overriding database path with different value: C:\Users\ndib8\.stmcufinder\plugins\mcufinder/ => C:\Users\ndib8\.stmcufinder\plugins\mcufinder
2023-11-08 17:37:29,877 [INFO] CrossReferenceDbSqlite:203 - Set database path to: C:\Users\ndib8\.stmcufinder\plugins\mcufinder//mcu/cs/
2023-11-08 17:37:29,960 [INFO] MainPanel:262 - HeapMemory: 268435456
2023-11-08 17:37:30,049 [INFO] DbMcusXml:78 - Set database path to: C:\ST\STM32CubeIDE_1.13.1\STM32CubeIDE\plugins\com.st.stm32cube.common.mx_6.9.1.202307191849\\db\/mcu/
2023-11-08 17:37:30,049 [INFO] ApiDb:274 - Set plugin database path to: C:\ST\STM32CubeIDE_1.13.1\STM32CubeIDE\plugins\com.st.stm32cube.common.mx_6.9.1.202307191849\\db\/plugins/boardmanager/
2023-11-08 17:37:30,049 [INFO] ApiDb:261 - Set plugin images path to: C:\ST\STM32CubeIDE_1.13.1\STM32CubeIDE\plugins\com.st.stm32cube.common.mx_6.9.1.202307191849\\db\/plugins/mcufinder/images/
2023-11-08 17:37:30,050 [WARN] DbFile:41 - Overriding database path with different value: C:\Users\ndib8\.stmcufinder\plugins\mcufinder/ => C:\Users\ndib8\.stmcufinder\plugins\mcufinder
2023-11-08 17:37:30,050 [INFO] ApiDb:250 - Set database path to: C:\Users\ndib8\.stmcufinder\plugins\mcufinder//mcu/
2023-11-08 17:37:30,050 [WARN] DbFile:41 - Overriding database path with different value: C:\Users\ndib8\.stmcufinder\plugins\mcufinder/ => C:\Users\ndib8\.stmcufinder\plugins\mcufinder
2023-11-08 17:37:30,050 [INFO] DbMcusAds:125 - Set database path to: C:\Users\ndib8\.stmcufinder\plugins\mcufinder//mcu/
2023-11-08 17:37:30,050 [WARN] DbFile:41 - Overriding database path with different value: C:\Users\ndib8\.stmcufinder\plugins\mcufinder/ => C:\Users\ndib8\.stmcufinder\plugins\mcufinder
2023-11-08 17:37:30,050 [WARN] DbFile:41 - Overriding database path with different value: C:\Users\ndib8\.stmcufinder\plugins\mcufinder/ => C:\Users\ndib8\.stmcufinder\plugins\mcufinder
2023-11-08 17:37:30,050 [INFO] CrossReferenceDbSqlite:203 - Set database path to: C:\Users\ndib8\.stmcufinder\plugins\mcufinder//mcu/cs/
2023-11-08 17:37:30,067 [INFO] ApplicationProperties:184 - Using Application install path: C:\ST\STM32CubeIDE_1.13.1\STM32CubeIDE\plugins\com.st.stm32cube.common.mx_6.9.1.202307191849
2023-11-08 17:37:30,068 [INFO] PluginManage:196 - Search for loadable plugins [exclusion list=, ]
2023-11-08 17:37:30,069 [INFO] PluginManage:310 - Check plugin analytics
2023-11-08 17:37:30,206 [INFO] AnalyticsPlugin:253 - Accepted Software Licenses: 
2023-11-08 17:37:30,206 [INFO] AnalyticsPlugin:255 - Accepted CMSIS Pack Licenses: 
2023-11-08 17:37:30,206 [INFO] AnalyticsPlugin:257 - Accepted Firmware Licenses: FW.L4.1.18.0
2023-11-08 17:37:30,209 [INFO] PluginManage:359 - Loaded plugin analytics (category:tool,tabindex:-1)
2023-11-08 17:37:30,209 [INFO] PluginManage:310 - Check plugin cadmodel
2023-11-08 17:37:30,214 [INFO] CADModel:105 - Init CAD model plugin
2023-11-08 17:37:30,214 [INFO] PluginManage:359 - Loaded plugin cadmodel (category:power,tabindex:5)
2023-11-08 17:37:30,215 [INFO] PluginManage:310 - Check plugin clock
2023-11-08 17:37:30,224 [INFO] PluginManage:359 - Loaded plugin clock (category:base,tabindex:2)
2023-11-08 17:37:30,224 [INFO] PluginManage:310 - Check plugin ddr
2023-11-08 17:37:30,226 [INFO] PluginManage:359 - Loaded plugin ddr (category:tool,tabindex:6)
2023-11-08 17:37:30,226 [INFO] PluginManage:310 - Check plugin filemanager
2023-11-08 17:37:30,349 [INFO] PluginManage:359 - Loaded plugin filemanager (category:base,tabindex:10)
2023-11-08 17:37:30,349 [INFO] PluginManage:310 - Check plugin ipmanager
2023-11-08 17:37:30,356 [INFO] PluginManage:359 - Loaded plugin ipmanager (category:base,tabindex:5)
2023-11-08 17:37:30,356 [INFO] PluginManage:310 - Check plugin lpbam
2023-11-08 17:37:30,364 [INFO] PluginManage:359 - Loaded plugin lpbam (category:base,tabindex:0)
2023-11-08 17:37:30,364 [INFO] PluginManage:310 - Check plugin memorymap
2023-11-08 17:37:30,378 [INFO] PluginManage:359 - Loaded plugin memorymap (category:base,tabindex:4)
2023-11-08 17:37:30,378 [INFO] PluginManage:310 - Check plugin pinoutandconfiguration
2023-11-08 17:37:30,385 [INFO] PluginManage:359 - Loaded plugin pinoutandconfiguration (category:base,tabindex:1)
2023-11-08 17:37:30,386 [INFO] PluginManage:310 - Check plugin pinoutconfig
2023-11-08 17:37:30,499 [WARN] SupportedApi:132 - Cannot load RTOS API schema: s4s-elt-must-match.1: The content of 'definitions' must match (annotation?, (simpleType | complexType)?, (unique | key | keyref)*)). A problem was found starting at: attribute.
2023-11-08 17:37:30,622 [INFO] PluginManage:359 - Loaded plugin pinoutconfig (category:base,tabindex:0)
2023-11-08 17:37:30,623 [INFO] PluginManage:310 - Check plugin power
2023-11-08 17:37:30,634 [INFO] PluginManage:359 - Loaded plugin power (category:power,tabindex:4)
2023-11-08 17:37:30,634 [INFO] PluginManage:310 - Check plugin projectmanager
2023-11-08 17:37:30,648 [INFO] PluginManage:359 - Loaded plugin projectmanager (category:projectmanager,tabindex:3)
2023-11-08 17:37:30,648 [INFO] PluginManage:310 - Check plugin thirdparty
2023-11-08 17:37:30,845 [INFO] PluginManage:359 - Loaded plugin thirdparty (category:base,tabindex:-1)
2023-11-08 17:37:30,845 [INFO] PluginManage:310 - Check plugin tools
2023-11-08 17:37:30,845 [WARN] IntegrityCheckThread:84 - waiting for thirdparty lock release [integrity check]
2023-11-08 17:37:30,845 [INFO] IntegrityCheckThread:86 - entering critical section [integrity check]
2023-11-08 17:37:30,846 [INFO] ThirdPartyUpdaterWithRetryManager:70 - Updater plugin not ready yet. [1/15]
2023-11-08 17:37:30,847 [INFO] PluginManage:359 - Loaded plugin tools (category:base,tabindex:7)
2023-11-08 17:37:30,847 [INFO] PluginManage:310 - Check plugin tutovideos
2023-11-08 17:37:30,996 [INFO] PluginManage:359 - Loaded plugin tutovideos (category:base,tabindex:-1)
2023-11-08 17:37:30,996 [INFO] PluginManage:310 - Check plugin updater
2023-11-08 17:37:31,006 [INFO] PluginManage:359 - Loaded plugin updater (category:base,tabindex:12)
2023-11-08 17:37:31,006 [INFO] PluginManage:310 - Check plugin userauth
2023-11-08 17:37:31,012 [INFO] UserAuth:113 - Init User Auth plugin
2023-11-08 17:37:31,012 [INFO] PluginManage:359 - Loaded plugin userauth (category:base,tabindex:14)
2023-11-08 17:37:31,012 [INFO] PluginManage:283 - PluginManage : Loaded plugins [17]
2023-11-08 17:37:31,206 [INFO] PinOutPanel:1499 - setPackage(No Configuration,No Configuration)
2023-11-08 17:37:31,308 [INFO] CADModel:165 - CPN selected for project level
2023-11-08 17:37:31,308 [INFO] CADModel:114 - Register for checkConnection events
2023-11-08 17:37:31,322 [INFO] IPUIPlugin:80 - create IPUIPlugin
2023-11-08 17:37:31,322 [INFO] PluginManager:220 - loadIPPluginJar : add adc
2023-11-08 17:37:31,324 [INFO] IPUIPlugin:80 - create IPUIPlugin
2023-11-08 17:37:31,324 [INFO] PluginManager:220 - loadIPPluginJar : add aes
2023-11-08 17:37:31,326 [INFO] IPUIPlugin:80 - create IPUIPlugin
2023-11-08 17:37:31,326 [INFO] PluginManager:220 - loadIPPluginJar : add can
2023-11-08 17:37:31,327 [INFO] IPUIPlugin:80 - create IPUIPlugin
2023-11-08 17:37:31,327 [INFO] PluginManager:220 - loadIPPluginJar : add comp
2023-11-08 17:37:31,329 [INFO] IPUIPlugin:80 - create IPUIPlugin
2023-11-08 17:37:31,329 [INFO] PluginManager:220 - loadIPPluginJar : add cryp
2023-11-08 17:37:31,331 [INFO] IPUIPlugin:80 - create IPUIPlugin
2023-11-08 17:37:31,331 [INFO] PluginManager:220 - loadIPPluginJar : add dfsdm
2023-11-08 17:37:31,336 [INFO] IPUIPlugin:80 - create IPUIPlugin
2023-11-08 17:37:31,336 [INFO] PluginManager:220 - loadIPPluginJar : add dma
2023-11-08 17:37:31,339 [INFO] IPUIPlugin:80 - create IPUIPlugin
2023-11-08 17:37:31,339 [INFO] PluginManager:220 - loadIPPluginJar : add dma3
2023-11-08 17:37:31,341 [INFO] IPUIPlugin:80 - create IPUIPlugin
2023-11-08 17:37:31,341 [INFO] PluginManager:220 - loadIPPluginJar : add fatfs
2023-11-08 17:37:31,344 [INFO] IPUIPlugin:80 - create IPUIPlugin
2023-11-08 17:37:31,344 [INFO] PluginManager:220 - loadIPPluginJar : add fmc
2023-11-08 17:37:31,349 [INFO] IPUIPlugin:80 - create IPUIPlugin
2023-11-08 17:37:31,349 [INFO] PluginManager:220 - loadIPPluginJar : add freertos
2023-11-08 17:37:31,350 [INFO] IPUIPlugin:80 - create IPUIPlugin
2023-11-08 17:37:31,351 [INFO] PluginManager:220 - loadIPPluginJar : add genericplugin
2023-11-08 17:37:31,353 [INFO] IPUIPlugin:80 - create IPUIPlugin
2023-11-08 17:37:31,353 [INFO] PluginManager:220 - loadIPPluginJar : add gfxmmu
2023-11-08 17:37:31,356 [INFO] IPUIPlugin:80 - create IPUIPlugin
2023-11-08 17:37:31,356 [INFO] PluginManager:220 - loadIPPluginJar : add gic
2023-11-08 17:37:31,360 [INFO] IPUIPlugin:80 - create IPUIPlugin
2023-11-08 17:37:31,360 [INFO] PluginManager:220 - loadIPPluginJar : add gpio
2023-11-08 17:37:31,362 [INFO] IPUIPlugin:80 - create IPUIPlugin
2023-11-08 17:37:31,362 [INFO] PluginManager:220 - loadIPPluginJar : add gtzc
2023-11-08 17:37:31,364 [INFO] IPUIPlugin:80 - create IPUIPlugin
2023-11-08 17:37:31,364 [INFO] PluginManager:220 - loadIPPluginJar : add hash
2023-11-08 17:37:31,366 [INFO] IPUIPlugin:80 - create IPUIPlugin
2023-11-08 17:37:31,366 [INFO] PluginManager:220 - loadIPPluginJar : add i2c
2023-11-08 17:37:31,367 [INFO] IPUIPlugin:80 - create IPUIPlugin
2023-11-08 17:37:31,369 [INFO] PluginManager:220 - loadIPPluginJar : add i2s
2023-11-08 17:37:31,370 [INFO] IPUIPlugin:80 - create IPUIPlugin
2023-11-08 17:37:31,370 [INFO] PluginManager:220 - loadIPPluginJar : add i3c
2023-11-08 17:37:31,373 [INFO] IPUIPlugin:80 - create IPUIPlugin
2023-11-08 17:37:31,373 [INFO] PluginManager:220 - loadIPPluginJar : add ipddr
2023-11-08 17:37:31,378 [INFO] IPUIPlugin:80 - create IPUIPlugin
2023-11-08 17:37:31,378 [INFO] PluginManager:220 - loadIPPluginJar : add linkedlist
2023-11-08 17:37:31,380 [INFO] IPUIPlugin:80 - create IPUIPlugin
2023-11-08 17:37:31,380 [INFO] PluginManager:220 - loadIPPluginJar : add lorawan
2023-11-08 17:37:31,381 [INFO] IPUIPlugin:80 - create IPUIPlugin
2023-11-08 17:37:31,381 [INFO] PluginManager:220 - loadIPPluginJar : add ltdc
2023-11-08 17:37:31,386 [INFO] IPUIPlugin:80 - create IPUIPlugin
2023-11-08 17:37:31,386 [INFO] PluginManager:220 - loadIPPluginJar : add mdma
2023-11-08 17:37:31,390 [INFO] IPUIPlugin:80 - create IPUIPlugin
2023-11-08 17:37:31,390 [INFO] PluginManager:220 - loadIPPluginJar : add nvic
2023-11-08 17:37:31,392 [INFO] IPUIPlugin:80 - create IPUIPlugin
2023-11-08 17:37:31,392 [INFO] PluginManager:220 - loadIPPluginJar : add opamp
2023-11-08 17:37:31,394 [INFO] IPUIPlugin:80 - create IPUIPlugin
2023-11-08 17:37:31,394 [INFO] PluginManager:220 - loadIPPluginJar : add openamp
2023-11-08 17:37:31,397 [INFO] IPUIPlugin:80 - create IPUIPlugin
2023-11-08 17:37:31,397 [INFO] PluginManager:220 - loadIPPluginJar : add pdm2pcm
2023-11-08 17:37:31,403 [INFO] IPUIPlugin:80 - create IPUIPlugin
2023-11-08 17:37:31,404 [INFO] PluginManager:220 - loadIPPluginJar : add plateformsettings
2023-11-08 17:37:31,406 [INFO] IPUIPlugin:80 - create IPUIPlugin
2023-11-08 17:37:31,406 [INFO] PluginManager:220 - loadIPPluginJar : add quadspi
2023-11-08 17:37:31,410 [INFO] IPUIPlugin:80 - create IPUIPlugin
2023-11-08 17:37:31,410 [INFO] PluginManager:220 - loadIPPluginJar : add resmgrutility
2023-11-08 17:37:31,412 [INFO] IPUIPlugin:80 - create IPUIPlugin
2023-11-08 17:37:31,412 [INFO] PluginManager:220 - loadIPPluginJar : add sai
2023-11-08 17:37:31,415 [INFO] IPUIPlugin:80 - create IPUIPlugin
2023-11-08 17:37:31,415 [INFO] PluginManager:220 - loadIPPluginJar : add spi
2023-11-08 17:37:31,419 [INFO] IPUIPlugin:80 - create IPUIPlugin
2023-11-08 17:37:31,419 [INFO] PluginManager:220 - loadIPPluginJar : add stm32_wpan
2023-11-08 17:37:31,420 [INFO] IPUIPlugin:80 - create IPUIPlugin
2023-11-08 17:37:31,420 [INFO] PluginManager:220 - loadIPPluginJar : add tim
2023-11-08 17:37:31,423 [INFO] IPUIPlugin:80 - create IPUIPlugin
2023-11-08 17:37:31,423 [INFO] PluginManager:220 - loadIPPluginJar : add touchsensing
2023-11-08 17:37:31,424 [INFO] IPUIPlugin:80 - create IPUIPlugin
2023-11-08 17:37:31,424 [INFO] PluginManager:220 - loadIPPluginJar : add tracer_emb
2023-11-08 17:37:31,426 [INFO] IPUIPlugin:80 - create IPUIPlugin
2023-11-08 17:37:31,426 [INFO] PluginManager:220 - loadIPPluginJar : add ts
2023-11-08 17:37:31,428 [INFO] IPUIPlugin:80 - create IPUIPlugin
2023-11-08 17:37:31,428 [INFO] PluginManager:220 - loadIPPluginJar : add tsc
2023-11-08 17:37:31,429 [INFO] IPUIPlugin:80 - create IPUIPlugin
2023-11-08 17:37:31,430 [INFO] PluginManager:220 - loadIPPluginJar : add ucpd
2023-11-08 17:37:31,431 [INFO] IPUIPlugin:80 - create IPUIPlugin
2023-11-08 17:37:31,431 [INFO] PluginManager:220 - loadIPPluginJar : add usart
2023-11-08 17:37:31,433 [INFO] IPUIPlugin:80 - create IPUIPlugin
2023-11-08 17:37:31,433 [INFO] PluginManager:220 - loadIPPluginJar : add usbx
2023-11-08 17:37:31,550 [INFO] CADModel:165 - CPN selected for project level
2023-11-08 17:37:31,550 [INFO] CADModel:114 - Register for checkConnection events
2023-11-08 17:37:31,550 [FATAL] Updater:308 - Updater called before beeing initialized
2023-11-08 17:37:31,550 [ERROR] CADModel:125 - Updater not yet initialized, retry later 
2023-11-08 17:37:31,680 [INFO] CADModel:165 - CPN selected for project level
2023-11-08 17:37:31,680 [INFO] CADModel:114 - Register for checkConnection events
2023-11-08 17:37:31,680 [FATAL] Updater:308 - Updater called before beeing initialized
2023-11-08 17:37:31,680 [ERROR] CADModel:125 - Updater not yet initialized, retry later 
2023-11-08 17:37:31,683 [FATAL] Updater:308 - Updater called before beeing initialized
2023-11-08 17:37:31,766 [FATAL] Updater:308 - Updater called before beeing initialized
2023-11-08 17:37:31,771 [INFO] DbMcusAds:53 - JSON generation date=Tue Mar 07 03:50:55 EST 2023 (1678179055335)
2023-11-08 17:37:31,771 [FATAL] Updater:308 - Updater called before beeing initialized
2023-11-08 17:37:31,805 [WARN] DetailPanel:346 - Failed to get advertising image, set to default
2023-11-08 17:37:31,902 [FATAL] Updater:308 - Updater called before beeing initialized
2023-11-08 17:37:31,904 [FATAL] Updater:308 - Updater called before beeing initialized
2023-11-08 17:37:31,904 [FATAL] Updater:308 - Updater called before beeing initialized
2023-11-08 17:37:31,904 [WARN] DetailPanel:346 - Failed to get advertising image, set to default
2023-11-08 17:37:31,905 [FATAL] Updater:308 - Updater called before beeing initialized
2023-11-08 17:37:31,954 [ERROR] Updater:1120 - MainUpdater not yet initialized. External WinMGr cannot be set.
2023-11-08 17:37:31,956 [INFO] Updater:1056 - Updater Version found : 6.9.1
2023-11-08 17:37:31,975 [INFO] ApplicationProperties:184 - Using Application install path: C:\ST\STM32CubeIDE_1.13.1\STM32CubeIDE\plugins\com.st.stm32cube.common.mx_6.9.1.202307191849
2023-11-08 17:37:32,105 [INFO] MainUpdater:2868 - connection check result : 10
2023-11-08 17:37:32,106 [INFO] MainUpdater:285 - Updater Check For Update Now.
2023-11-08 17:37:32,106 [INFO] MicroXplorer:498 - Change Database Version : DB.6.0.91
2023-11-08 17:37:32,113 [INFO] McuFinderGlobals:63 - Set McuFinder mode to 2 (CubeIDE integrated)
2023-11-08 17:37:32,114 [INFO] UserAuth:179 - activating auth plugin
2023-11-08 17:37:32,116 [INFO] UserAuth:393 - Internet connection configuration mode: 1
2023-11-08 17:37:32,137 [INFO] JxBrowserEngine:151 - Initiate JxBrowser Engine with user profile folder
2023-11-08 17:37:32,302 [INFO] CheckServerUpdateThread:120 - End of CheckServer Thread
2023-11-08 17:37:32,316 [INFO] MainUpdater:2868 - connection check result : 10
2023-11-08 17:37:32,708 [INFO] ApiDb:581 - Connected to CubeFinder SQLite database (C:\Users\ndib8\.stmcufinder\plugins\mcufinder\mcu\cube-finder-db.db)
2023-11-08 17:37:32,805 [INFO] ApiDb:668 - CubeFinder database Data Model version=2.1
2023-11-08 17:37:32,805 [INFO] ApiDb:669 - CubeFinder database Configuration version=3.0.37
2023-11-08 17:37:32,805 [INFO] ApiDb:670 - CubeFinder database generation date=2023-10-13 (1697197505)
2023-11-08 17:37:32,805 [INFO] ApiDb:671 - CubeFinder database FW Pack versions=[FP-ATR-ASTRA1_V2.0.0, FP-SNS-FLIGHT1_V5.0.1, FP-SNS-FLIGHT1_V5.0.2, FP-SNS-MOTENV1_V4.3.1, FP-SNS-MOTENV1_V4.3.2, FP-SNS-SMARTAG2_V1.2.0, I-CUBE-ITTIADB_V8.6.3-1, STM32Cube_FW_C0_V1.1.0, STM32Cube_FW_F4_V1.27.1, STM32Cube_FW_F7_V1.17.0, STM32Cube_FW_G0_V1.6.1, STM32Cube_FW_G4_V1.5.1, STM32Cube_FW_H5_V0.5.1, STM32Cube_FW_H5_V1.1.1, STM32Cube_FW_H7_V1.11.0, STM32Cube_FW_L0_V1.12.2, STM32Cube_FW_L5_V1.5.0, STM32Cube_FW_U5_V1.3.0, STM32Cube_FW_U5_V1.3.0RC4, STM32Cube_FW_WBA_V1.0.0RC1, STM32Cube_FW_WBA_V1.1.0RC1, STM32Cube_FW_WBA_V1.1.1, STM32Cube_FW_WB_V1.15.0RC1, STM32Cube_FW_WB_V1.16.0, STM32Cube_FW_WB_V1.16.0RC2, STM32Cube_FW_WB_V1.17.3, STM32Cube_FW_WL_V1.3.0, X-CUBE-ALGOBUILD_V1.3.0, X-CUBE-ALS_V1.0.1, X-CUBE-AZRTOS-F4_V1.1.0, X-CUBE-AZRTOS-F7_V1.1.0, X-CUBE-AZRTOS-G0_V1.1.0, X-CUBE-AZRTOS-G4_V2.0.0, X-CUBE-AZRTOS-H7_V3.1.0, X-CUBE-AZRTOS-L4_V1.0.0, X-CUBE-AZRTOS-L4_V2.0.0, X-CUBE-AZRTOS-L5_V1.1.0, X-CUBE-AZRTOS-WB_V2.0.0, X-CUBE-AZRTOS-WL_V2.0.0, X-CUBE-BLE1_V7.0.0, X-CUBE-BLE2_V3.3.0, X-CUBE-BLEMGR_V2.0.0, X-CUBE-EEPRMA1_V4.1.0, X-CUBE-FREERTOS_V1.1.0, X-CUBE-GNSS1_V6.0.0, X-CUBE-MEMS1_V10.0.0, X-CUBE-MEMS1_V9.1.0, X-CUBE-MEMS1_V9.4.0, X-CUBE-MEMS1_V9.6.0, X-CUBE-NFC4_V3.0.0, X-CUBE-NFC7_V1.0.1, X-CUBE-SFXS2LP1_V4.0.0, X-CUBE-SUBG2_V5.0.0, X-CUBE-TOF1_V3.3.1]
2023-11-08 17:37:32,930 [INFO] DbBoardsSqlite:226 - include board P-NUCLEO-WB55-NUCLEO as a kit item of type 'Nucleo-64'
2023-11-08 17:37:32,930 [INFO] DbBoardsSqlite:226 - include board P-NUCLEO-WB55-USBDONGLE as a kit item of type 'Nucleo USB Dongle'
2023-11-08 17:37:32,931 [INFO] DbBoardsSqlite:226 - include board STEVAL-IDP005V1 as a kit item of type 'Evaluation Board'
2023-11-08 17:37:32,932 [INFO] DbBoardsSqlite:226 - include board STEVAL-IDP005V2 as a kit item of type 'Evaluation Board'
2023-11-08 17:37:33,364 [INFO] ApiDb:240 - Found 323 in-development CPN: [B-G473E-ZEST1S, B-WB1M-WPAN1, B-WL5M-SUBG1, NUCLEO-C031C6, NUCLEO-H503RB, NUCLEO-H563ZI, NUCLEO-U545RE-Q, NUCLEO-U5A5ZJ-Q, NUCLEO-WBA52CG, STEVAL-PROTEUS1, STEVAL-SMARTAG2, STEVAL-STWINBX1, STM320518-EVAL, STM32C0116-DK, STM32C011D6Y3TR, STM32C011D6Y6TR, STM32C011F4P3, STM32C011F4P6, STM32C011F4U3, STM32C011F4U6TR, STM32C011F6P3, STM32C011F6P6, STM32C011F6U3, STM32C011F6U6TR, STM32C011J4M3, STM32C011J4M6, STM32C011J6M3, STM32C011J6M6, STM32C0316-DK, STM32C031C4T3, STM32C031C4T6, STM32C031C4U3, STM32C031C4U6, STM32C031C6T3, STM32C031C6T6, STM32C031C6U3, STM32C031C6U6, STM32C031F4P3, STM32C031F4P6, STM32C031F6P3, STM32C031F6P6, STM32C031G4U3, STM32C031G4U6, STM32C031G6U3, STM32C031G6U6, STM32C031K4T3, STM32C031K4T6, STM32C031K4U3, STM32C031K4U6, STM32C031K6T3, STM32C031K6T6, STM32C031K6U3, STM32C031K6U6, STM32G071K8TXN, STM32G071K8UXN, STM32G081GBU6N, STM32G081KBT6N, STM32G081KBUXN, STM32G0B1CCT6N, STM32G0B1KCT6, STM32G0B1NEY6TR, STM32G0B1RCT6N, STM32G0C1CCT6, STM32G0C1CCT6N, STM32G0C1CCU6N, STM32G0C1CET6N, STM32G0C1CEU6N, STM32G0C1KCT6, STM32G0C1NEY6TR, STM32G0C1RCI6N, STM32G0C1RCT6N, STM32G0C1REI6N, STM32G0C1RET6N, STM32G0C1VCI6, STM32G0C1VEI6, STM32G471CCT6, STM32G471CCU6, STM32G471CET3, STM32G471CET6, STM32G471CEU3, STM32G471CEU6, STM32G471MCT6, STM32G471MET3, STM32G471MET6, STM32G471MEY6TR, STM32G471QCT6, STM32G471QET3, STM32G471RCT6, STM32G471RET3, STM32G471RET6, STM32G471VCH6, STM32G471VCI6, STM32G471VCT6, STM32G471VEH3, STM32G471VEH6, STM32G471VEI3, STM32G471VEI6, STM32G471VET3, STM32G471VET6, STM32G474CCT6, STM32H503CBT6, STM32H503CBU6, STM32H503EBY6TR, STM32H503KBU6, STM32H503RBT6, STM32H562AGI6, STM32H562AII6, STM32H562IGK6, STM32H562IGT6, STM32H562IIK6, STM32H562IIT6, STM32H562RGT6, STM32H562RGV6, STM32H562RIT6, STM32H562RIV6, STM32H562VGT6, STM32H562VIT6, STM32H562ZGT6, STM32H562ZIT6, STM32H563AGI6, STM32H563AII3Q, STM32H563AII6, STM32H563IGK6, STM32H563IGT6, STM32H563IIK3Q, STM32H563IIK6, STM32H563IIT3Q, STM32H563IIT6, STM32H563MIY3QTR, STM32H563RGT6, STM32H563RGV6, STM32H563RIT6, STM32H563RIV6, STM32H563VGT6, STM32H563VIT3Q, STM32H563VIT6, STM32H563ZGT6, STM32H563ZIT3Q, STM32H563ZIT6, STM32H573AII3Q, STM32H573AII6, STM32H573I-DK, STM32H573IIK3Q, STM32H573IIK6, STM32H573IIT3Q, STM32H573IIT6, STM32H573MIY3QTR, STM32H573RIT6, STM32H573RIV6, STM32H573VIT3Q, STM32H573VIT6, STM32H573ZIT3Q, STM32H573ZIT6, STM32L4R5QGI6STR, STM32MP131AAE3, STM32MP131AAF3, STM32MP131AAG3, STM32MP131CAE3, STM32MP131CAF3, STM32MP131CAG3, STM32MP131DAE7, STM32MP131DAF7, STM32MP131DAG7, STM32MP131FAE7, STM32MP131FAF7, STM32MP131FAG7, STM32MP133AAE3, STM32MP133AAF3, STM32MP133AAG3, STM32MP133CAE3, STM32MP133CAF3, STM32MP133CAG3, STM32MP133DAE7, STM32MP133DAF7, STM32MP133DAG7, STM32MP133FAE7, STM32MP133FAF7, STM32MP133FAG7, STM32MP135AAE3, STM32MP135AAF3, STM32MP135AAG3, STM32MP135CAE3, STM32MP135CAF3, STM32MP135CAG3, STM32MP135DAE7, STM32MP135DAF7, STM32MP135DAG7, STM32MP135F-DK, STM32MP135FAE7, STM32MP135FAF7, STM32MP135FAF7T, STM32MP135FAF7U, STM32MP135FAG7, STM32U535CBT6, STM32U535CBT6Q, STM32U535CBU6, STM32U535CBU6Q, STM32U535CCT6, STM32U535CCT6Q, STM32U535CCU6, STM32U535CCU6Q, STM32U535CET6, STM32U535CET6Q, STM32U535CEU6, STM32U535CEU6Q, STM32U535JEY6QTR, STM32U535NCY6QTR, STM32U535NEY6QTR, STM32U535RBI6, STM32U535RBI6Q, STM32U535RBT6, STM32U535RBT6Q, STM32U535RCI6, STM32U535RCI6Q, STM32U535RCT6, STM32U535RCT6Q, STM32U535REI6, STM32U535REI6Q, STM32U535RET6, STM32U535RET6Q, STM32U535VCI6, STM32U535VCI6Q, STM32U535VCT6, STM32U535VCT6Q, STM32U535VEI6, STM32U535VEI6Q, STM32U535VET6, STM32U535VET6Q, STM32U545CET6, STM32U545CET6Q, STM32U545CEU6, STM32U545CEU6Q, STM32U545JEY6QTR, STM32U545NEY6QTR, STM32U545REI6, STM32U545REI6Q, STM32U545RET6, STM32U545RET6Q, STM32U545VEI6, STM32U545VEI6Q, STM32U545VET6, STM32U545VET6Q, STM32U595AIH6, STM32U595AIH6Q, STM32U595AJH6, STM32U595AJH6Q, STM32U595QII6, STM32U595QII6Q, STM32U595QJI6, STM32U595QJI6Q, STM32U595RIT6, STM32U595RIT6Q, STM32U595RJT6, STM32U595RJT6Q, STM32U595VIT6, STM32U595VIT6Q, STM32U595VJT6, STM32U595VJT6Q, STM32U595ZIT6, STM32U595ZIT6Q, STM32U595ZIY6QTR, STM32U595ZJT6, STM32U595ZJT6Q, STM32U595ZJY6QTR, STM32U599BJY6QTR, STM32U599NIH6Q, STM32U599NJH6Q, STM32U599VIT6Q, STM32U599VJT6, STM32U599VJT6Q, STM32U599ZIT6Q, STM32U599ZIY6QTR, STM32U599ZJT6Q, STM32U599ZJY6QTR, STM32U5A5AJH6, STM32U5A5AJH6Q, STM32U5A5QJI6, STM32U5A5QJI6Q, STM32U5A5RJT6, STM32U5A5RJT6Q, STM32U5A5VJT6, STM32U5A5VJT6Q, STM32U5A5ZJT6, STM32U5A5ZJT6Q, STM32U5A5ZJY6QTR, STM32U5A9BJY6QTR, STM32U5A9J-DK, STM32U5A9NJH6Q, STM32U5A9VJT6Q, STM32U5A9ZJT6Q, STM32U5A9ZJY6QTR, STM32U5F7VIT6, STM32U5F7VIT6Q, STM32U5F7VJT6, STM32U5F7VJT6Q, STM32U5F9BJY6QTR, STM32U5F9NJH6Q, STM32U5F9VIT6Q, STM32U5F9VJT6Q, STM32U5F9ZIJ6QTR, STM32U5F9ZIT6Q, STM32U5F9ZJJ6QTR, STM32U5F9ZJT6Q, STM32U5G7VJT6, STM32U5G7VJT6Q, STM32U5G9BJY6QTR, STM32U5G9J-DK1, STM32U5G9J-DK2, STM32U5G9NJH6Q, STM32U5G9VJT6Q, STM32U5G9ZJJ6QTR, STM32U5G9ZJT6Q, STM32WB1MMCH6, STM32WBA52CEU6, STM32WBA52CEU6T, STM32WBA52CGU6, STM32WBA52CGU6T, STM32WBA52KEU6, STM32WBA52KEU6T, STM32WBA52KGU6, STM32WBA52KGU6T, STM32WL5MOCH6, STM32WL5MOCH6TR]
2023-11-08 17:37:33,533 [INFO] BoardInfo:880 - No configuration file found for board P-NUCLEO-WB55
2023-11-08 17:37:33,533 [INFO] DbBoards:157 - Kit is not supported: P-NUCLEO-WB55
2023-11-08 17:37:33,542 [INFO] BoardInfo:880 - No configuration file found for board STEVAL-BFA001V1B
2023-11-08 17:37:33,542 [INFO] DbBoards:157 - Kit is not supported: STEVAL-BFA001V1B
2023-11-08 17:37:33,544 [INFO] BoardInfo:880 - No configuration file found for board STEVAL-BFA001V2B
2023-11-08 17:37:33,544 [INFO] DbBoards:157 - Kit is not supported: STEVAL-BFA001V2B
2023-11-08 17:37:33,768 [INFO] DbBoards:161 - Found 190 boards, 187 are supported
2023-11-08 17:37:33,772 [INFO] ApiDb:668 - CubeFinder database Data Model version=2.1
2023-11-08 17:37:33,772 [INFO] ApiDb:669 - CubeFinder database Configuration version=3.0.37
2023-11-08 17:37:33,772 [INFO] ApiDb:670 - CubeFinder database generation date=2023-10-13 (1697197505)
2023-11-08 17:37:33,772 [INFO] ApiDb:671 - CubeFinder database FW Pack versions=[FP-ATR-ASTRA1_V2.0.0, FP-SNS-FLIGHT1_V5.0.1, FP-SNS-FLIGHT1_V5.0.2, FP-SNS-MOTENV1_V4.3.1, FP-SNS-MOTENV1_V4.3.2, FP-SNS-SMARTAG2_V1.2.0, I-CUBE-ITTIADB_V8.6.3-1, STM32Cube_FW_C0_V1.1.0, STM32Cube_FW_F4_V1.27.1, STM32Cube_FW_F7_V1.17.0, STM32Cube_FW_G0_V1.6.1, STM32Cube_FW_G4_V1.5.1, STM32Cube_FW_H5_V0.5.1, STM32Cube_FW_H5_V1.1.1, STM32Cube_FW_H7_V1.11.0, STM32Cube_FW_L0_V1.12.2, STM32Cube_FW_L5_V1.5.0, STM32Cube_FW_U5_V1.3.0, STM32Cube_FW_U5_V1.3.0RC4, STM32Cube_FW_WBA_V1.0.0RC1, STM32Cube_FW_WBA_V1.1.0RC1, STM32Cube_FW_WBA_V1.1.1, STM32Cube_FW_WB_V1.15.0RC1, STM32Cube_FW_WB_V1.16.0, STM32Cube_FW_WB_V1.16.0RC2, STM32Cube_FW_WB_V1.17.3, STM32Cube_FW_WL_V1.3.0, X-CUBE-ALGOBUILD_V1.3.0, X-CUBE-ALS_V1.0.1, X-CUBE-AZRTOS-F4_V1.1.0, X-CUBE-AZRTOS-F7_V1.1.0, X-CUBE-AZRTOS-G0_V1.1.0, X-CUBE-AZRTOS-G4_V2.0.0, X-CUBE-AZRTOS-H7_V3.1.0, X-CUBE-AZRTOS-L4_V1.0.0, X-CUBE-AZRTOS-L4_V2.0.0, X-CUBE-AZRTOS-L5_V1.1.0, X-CUBE-AZRTOS-WB_V2.0.0, X-CUBE-AZRTOS-WL_V2.0.0, X-CUBE-BLE1_V7.0.0, X-CUBE-BLE2_V3.3.0, X-CUBE-BLEMGR_V2.0.0, X-CUBE-EEPRMA1_V4.1.0, X-CUBE-FREERTOS_V1.1.0, X-CUBE-GNSS1_V6.0.0, X-CUBE-MEMS1_V10.0.0, X-CUBE-MEMS1_V9.1.0, X-CUBE-MEMS1_V9.4.0, X-CUBE-MEMS1_V9.6.0, X-CUBE-NFC4_V3.0.0, X-CUBE-NFC7_V1.0.1, X-CUBE-SFXS2LP1_V4.0.0, X-CUBE-SUBG2_V5.0.0, X-CUBE-TOF1_V3.3.1]
2023-11-08 17:37:34,209 [WARN] PackLoader:240 - Cannot read IP mode file for STMicroelectronics.X-CUBE-SMBUS.2.1.0
2023-11-08 17:37:34,253 [WARN] PackLoader:240 - Cannot read IP mode file for STMicroelectronics.X-CUBE-AZRTOS-F7.1.1.0
2023-11-08 17:37:34,271 [WARN] PackLoader:240 - Cannot read IP mode file for STMicroelectronics.FP-SNS-MOTENV1.4.3.2
2023-11-08 17:37:34,282 [WARN] PackLoader:240 - Cannot read IP mode file for STMicroelectronics.FP-SNS-FLIGHT1.5.0.2
2023-11-08 17:37:34,295 [WARN] PackLoader:240 - Cannot read IP mode file for STMicroelectronics.X-CUBE-DISPLAY.3.0.0
2023-11-08 17:37:34,316 [WARN] PackLoader:240 - Cannot read IP mode file for STMicroelectronics.X-CUBE-BLE1.7.0.0
2023-11-08 17:37:34,320 [INFO] WebApp:157 - Instantiating new browser for Auth
2023-11-08 17:37:34,324 [WARN] PackLoader:240 - Cannot read IP mode file for emotas.I-CUBE-CANOPEN.1.3.0
2023-11-08 17:37:34,330 [WARN] PackLoader:240 - Cannot read IP mode file for STMicroelectronics.X-CUBE-TOUCHGFX.4.22.0
2023-11-08 17:37:34,336 [WARN] PackLoader:240 - Cannot read IP mode file for STMicroelectronics.X-CUBE-TOUCHGFX.4.22.1
2023-11-08 17:37:34,345 [WARN] PackLoader:240 - Cannot read IP mode file for STMicroelectronics.FP-SNS-SMARTAG2.1.2.0
2023-11-08 17:37:34,365 [INFO] LogOutputStream:77 - [STDOUT_REDIRECT] 1 : Invalid condition id : UX_CORESTACK_Condition cause : null
2023-11-08 17:37:34,366 [INFO] LogOutputStream:77 - [STDOUT_REDIRECT] 1 : Invalid condition id : UX_CORESTACK_Condition cause : null
2023-11-08 17:37:34,368 [INFO] LogOutputStream:77 - [STDOUT_REDIRECT] 1 : Invalid condition id : UX_CORESTACK_Condition cause : null
2023-11-08 17:37:34,370 [INFO] LogOutputStream:77 - [STDOUT_REDIRECT] 1 : Invalid condition id : UX_CORESTACK_Condition cause : null
2023-11-08 17:37:34,372 [INFO] LogOutputStream:77 - [STDOUT_REDIRECT] 1 : Invalid condition id : UX_CORESTACK_Condition cause : null
2023-11-08 17:37:34,379 [WARN] PackLoader:240 - Cannot read IP mode file for STMicroelectronics.X-CUBE-AZRTOS-WL.2.0.0
2023-11-08 17:37:34,395 [WARN] PackLoader:240 - Cannot read IP mode file for WES.I-CUBE-Cesium.1.3.0
2023-11-08 17:37:34,401 [WARN] PackLoader:240 - Cannot read IP mode file for STMicroelectronics.X-CUBE-BLE2.3.3.0
2023-11-08 17:37:34,412 [WARN] PackLoader:240 - Cannot read IP mode file for STMicroelectronics.X-CUBE-ALGOBUILD.1.3.0
2023-11-08 17:37:34,440 [WARN] PackLoader:240 - Cannot read IP mode file for STMicroelectronics.X-CUBE-AZRTOS-G0.1.1.0
2023-11-08 17:37:34,453 [WARN] PackLoader:240 - Cannot read IP mode file for STMicroelectronics.X-CUBE-NFC4.3.0.0
2023-11-08 17:37:34,466 [WARN] PackLoader:240 - Cannot read IP mode file for STMicroelectronics.X-CUBE-BLEMGR.3.0.0
2023-11-08 17:37:34,476 [WARN] PackLoader:240 - Cannot read IP mode file for STMicroelectronics.FP-ATR-SIGFOX1.3.2.0
2023-11-08 17:37:34,523 [WARN] PackLoader:240 - Cannot read IP mode file for SEGGER.I-CUBE-embOS.1.3.1
2023-11-08 17:37:34,595 [WARN] PackLoader:240 - Cannot read IP mode file for STMicroelectronics.X-CUBE-GNSS1.6.0.0
2023-11-08 17:37:34,616 [WARN] PackLoader:240 - Cannot read IP mode file for STMicroelectronics.X-CUBE-AZRTOS-F4.1.1.0
2023-11-08 17:37:34,629 [WARN] PackLoader:240 - Cannot read IP mode file for wolfSSL.I-CUBE-wolfSSL.5.6.3
2023-11-08 17:37:34,648 [WARN] PackLoader:240 - Cannot read IP mode file for STMicroelectronics.X-CUBE-AZRTOS-L5.2.0.0
2023-11-08 17:37:34,693 [WARN] PackLoader:240 - Cannot read IP mode file for STMicroelectronics.X-CUBE-MEMS1.9.6.0
2023-11-08 17:37:34,858 [WARN] PackLoader:240 - Cannot read IP mode file for STMicroelectronics.X-CUBE-EEPRMA1.4.2.0
2023-11-08 17:37:34,870 [WARN] PackLoader:240 - Cannot read IP mode file for ITTIA_DB.I-CUBE-ITTIADB.8.8.0
2023-11-08 17:37:34,879 [WARN] PackLoader:240 - Cannot read IP mode file for STMicroelectronics.X-CUBE-BLEMGR.2.0.0
2023-11-08 17:37:34,904 [WARN] ConditionMgr:438 - getConditionDescription Invalid condition id : UX DEVICE CLASS RTOS Condition cause : null
2023-11-08 17:37:34,905 [WARN] ConditionMgr:438 - getConditionDescription Invalid condition id : UX DEVICE CLASS RTOS Condition cause : null
2023-11-08 17:37:34,907 [WARN] PackLoader:240 - Cannot read IP mode file for STMicroelectronics.X-CUBE-AZRTOS-H7.3.1.0
2023-11-08 17:37:34,910 [WARN] ConditionMgr:1039 - genDependencies : Invalid condition id : UX DEVICE CLASS RTOS Condition cause : null
2023-11-08 17:37:34,910 [WARN] ConditionMgr:1039 - genDependencies : Invalid condition id : UX DEVICE CLASS RTOS Condition cause : null
2023-11-08 17:37:34,911 [WARN] ConditionMgr:1039 - genDependencies : Invalid condition id : UX DEVICE CLASS RTOS Condition cause : null
2023-11-08 17:37:34,911 [WARN] ConditionMgr:1039 - genDependencies : Invalid condition id : UX DEVICE CLASS RTOS Condition cause : null
2023-11-08 17:37:34,911 [WARN] ConditionMgr:1039 - genDependencies : Invalid condition id : UX DEVICE CLASS RTOS Condition cause : null
2023-11-08 17:37:34,921 [WARN] PackLoader:240 - Cannot read IP mode file for STMicroelectronics.X-CUBE-NFC7.1.0.1
2023-11-08 17:37:34,934 [WARN] PackLoader:240 - Cannot read IP mode file for STMicroelectronics.X-CUBE-NFC6.3.0.0
2023-11-08 17:37:34,945 [WARN] PackLoader:240 - Cannot read IP mode file for STMicroelectronics.X-CUBE-EEPRMA1.4.1.0
2023-11-08 17:37:34,956 [WARN] PackLoader:240 - Cannot read IP mode file for STMicroelectronics.X-CUBE-AI.8.1.0
2023-11-08 17:37:34,981 [WARN] ConditionMgr:438 - getConditionDescription Invalid condition id : LAN8742 Phy interface Condition cause : null
2023-11-08 17:37:34,982 [WARN] PackLoader:240 - Cannot read IP mode file for STMicroelectronics.X-CUBE-AZRTOS-L4.2.0.0
2023-11-08 17:37:34,983 [WARN] ConditionMgr:1039 - genDependencies : Invalid condition id : LAN8742 Phy interface Condition cause : null
2023-11-08 17:37:34,984 [WARN] ConditionMgr:1039 - genDependencies : Invalid condition id : LAN8742 Phy interface Condition cause : null
2023-11-08 17:37:34,985 [WARN] ConditionMgr:1039 - genDependencies : Invalid condition id : LAN8742 Phy interface Condition cause : null
2023-11-08 17:37:34,997 [WARN] PackLoader:240 - Cannot read IP mode file for STMicroelectronics.X-CUBE-SFXS2LP1.4.0.0
2023-11-08 17:37:35,005 [WARN] PackLoader:240 - Cannot read IP mode file for STMicroelectronics.X-CUBE-ISPU.1.1.0
2023-11-08 17:37:35,024 [WARN] ConditionMgr:438 - getConditionDescription Invalid condition id : UX DEVICE CLASS RTOS Condition cause : null
2023-11-08 17:37:35,024 [WARN] ConditionMgr:438 - getConditionDescription Invalid condition id : UX DEVICE CLASS RTOS Condition cause : null
2023-11-08 17:37:35,027 [WARN] PackLoader:240 - Cannot read IP mode file for STMicroelectronics.X-CUBE-AZRTOS-WB.2.0.0
2023-11-08 17:37:35,028 [WARN] ConditionMgr:1039 - genDependencies : Invalid condition id : UX DEVICE CLASS RTOS Condition cause : null
2023-11-08 17:37:35,028 [WARN] ConditionMgr:1039 - genDependencies : Invalid condition id : UX DEVICE CLASS RTOS Condition cause : null
2023-11-08 17:37:35,028 [WARN] ConditionMgr:1039 - genDependencies : Invalid condition id : UX DEVICE CLASS RTOS Condition cause : null
2023-11-08 17:37:35,029 [WARN] ConditionMgr:1039 - genDependencies : Invalid condition id : UX DEVICE CLASS RTOS Condition cause : null
2023-11-08 17:37:35,029 [WARN] ConditionMgr:1039 - genDependencies : Invalid condition id : UX DEVICE CLASS RTOS Condition cause : null
2023-11-08 17:37:35,045 [WARN] PackLoader:240 - Cannot read IP mode file for STMicroelectronics.X-CUBE-SUBG2.5.0.0
2023-11-08 17:37:35,068 [WARN] PackLoader:240 - Cannot read IP mode file for STMicroelectronics.X-CUBE-TOF1.3.3.1
2023-11-08 17:37:35,096 [WARN] PackLoader:240 - Cannot read IP mode file for STMicroelectronics.X-CUBE-AZRTOS-G4.2.0.0
2023-11-08 17:37:35,120 [WARN] PackLoader:240 - Cannot read IP mode file for Infineon.AIROC-Wi-Fi-Bluetooth-STM32.1.5.1
2023-11-08 17:37:35,130 [WARN] PackLoader:240 - Cannot read IP mode file for STMicroelectronics.FP-SNS-MOTENVWB1.1.3.0
2023-11-08 17:37:35,173 [WARN] PackLoader:240 - Cannot read IP mode file for STMicroelectronics.X-CUBE-MEMS1.10.0.0
2023-11-08 17:37:35,299 [WARN] PackLoader:240 - Cannot read IP mode file for STMicroelectronics.X-CUBE-FREERTOS.1.1.0
2023-11-08 17:37:35,308 [WARN] PackLoader:240 - Cannot read IP mode file for portGmbH.I-Cube-SoM-uGOAL.1.1.0
2023-11-08 17:37:35,314 [WARN] PackLoader:240 - Cannot read IP mode file for STMicroelectronics.X-CUBE-ALS.1.0.1
2023-11-08 17:37:35,315 [INFO] WebApp:753 - Register for checkConnection events
2023-11-08 17:37:35,315 [INFO] WebApp:390 - Apply proxy settings
2023-11-08 17:37:35,316 [INFO] WebApp:475 - Chromium requires no authentication
2023-11-08 17:37:35,319 [WARN] PackLoader:240 - Cannot read IP mode file for STMicroelectronics.FP-ATR-ASTRA1.2.0.0
2023-11-08 17:37:35,320 [INFO] ThirdParty:978 - Integrity check success = true
2023-11-08 17:37:35,320 [INFO] IntegrityCheckThread:100 - exiting critical section [integrity check]
2023-11-08 17:37:35,320 [INFO] IntegrityCheckThread:103 - End integrity checks thread
2023-11-08 17:37:35,327 [INFO] WebApp:418 - Direct internet connection detected
2023-11-08 17:37:35,572 [INFO] WebApp:188 - Starting web application
2023-11-08 17:37:35,572 [INFO] WebApp:520 - Web application path used C:\ST\STM32CubeIDE_1.13.1\STM32CubeIDE\plugins\com.st.stm32cube.common.mx_6.9.1.202307191849\db\plugins\mcufinder\reactClient1\index.html
2023-11-08 17:37:36,425 [INFO] ApiDb:240 - Found 323 in-development CPN: [B-G473E-ZEST1S, B-WB1M-WPAN1, B-WL5M-SUBG1, NUCLEO-C031C6, NUCLEO-H503RB, NUCLEO-H563ZI, NUCLEO-U545RE-Q, NUCLEO-U5A5ZJ-Q, NUCLEO-WBA52CG, STEVAL-PROTEUS1, STEVAL-SMARTAG2, STEVAL-STWINBX1, STM320518-EVAL, STM32C0116-DK, STM32C011D6Y3TR, STM32C011D6Y6TR, STM32C011F4P3, STM32C011F4P6, STM32C011F4U3, STM32C011F4U6TR, STM32C011F6P3, STM32C011F6P6, STM32C011F6U3, STM32C011F6U6TR, STM32C011J4M3, STM32C011J4M6, STM32C011J6M3, STM32C011J6M6, STM32C0316-DK, STM32C031C4T3, STM32C031C4T6, STM32C031C4U3, STM32C031C4U6, STM32C031C6T3, STM32C031C6T6, STM32C031C6U3, STM32C031C6U6, STM32C031F4P3, STM32C031F4P6, STM32C031F6P3, STM32C031F6P6, STM32C031G4U3, STM32C031G4U6, STM32C031G6U3, STM32C031G6U6, STM32C031K4T3, STM32C031K4T6, STM32C031K4U3, STM32C031K4U6, STM32C031K6T3, STM32C031K6T6, STM32C031K6U3, STM32C031K6U6, STM32G071K8TXN, STM32G071K8UXN, STM32G081GBU6N, STM32G081KBT6N, STM32G081KBUXN, STM32G0B1CCT6N, STM32G0B1KCT6, STM32G0B1NEY6TR, STM32G0B1RCT6N, STM32G0C1CCT6, STM32G0C1CCT6N, STM32G0C1CCU6N, STM32G0C1CET6N, STM32G0C1CEU6N, STM32G0C1KCT6, STM32G0C1NEY6TR, STM32G0C1RCI6N, STM32G0C1RCT6N, STM32G0C1REI6N, STM32G0C1RET6N, STM32G0C1VCI6, STM32G0C1VEI6, STM32G471CCT6, STM32G471CCU6, STM32G471CET3, STM32G471CET6, STM32G471CEU3, STM32G471CEU6, STM32G471MCT6, STM32G471MET3, STM32G471MET6, STM32G471MEY6TR, STM32G471QCT6, STM32G471QET3, STM32G471RCT6, STM32G471RET3, STM32G471RET6, STM32G471VCH6, STM32G471VCI6, STM32G471VCT6, STM32G471VEH3, STM32G471VEH6, STM32G471VEI3, STM32G471VEI6, STM32G471VET3, STM32G471VET6, STM32G474CCT6, STM32H503CBT6, STM32H503CBU6, STM32H503EBY6TR, STM32H503KBU6, STM32H503RBT6, STM32H562AGI6, STM32H562AII6, STM32H562IGK6, STM32H562IGT6, STM32H562IIK6, STM32H562IIT6, STM32H562RGT6, STM32H562RGV6, STM32H562RIT6, STM32H562RIV6, STM32H562VGT6, STM32H562VIT6, STM32H562ZGT6, STM32H562ZIT6, STM32H563AGI6, STM32H563AII3Q, STM32H563AII6, STM32H563IGK6, STM32H563IGT6, STM32H563IIK3Q, STM32H563IIK6, STM32H563IIT3Q, STM32H563IIT6, STM32H563MIY3QTR, STM32H563RGT6, STM32H563RGV6, STM32H563RIT6, STM32H563RIV6, STM32H563VGT6, STM32H563VIT3Q, STM32H563VIT6, STM32H563ZGT6, STM32H563ZIT3Q, STM32H563ZIT6, STM32H573AII3Q, STM32H573AII6, STM32H573I-DK, STM32H573IIK3Q, STM32H573IIK6, STM32H573IIT3Q, STM32H573IIT6, STM32H573MIY3QTR, STM32H573RIT6, STM32H573RIV6, STM32H573VIT3Q, STM32H573VIT6, STM32H573ZIT3Q, STM32H573ZIT6, STM32L4R5QGI6STR, STM32MP131AAE3, STM32MP131AAF3, STM32MP131AAG3, STM32MP131CAE3, STM32MP131CAF3, STM32MP131CAG3, STM32MP131DAE7, STM32MP131DAF7, STM32MP131DAG7, STM32MP131FAE7, STM32MP131FAF7, STM32MP131FAG7, STM32MP133AAE3, STM32MP133AAF3, STM32MP133AAG3, STM32MP133CAE3, STM32MP133CAF3, STM32MP133CAG3, STM32MP133DAE7, STM32MP133DAF7, STM32MP133DAG7, STM32MP133FAE7, STM32MP133FAF7, STM32MP133FAG7, STM32MP135AAE3, STM32MP135AAF3, STM32MP135AAG3, STM32MP135CAE3, STM32MP135CAF3, STM32MP135CAG3, STM32MP135DAE7, STM32MP135DAF7, STM32MP135DAG7, STM32MP135F-DK, STM32MP135FAE7, STM32MP135FAF7, STM32MP135FAF7T, STM32MP135FAF7U, STM32MP135FAG7, STM32U535CBT6, STM32U535CBT6Q, STM32U535CBU6, STM32U535CBU6Q, STM32U535CCT6, STM32U535CCT6Q, STM32U535CCU6, STM32U535CCU6Q, STM32U535CET6, STM32U535CET6Q, STM32U535CEU6, STM32U535CEU6Q, STM32U535JEY6QTR, STM32U535NCY6QTR, STM32U535NEY6QTR, STM32U535RBI6, STM32U535RBI6Q, STM32U535RBT6, STM32U535RBT6Q, STM32U535RCI6, STM32U535RCI6Q, STM32U535RCT6, STM32U535RCT6Q, STM32U535REI6, STM32U535REI6Q, STM32U535RET6, STM32U535RET6Q, STM32U535VCI6, STM32U535VCI6Q, STM32U535VCT6, STM32U535VCT6Q, STM32U535VEI6, STM32U535VEI6Q, STM32U535VET6, STM32U535VET6Q, STM32U545CET6, STM32U545CET6Q, STM32U545CEU6, STM32U545CEU6Q, STM32U545JEY6QTR, STM32U545NEY6QTR, STM32U545REI6, STM32U545REI6Q, STM32U545RET6, STM32U545RET6Q, STM32U545VEI6, STM32U545VEI6Q, STM32U545VET6, STM32U545VET6Q, STM32U595AIH6, STM32U595AIH6Q, STM32U595AJH6, STM32U595AJH6Q, STM32U595QII6, STM32U595QII6Q, STM32U595QJI6, STM32U595QJI6Q, STM32U595RIT6, STM32U595RIT6Q, STM32U595RJT6, STM32U595RJT6Q, STM32U595VIT6, STM32U595VIT6Q, STM32U595VJT6, STM32U595VJT6Q, STM32U595ZIT6, STM32U595ZIT6Q, STM32U595ZIY6QTR, STM32U595ZJT6, STM32U595ZJT6Q, STM32U595ZJY6QTR, STM32U599BJY6QTR, STM32U599NIH6Q, STM32U599NJH6Q, STM32U599VIT6Q, STM32U599VJT6, STM32U599VJT6Q, STM32U599ZIT6Q, STM32U599ZIY6QTR, STM32U599ZJT6Q, STM32U599ZJY6QTR, STM32U5A5AJH6, STM32U5A5AJH6Q, STM32U5A5QJI6, STM32U5A5QJI6Q, STM32U5A5RJT6, STM32U5A5RJT6Q, STM32U5A5VJT6, STM32U5A5VJT6Q, STM32U5A5ZJT6, STM32U5A5ZJT6Q, STM32U5A5ZJY6QTR, STM32U5A9BJY6QTR, STM32U5A9J-DK, STM32U5A9NJH6Q, STM32U5A9VJT6Q, STM32U5A9ZJT6Q, STM32U5A9ZJY6QTR, STM32U5F7VIT6, STM32U5F7VIT6Q, STM32U5F7VJT6, STM32U5F7VJT6Q, STM32U5F9BJY6QTR, STM32U5F9NJH6Q, STM32U5F9VIT6Q, STM32U5F9VJT6Q, STM32U5F9ZIJ6QTR, STM32U5F9ZIT6Q, STM32U5F9ZJJ6QTR, STM32U5F9ZJT6Q, STM32U5G7VJT6, STM32U5G7VJT6Q, STM32U5G9BJY6QTR, STM32U5G9J-DK1, STM32U5G9J-DK2, STM32U5G9NJH6Q, STM32U5G9VJT6Q, STM32U5G9ZJJ6QTR, STM32U5G9ZJT6Q, STM32WB1MMCH6, STM32WBA52CEU6, STM32WBA52CEU6T, STM32WBA52CGU6, STM32WBA52CGU6T, STM32WBA52KEU6, STM32WBA52KEU6T, STM32WBA52KGU6, STM32WBA52KGU6T, STM32WL5MOCH6, STM32WL5MOCH6TR]
2023-11-08 17:37:36,428 [INFO] DbMcus:217 - Found 3848 MCUs, 3848 are supported
2023-11-08 17:37:36,429 [INFO] ApiDb:423 - Load user favorites file C:\Users\ndib8/.stm32cubeide/favorites.mcus.txt: 0 item(s)
2023-11-08 17:37:36,429 [INFO] ApiDb:427 - User favorites MCUs=[]
2023-11-08 17:37:36,429 [INFO] DbMcus:223 - Set 0 / 0 favorites MCUs
2023-11-08 17:37:36,596 [INFO] ApiDb:423 - Load user favorites file C:\Users\ndib8/.stm32cubeide/favorites.boards.txt: 0 item(s)
2023-11-08 17:37:36,596 [INFO] ApiDb:427 - User favorites Boards=[]
2023-11-08 17:37:36,597 [INFO] DbBoards:190 - Set 0 / 0 favorites Boards
2023-11-08 17:37:36,597 [INFO] McuFinderGlobals:76 - Set McuFinderConnectedMode to true
2023-11-08 17:37:36,603 [INFO] MultiScanPanel:200 - Auto-refresh data requested => check proxy status ongoing
2023-11-08 17:37:36,605 [INFO] FinderPluginLoader:95 - Searching for filters in installed packs
2023-11-08 17:37:37,705 [INFO] LoadUrlFilesThread:185 - End of LoadServerUrlFiles without Thread
2023-11-08 17:37:37,713 [INFO] DetailPanel:341 - Set advertising image to C:/Users/ndib8/STM32Cube/Repository/\en.prom-stm32h5-mcu-finder.jpg
2023-11-08 17:37:51,747 [INFO] MultiScanPanel:200 - Auto-refresh data requested => check proxy status ongoing
2023-11-08 17:37:51,861 [INFO] LoadUrlFilesThread:185 - End of LoadServerUrlFiles without Thread
2023-11-08 17:37:51,861 [INFO] DetailPanel:341 - Set advertising image to C:/Users/ndib8/STM32Cube/Repository/\en.prom-stm32h5-mcu-finder.jpg
2023-11-08 17:37:51,873 [INFO] DbBoards:634 - Loading board mini-images...
2023-11-08 17:37:53,399 [INFO] DbBoards:657 - Loaded 190 board mini-images
2023-11-08 17:37:56,163 [ERROR] LogOutputStream:75 - [STDERR_REDIRECT] SLF4J: Failed to load class "org.slf4j.impl.StaticLoggerBinder".
2023-11-08 17:37:56,163 [ERROR] LogOutputStream:75 - [STDERR_REDIRECT] SLF4J: Defaulting to no-operation (NOP) logger implementation
2023-11-08 17:37:56,164 [ERROR] LogOutputStream:75 - [STDERR_REDIRECT] SLF4J: See http://www.slf4j.org/codes.html#StaticLoggerBinder for further details.
2023-11-08 17:38:44,647 [INFO] MainUpdater:2868 - connection check result : 10
2023-11-08 17:38:44,647 [INFO] MainUpdater:2868 - connection check result : 10
2023-11-08 17:38:44,668 [INFO] MicroXplorer:468 - Change Database Path : 
2023-11-08 17:38:44,668 [INFO] MicroXplorer:498 - Change Database Version : DB.6.0.91
2023-11-08 17:38:44,673 [WARN] ThirdParty:871 - waiting for thirdparty lock release [close project]
2023-11-08 17:38:44,673 [INFO] ThirdParty:873 - entering critical section [close project]
2023-11-08 17:38:44,674 [INFO] ThirdParty:883 - exiting critical section [close project]
2023-11-08 17:38:44,676 [INFO] PinOutPanel:1499 - setPackage(No Configuration,No Configuration)
2023-11-08 17:38:44,683 [INFO] UtilMem:75 - Begin LoadConfig() Used Memory: 746020024 Bytes (1073741824)
2023-11-08 17:38:44,689 [INFO] OpenFileManager:308 - Change cursor
2023-11-08 17:38:44,721 [INFO] ProjectFactory:402 - No CPN specified for board NUCLEO-L4R5ZI-P => set CPN to STM32L4R5ZIT6P
2023-11-08 17:38:44,722 [INFO] Mcu:1946 - Initializing MCU STM32L4R5ZITxP STM32L4R5ZITxP STM32L4R5ZIT6P
2023-11-08 17:38:48,239 [INFO] Context:659 - Trying to add GPIOservice into a context  which must be forbidden
2023-11-08 17:38:48,900 [INFO] Rule:228 - rule 117617 - U5Cobra4M][GTZC] default value MPCBB3 and MPCBB5 - Not Secured memory - MPCBB1 is applicable
2023-11-08 17:38:48,901 [INFO] Rule:228 - rule 117617 - U5Cobra4M][GTZC] default value MPCBB3 and MPCBB5 - Not Secured memory - MPCBB1 is applicable
2023-11-08 17:38:48,901 [INFO] Rule:228 - rule 117617 - U5Cobra4M][GTZC] default value MPCBB3 and MPCBB5 - Not Secured memory - MPCBB2 is applicable
2023-11-08 17:38:48,901 [INFO] Rule:228 - rule 117617 - U5Cobra4M][GTZC] default value MPCBB3 and MPCBB5 - Not Secured memory - MPCBB2 is applicable
2023-11-08 17:38:48,901 [INFO] Rule:228 - rule 117617 - U5Cobra4M][GTZC] default value MPCBB3 and MPCBB5 - Not Secured memory - MPCBB3 is applicable
2023-11-08 17:38:48,901 [INFO] Rule:228 - rule 117617 - U5Cobra4M][GTZC] default value MPCBB3 and MPCBB5 - Not Secured memory - MPCBB3 is applicable
2023-11-08 17:38:48,901 [INFO] Rule:228 - rule 117617 - U5Cobra4M][GTZC] default value MPCBB3 and MPCBB5 - Not Secured memory - MPCBB4 is applicable
2023-11-08 17:38:48,901 [INFO] Rule:228 - rule 117617 - U5Cobra4M][GTZC] default value MPCBB3 and MPCBB5 - Not Secured memory - MPCBB4 is applicable
2023-11-08 17:38:48,901 [INFO] Rule:228 - rule 117617 - U5Cobra4M][GTZC] default value MPCBB3 and MPCBB5 - Secured memory - MPCBB1 is applicable
2023-11-08 17:38:48,901 [INFO] Rule:228 - rule 117617 - U5Cobra4M][GTZC] default value MPCBB3 and MPCBB5 - Secured memory - MPCBB2 is applicable
2023-11-08 17:38:48,901 [INFO] Rule:228 - rule 117617 - U5Cobra4M][GTZC] default value MPCBB3 and MPCBB5 - Secured memory - MPCBB3 is applicable
2023-11-08 17:38:48,901 [INFO] Rule:228 - rule 117617 - U5Cobra4M][GTZC] default value MPCBB3 and MPCBB5 - Secured memory - MPCBB4 is applicable
2023-11-08 17:38:48,901 [INFO] Rule:228 - rule 117617 - U5Cobra4M][GTZC] default value MPCBB3 and MPCBB5 - Privileged memory - MPCBB1 is applicable
2023-11-08 17:38:48,901 [INFO] Rule:228 - rule 117617 - U5Cobra4M][GTZC] default value MPCBB3 and MPCBB5 - Privileged memory - MPCBB2 is applicable
2023-11-08 17:38:48,902 [INFO] Rule:228 - rule 117617 - U5Cobra4M][GTZC] default value MPCBB3 and MPCBB5 - Privileged memory - MPCBB3 is applicable
2023-11-08 17:38:48,902 [INFO] Rule:228 - rule 117617 - U5Cobra4M][GTZC] default value MPCBB3 and MPCBB5 - Privileged memory - MPCBB4 is applicable
2023-11-08 17:38:48,902 [INFO] Rule:228 - rule 117617 - U5Cobra4M][GTZC] default value MPCBB3 and MPCBB5 - Not Privileged memory - MPCBB1 is applicable
2023-11-08 17:38:48,902 [INFO] Rule:228 - rule 117617 - U5Cobra4M][GTZC] default value MPCBB3 and MPCBB5 - Not Privileged memory - MPCBB2 is applicable
2023-11-08 17:38:48,902 [INFO] Rule:228 - rule 117617 - U5Cobra4M][GTZC] default value MPCBB3 and MPCBB5 - Not Privileged memory - MPCBB3 is applicable
2023-11-08 17:38:48,902 [INFO] Rule:228 - rule 117617 - U5Cobra4M][GTZC] default value MPCBB3 and MPCBB5 - Not Privileged memory - MPCBB4 is applicable
2023-11-08 17:38:48,902 [INFO] Rule:228 - rule 117617 - U5Cobra4M][GTZC] default value MPCBB3 and MPCBB5 - Privileged memory - MPCBB1 is applicable
2023-11-08 17:38:48,902 [INFO] Rule:228 - rule 117617 - U5Cobra4M][GTZC] default value MPCBB3 and MPCBB5 - Privileged memory - MPCBB2 is applicable
2023-11-08 17:38:48,902 [INFO] Rule:228 - rule 117617 - U5Cobra4M][GTZC] default value MPCBB3 and MPCBB5 - Privileged memory - MPCBB3 is applicable
2023-11-08 17:38:48,902 [INFO] Rule:228 - rule 117617 - U5Cobra4M][GTZC] default value MPCBB3 and MPCBB5 - Privileged memory - MPCBB4 is applicable
2023-11-08 17:38:48,902 [INFO] Rule:228 - rule 117617 - U5Cobra4M][GTZC] default value MPCBB3 and MPCBB5 - Privileged memory - MPCBB1 is applicable
2023-11-08 17:38:48,902 [INFO] Rule:228 - rule 117617 - U5Cobra4M][GTZC] default value MPCBB3 and MPCBB5 - Privileged memory - MPCBB2 is applicable
2023-11-08 17:38:48,902 [INFO] Rule:228 - rule 117617 - U5Cobra4M][GTZC] default value MPCBB3 and MPCBB5 - Privileged memory - MPCBB3 is applicable
2023-11-08 17:38:48,903 [INFO] Rule:228 - rule 117617 - U5Cobra4M][GTZC] default value MPCBB3 and MPCBB5 - Privileged memory - MPCBB4 is applicable
2023-11-08 17:38:48,903 [INFO] Rule:228 - rule 117617 - U5Cobra4M][GTZC] default value MPCBB3 and MPCBB5 - Not Privileged memory - MPCBB1 is applicable
2023-11-08 17:38:48,903 [INFO] Rule:228 - rule 117617 - U5Cobra4M][GTZC] default value MPCBB3 and MPCBB5 - Not Privileged memory - MPCBB2 is applicable
2023-11-08 17:38:48,903 [INFO] Rule:228 - rule 117617 - U5Cobra4M][GTZC] default value MPCBB3 and MPCBB5 - Not Privileged memory - MPCBB3 is applicable
2023-11-08 17:38:48,903 [INFO] Rule:228 - rule 117617 - U5Cobra4M][GTZC] default value MPCBB3 and MPCBB5 - Not Privileged memory - MPCBB4 is applicable
2023-11-08 17:38:48,903 [INFO] Rule:228 - rule 117617 - U5Cobra4M][GTZC] default value MPCBB3 and MPCBB5 - Privileged memory - MPCBB1 is applicable
2023-11-08 17:38:48,903 [INFO] Rule:228 - rule 117617 - U5Cobra4M][GTZC] default value MPCBB3 and MPCBB5 - Privileged memory - MPCBB2 is applicable
2023-11-08 17:38:48,903 [INFO] Rule:228 - rule 117617 - U5Cobra4M][GTZC] default value MPCBB3 and MPCBB5 - Privileged memory - MPCBB3 is applicable
2023-11-08 17:38:48,903 [INFO] Rule:228 - rule 117617 - U5Cobra4M][GTZC] default value MPCBB3 and MPCBB5 - Privileged memory - MPCBB4 is applicable
2023-11-08 17:38:48,903 [INFO] Rule:228 - rule Rename SubGHz_Phy SUBGHZ_APPLICATION SUBGHZ_PINGPONG to SUBGHZ_ADV_APPLICATION is applicable
2023-11-08 17:38:48,903 [INFO] Rule:228 - rule Rename Enabled to IBEACON is applicable
2023-11-08 17:38:48,903 [INFO] Rule:228 - rule GTZC_S instance for project manager is applicable
2023-11-08 17:38:48,903 [INFO] Rule:228 - rule GTZC_S instance for context M33S is applicable
2023-11-08 17:38:48,903 [INFO] Rule:228 - rule GTZC_S instance value for IP GTZC is applicable
2023-11-08 17:38:48,904 [INFO] Rule:228 - rule GTZC_S instance for mcu.IP is applicable
2023-11-08 17:38:48,904 [INFO] Rule:228 - rule GTZC_S instance for VP is applicable
2023-11-08 17:38:48,904 [INFO] Rule:228 - rule GTZC_S instance for signal is applicable
2023-11-08 17:38:48,904 [INFO] Rule:228 - rule GTZC_S instance for mcu.Pin is applicable
2023-11-08 17:38:48,904 [INFO] Rule:228 - rule GTZC_S instance for VP is applicable
2023-11-08 17:38:48,904 [INFO] Rule:228 - rule GTZC_S instance for signal is applicable
2023-11-08 17:38:48,904 [INFO] Rule:228 - rule GTZC_S instance for mcu is applicable
2023-11-08 17:38:48,904 [INFO] Rule:228 - rule GTZC_S instance for mcu.Pin is applicable
2023-11-08 17:38:48,904 [INFO] Rule:228 - rule GTZC_S instance value for IP GTZC is applicable
2023-11-08 17:38:48,904 [INFO] Rule:228 - rule GTZC_S instance for project manager is applicable
2023-11-08 17:38:48,904 [INFO] Rule:228 - rule GTZC_S instance for context M33S is applicable
2023-11-08 17:38:48,904 [INFO] Rule:228 - rule GTZC_S instance for VP is applicable
2023-11-08 17:38:48,905 [INFO] Rule:228 - rule GTZC_S instance for signal is applicable
2023-11-08 17:38:48,905 [INFO] Rule:228 - rule SPDIFRX instance for mcu is applicable
2023-11-08 17:38:48,905 [INFO] Rule:228 - rule Rename Tracer Mode is applicable
2023-11-08 17:38:48,905 [INFO] Rule:228 - rule SPDIFRX instance value for IP SPDIFRX is applicable
2023-11-08 17:38:48,905 [INFO] Rule:228 - rule SPDIFRX instance for signal is applicable
2023-11-08 17:38:48,905 [INFO] Rule:228 - rule SPDIFRX instance for project manager is applicable
2023-11-08 17:38:48,905 [INFO] Rule:228 - rule SPDIFRX instance for project manager is applicable
2023-11-08 17:38:48,905 [INFO] Rule:228 - rule ADC Scan  fix with FW F7 is applicable
2023-11-08 17:38:48,905 [INFO] Rule:228 - rule ADC Scan  fix with FW F7 is applicable
2023-11-08 17:38:48,905 [INFO] Rule:228 - rule WakeUp0 Mode is applicable
2023-11-08 17:38:48,906 [INFO] Rule:228 - rule WakeUp0 SIGNAL is applicable
2023-11-08 17:38:48,906 [INFO] Rule:228 - rule WakeUp1 Mode is applicable
2023-11-08 17:38:48,906 [INFO] Rule:228 - rule WakeUp1 SIGNAL is applicable
2023-11-08 17:38:48,906 [INFO] Rule:228 - rule WakeUp2 Mode is applicable
2023-11-08 17:38:48,906 [INFO] Rule:228 - rule WakeUp2 SIGNAL is applicable
2023-11-08 17:38:48,906 [INFO] Rule:228 - rule WakeUp4 Mode is applicable
2023-11-08 17:38:48,906 [INFO] Rule:228 - rule WakeUp4 SIGNAL is applicable
2023-11-08 17:38:48,906 [INFO] Rule:228 - rule WakeUp5 Mode is applicable
2023-11-08 17:38:48,906 [INFO] Rule:228 - rule WakeUp5 SIGNAL is applicable
2023-11-08 17:38:48,906 [INFO] Rule:228 - rule Change Default Value for LSE Drive Capability for WB family is applicable
2023-11-08 17:38:48,906 [INFO] Rule:228 - rule Change Default Value for ADC Clock Prescaler G0 family is applicable
2023-11-08 17:38:48,907 [INFO] Rule:228 - rule Rename AES DataEncryptionTypesList to Algorithm is applicable
2023-11-08 17:38:48,907 [INFO] Rule:228 - rule Rename TDESECB to CRYP_TDES_ECB is applicable
2023-11-08 17:38:48,907 [INFO] Rule:228 - rule Rename TDESCBC to CRYP_TDES_CBC is applicable
2023-11-08 17:38:48,907 [INFO] Rule:228 - rule Rename DESECB to CRYP_DES_ECB is applicable
2023-11-08 17:38:48,907 [INFO] Rule:228 - rule Rename DESCBC to CRYP_DES_CBC is applicable
2023-11-08 17:38:48,907 [INFO] Rule:228 - rule Rename AESECB to CRYP_AES_ECB is applicable
2023-11-08 17:38:48,907 [INFO] Rule:228 - rule Rename AESCBC to CRYP_AES_CBC is applicable
2023-11-08 17:38:48,907 [INFO] Rule:228 - rule Rename AESCTR to CRYP_AES_CTR is applicable
2023-11-08 17:38:48,907 [INFO] Rule:228 - rule Rename AESGCM to CRYP_AES_GCM is applicable
2023-11-08 17:38:48,907 [INFO] Rule:228 - rule Rename AESCCM to CRYP_AES_CCM is applicable
2023-11-08 17:38:48,908 [INFO] Rule:228 - rule USART TxPinLevelInvertParam Mode is applicable
2023-11-08 17:38:48,908 [INFO] Rule:228 - rule USART RxPinLevelInvertParam Mode is applicable
2023-11-08 17:38:48,908 [INFO] Rule:228 - rule USART DataInvertParam Mode is applicable
2023-11-08 17:38:48,908 [INFO] Rule:228 - rule USART SwapParam Mode is applicable
2023-11-08 17:38:48,908 [INFO] Rule:228 - rule USART OverrunDisableParam Mode is applicable
2023-11-08 17:38:48,908 [INFO] Rule:228 - rule USART DMADisableonRxErrorParam Mode is applicable
2023-11-08 17:38:48,908 [INFO] Rule:228 - rule USART MSBFirstParam Mode is applicable
2023-11-08 17:38:48,908 [INFO] Rule:228 - rule Update MwName for USB_DEVICE is applicable
2023-11-08 17:38:48,908 [INFO] Rule:228 - rule Change PWR_Regulator_Voltage_Scale Default Value for RCC  H7 family is applicable
2023-11-08 17:38:48,908 [INFO] Rule:228 - rule UART/USART IPParameter rename Prescaler parameter to ClockPrescaler is applicable
2023-11-08 17:38:48,908 [INFO] Rule:228 - rule UART/USART Prescaler rename Prescaler parameter to ClockPrescaler is applicable
2023-11-08 17:38:48,908 [INFO] Rule:228 - rule TIM1CLockSelection is applicable
2023-11-08 17:38:48,908 [INFO] Rule:228 - rule TIM15CLockSelection is applicable
2023-11-08 17:38:48,909 [INFO] Rule:228 - rule align RCC SDMMC3CLockSelection default value on MP1 is applicable
2023-11-08 17:38:48,909 [INFO] Rule:228 - rule align RCC SDMMC12CLockSelection default value on MP1 is applicable
2023-11-08 17:38:48,909 [INFO] Rule:228 - rule align RCC QSPICLockSelection default value on MP1 is applicable
2023-11-08 17:38:48,909 [INFO] Rule:228 - rule align RCC QSPICLockSelection default value on MP1 is applicable
2023-11-08 17:38:48,909 [INFO] Rule:228 - rule align RCC SPI6CLockSelection default value on MP1 is applicable
2023-11-08 17:38:48,909 [INFO] Rule:228 - rule align RCC LPTIM23CLockSelection default value on MP1 is applicable
2023-11-08 17:38:48,909 [INFO] Rule:228 - rule align RCC LPTIM1CLockSelection default value on MP1 is applicable
2023-11-08 17:38:48,909 [INFO] Rule:228 - rule align RCC USART1CLockSelection default value on MP1 is applicable
2023-11-08 17:38:48,909 [INFO] Rule:228 - rule align RCC USART24CLockSelection default value on MP1 is applicable
2023-11-08 17:38:48,909 [INFO] Rule:228 - rule align RCC USART6CLockSelection default value on MP1 is applicable
2023-11-08 17:38:48,909 [INFO] Rule:228 - rule align RCC UART78CLockSelection default value on MP1 is applicable
2023-11-08 17:38:48,909 [INFO] Rule:228 - rule align RCC USART35CLockSelection default value on MP1 is applicable
2023-11-08 17:38:48,909 [INFO] Rule:228 - rule align RCC SPI45CLockSelection default value on MP1 is applicable
2023-11-08 17:38:48,909 [INFO] Rule:228 - rule align RCC I2C46CLockSelection BCLK value on MP1 is applicable
2023-11-08 17:38:48,909 [INFO] Rule:228 - rule align RCC SPI45CLockSelection default value on MP1 is applicable
2023-11-08 17:38:48,909 [INFO] Rule:228 - rule align RCC I2C12CLockSelection default value on MP1 is applicable
2023-11-08 17:38:48,909 [INFO] Rule:228 - rule align RCC I2C35CLockSelection default value on MP1 is applicable
2023-11-08 17:38:48,909 [INFO] Rule:228 - rule align RCC LPTIM45CLockSelection default value on MP1 is applicable
2023-11-08 17:38:48,909 [INFO] Rule:228 - rule Rename DCMI PIXCK signal is applicable
2023-11-08 17:38:48,909 [INFO] Rule:228 - rule Change Default Value for I2C46CLockSelection MP1 family is applicable
2023-11-08 17:38:48,911 [INFO] Rule:228 - rule Change Default Value for UART for G4, G0 and WB families is applicable
2023-11-08 17:38:48,911 [INFO] Rule:228 - rule Change Default Value for USART for G4, G0 and WB families is applicable
2023-11-08 17:38:48,911 [INFO] Rule:228 - rule Change Default Value for USART for G4 family is applicable
2023-11-08 17:38:48,911 [INFO] Rule:228 - rule Change USART1CLockSelection refparam name for MP1 is applicable
2023-11-08 17:38:48,911 [INFO] Rule:228 - rule Change USART2CLockSelection refparam name for MP1 is applicable
2023-11-08 17:38:48,911 [INFO] Rule:228 - rule Change USART3CLockSelection refparam name for MP1 is applicable
2023-11-08 17:38:48,911 [INFO] Rule:228 - rule Change UART4CLockSelection refparam name for MP1 is applicable
2023-11-08 17:38:48,911 [INFO] Rule:228 - rule Change UART5CLockSelection refparam name for MP1 is applicable
2023-11-08 17:38:48,911 [INFO] Rule:228 - rule Change LPUART1CLockSelection refparam name for MP1 is applicable
2023-11-08 17:38:48,911 [INFO] Rule:228 - rule Change LPTIM1CLockSelection refparam name for MP1 is applicable
2023-11-08 17:38:48,911 [INFO] Rule:228 - rule Change LPTIM2CLockSelection refparam name for MP1 is applicable
2023-11-08 17:38:48,911 [INFO] Rule:228 - rule Change RCC_MCO1Source refparam name for MP1 is applicable
2023-11-08 17:38:48,911 [INFO] Rule:228 - rule Change LSCOSource1 refparam name for MP1 is applicable
2023-11-08 17:38:48,911 [INFO] Rule:228 - rule Change SMPSCLockSelection refparam name for MP1 is applicable
2023-11-08 17:38:48,911 [INFO] Rule:228 - rule Change LPTIM3CLockSelection refparam name for MP1 is applicable
2023-11-08 17:38:48,912 [INFO] Rule:228 - rule Change MPCBB* Default Template Mode to Parameters is applicable
2023-11-08 17:38:48,912 [INFO] Rule:228 - rule Change MPCWM* or MPCBB* Secure Mode to Parameters is applicable
2023-11-08 17:38:48,912 [INFO] Rule:228 - rule Change MPCWM* or MPCBB* No Secure Mode to Parameters is applicable
2023-11-08 17:38:48,912 [INFO] Rule:228 - rule Change TZSC IP Secure Mode to Parameters is applicable
2023-11-08 17:38:48,912 [INFO] Rule:228 - rule Change TZSC IP No Secure Mode to Parameters is applicable
2023-11-08 17:38:48,912 [INFO] Rule:228 - rule Change TZSC IP Privilege Mode to Parameters is applicable
2023-11-08 17:38:48,912 [INFO] Rule:228 - rule Change TZSC IP No Privilege Mode to Parameters is applicable
2023-11-08 17:38:48,912 [INFO] Rule:228 - rule Change TZIC IT Secure Mode to Parameters is applicable
2023-11-08 17:38:48,912 [INFO] Rule:228 - rule Change TZIC IT No Secure Mode to Parameters is applicable
2023-11-08 17:38:48,912 [INFO] Rule:228 - rule Add MPCBB1_NonSecureArea_Start_Address value with referenced to MPCBB1_NonSecureArea_Start value is applicable
2023-11-08 17:38:48,912 [INFO] Rule:228 - rule Add MPCBB2_NonSecureArea_Start_Address value with referenced to MPCBB2_NonSecureArea_Start value is applicable
2023-11-08 17:38:48,912 [INFO] Rule:228 - rule Add MPCWM1_NonSecureArea*_Start_Address value with referenced to MPCWM1_NonSecureArea*_Start value is applicable
2023-11-08 17:38:48,912 [INFO] Rule:228 - rule Add MPCWM2_NonSecureArea*_Start_Address value with referenced to MPCWM2_NonSecureArea*_Start value is applicable
2023-11-08 17:38:48,912 [INFO] Rule:228 - rule Add MPCWM3_NonSecureArea_Start_Address value with referenced to MPCWM3_NonSecureArea_Start value is applicable
2023-11-08 17:38:48,912 [INFO] Rule:228 - rule Change Default Value for PLL1UserDefinedConfig is applicable
2023-11-08 17:38:48,913 [INFO] Rule:228 - rule Change GPIO_PuPd Default Value for USART in async mode is applicable
2023-11-08 17:38:48,913 [INFO] Rule:228 - rule Change SMPSDivider Default Value is applicable
2023-11-08 17:38:48,913 [INFO] Rule:228 - rule OPAMP is applicable
2023-11-08 17:38:48,913 [INFO] Rule:228 - rule LPUART IPParameter rename Prescaler parameter to ClockPrescaler for STM32H7 is applicable
2023-11-08 17:38:48,913 [INFO] Rule:228 - rule LPUART IPParameter rename Prescaler parameter to ClockPrescaler for STM32H7 is applicable
2023-11-08 17:38:48,913 [INFO] Rule:228 - rule LPUART IPParameter rename Prescaler parameter to ClockPrescaler for STM32WB is applicable
2023-11-08 17:38:48,913 [INFO] Rule:228 - rule LPUART IPParameter rename Prescaler parameter to ClockPrescaler for STM32WB is applicable
2023-11-08 17:38:48,913 [INFO] Rule:228 - rule LPUART IPParameter rename Prescaler parameter to ClockPrescaler for STM32G4 is applicable
2023-11-08 17:38:48,913 [INFO] Rule:228 - rule LPUART IPParameter rename Prescaler parameter to ClockPrescaler for STM32G4 is applicable
2023-11-08 17:38:48,913 [INFO] Rule:228 - rule LPUART IPParameter rename Prescaler parameter to ClockPrescaler for STM32L5 is applicable
2023-11-08 17:38:48,913 [INFO] Rule:228 - rule LPUART IPParameter rename Prescaler parameter to ClockPrescaler for STM32L5 is applicable
2023-11-08 17:38:48,913 [INFO] Rule:228 - rule LPUART IPParameter rename Prescaler parameter to ClockPrescaler for STM32G4 is applicable
2023-11-08 17:38:48,913 [INFO] Rule:228 - rule LPUART IPParameter rename Prescaler parameter to ClockPrescaler for STM32G4 is applicable
2023-11-08 17:38:48,913 [INFO] Rule:228 - rule USB device lib V2.5.3 for L0 rename USBD_SUPPORT_USER_STRING parameter to USBD_SUPPORT_USER_STRING_DESC4 is applicable
2023-11-08 17:38:48,913 [INFO] Rule:228 - rule I2SCLockSelection clock entry align is applicable
2023-11-08 17:38:48,914 [INFO] Rule:228 - rule Assign TIMx context if used as SYS timebase is applicable
2023-11-08 17:38:48,914 [INFO] Rule:228 - rule Change GPIO_Pu Default Value for I2C is applicable
2023-11-08 17:38:48,914 [INFO] Rule:228 - rule Change GPIO_Pu Default Value for SMBus is applicable
2023-11-08 17:38:48,914 [INFO] Rule:228 - rule change FDCAN default value is applicable
2023-11-08 17:38:48,914 [INFO] Rule:228 - rule Change mode sai is applicable
2023-11-08 17:38:48,914 [INFO] Rule:228 - rule **Change sai mode is applicable
2023-11-08 17:38:48,926 [INFO] DbConfProperties:307 - Apply Compatibility (12/168 Rules)
2023-11-08 17:38:49,378 [INFO] RtosManager:555 - Registered RTOS mode: class=CMSIS, group=RTOS, mode=CMSIS_V1, owner=FREERTOS
2023-11-08 17:38:49,380 [INFO] RtosManager:555 - Registered RTOS mode: class=CMSIS, group=RTOS2, mode=CMSIS_V2, owner=FREERTOS
2023-11-08 17:38:49,380 [INFO] RtosManager:555 - Registered RTOS mode: class=RTOS, group=Core, mode=CMSIS_V1, owner=FREERTOS
2023-11-08 17:38:49,380 [INFO] RtosManager:555 - Registered RTOS mode: class=RTOS, group=Core, mode=CMSIS_V2, owner=FREERTOS
2023-11-08 17:38:49,380 [WARN] ModelIntegratedComponent:184 - Missing modes for component STMicroelectronics:FreeRTOS:0.0.1:STMicroelectronics:RTOS:FreeRTOS:Core:::10.2.0:
2023-11-08 17:38:49,402 [WARN] ModelIntegratedComponent:63 - No mode defined for component null
2023-11-08 17:38:49,402 [WARN] ModelIntegratedComponent:63 - No mode defined for component null
2023-11-08 17:38:49,402 [WARN] ModelIntegratedComponent:63 - No mode defined for component null
2023-11-08 17:38:49,402 [WARN] ModelIntegratedComponent:63 - No mode defined for component null
2023-11-08 17:38:49,402 [WARN] ModelIntegratedComponent:63 - No mode defined for component null
2023-11-08 17:38:49,402 [WARN] ModelIntegratedComponent:63 - No mode defined for component null
2023-11-08 17:38:49,402 [WARN] ModelIntegratedComponent:63 - No mode defined for component null
2023-11-08 17:38:49,402 [WARN] ModelIntegratedComponent:63 - No mode defined for component null
2023-11-08 17:38:49,402 [WARN] ModelIntegratedComponent:63 - No mode defined for component null
2023-11-08 17:38:49,402 [WARN] ModelIntegratedComponent:63 - No mode defined for component null
2023-11-08 17:38:49,402 [WARN] ModelIntegratedComponent:63 - No mode defined for component null
2023-11-08 17:38:49,402 [WARN] ModelIntegratedComponent:63 - No mode defined for component null
2023-11-08 17:38:49,402 [WARN] ModelIntegratedComponent:63 - No mode defined for component null
2023-11-08 17:38:49,402 [WARN] ModelIntegratedComponent:63 - No mode defined for component null
2023-11-08 17:38:49,403 [WARN] ModelIntegratedComponent:63 - No mode defined for component null
2023-11-08 17:38:49,403 [WARN] ModelIntegratedComponent:63 - No mode defined for component null
2023-11-08 17:38:49,403 [WARN] ModelIntegratedComponent:63 - No mode defined for component null
2023-11-08 17:38:49,403 [WARN] ModelIntegratedComponent:63 - No mode defined for component null
2023-11-08 17:38:49,403 [WARN] ModelIntegratedComponent:63 - No mode defined for component null
2023-11-08 17:38:49,403 [WARN] ModelIntegratedComponent:63 - No mode defined for component null
2023-11-08 17:38:49,403 [WARN] ModelIntegratedComponent:63 - No mode defined for component null
2023-11-08 17:38:49,403 [WARN] ModelIntegratedComponent:63 - No mode defined for component null
2023-11-08 17:38:49,403 [WARN] ModelIntegratedComponent:63 - No mode defined for component null
2023-11-08 17:38:49,403 [WARN] ModelIntegratedComponent:63 - No mode defined for component null
2023-11-08 17:38:49,403 [WARN] ModelIntegratedComponent:63 - No mode defined for component null
2023-11-08 17:38:49,403 [WARN] ModelIntegratedComponent:63 - No mode defined for component null
2023-11-08 17:38:49,403 [WARN] ModelIntegratedComponent:63 - No mode defined for component null
2023-11-08 17:38:49,403 [WARN] ModelIntegratedComponent:63 - No mode defined for component null
2023-11-08 17:38:49,403 [WARN] ModelIntegratedComponent:63 - No mode defined for component null
2023-11-08 17:38:49,404 [WARN] ModelIntegratedComponent:63 - No mode defined for component null
2023-11-08 17:38:49,404 [WARN] ModelIntegratedComponent:63 - No mode defined for component null
2023-11-08 17:38:49,404 [WARN] ModelIntegratedComponent:63 - No mode defined for component null
2023-11-08 17:38:49,404 [WARN] ModelIntegratedComponent:63 - No mode defined for component null
2023-11-08 17:38:49,530 [INFO] ThirdPartyModel:298 - Start build external matchings
2023-11-08 17:38:50,089 [INFO] ThirdPartyModel:316 - End build external matchings
2023-11-08 17:38:50,567 [INFO] UtilMem:75 - End LoadConfig() Used Memory: 817416312 Bytes (1073741824)
2023-11-08 17:38:50,716 [WARN] ThirdParty:833 - waiting for thirdparty lock release [change project]
2023-11-08 17:38:50,716 [INFO] ThirdParty:835 - entering critical section [change project]
2023-11-08 17:38:50,717 [INFO] ThirdParty:1030 - CMSIS Pack Vendor :STMicroelectronics X-CUBE-ISPU 1.1.0
2023-11-08 17:38:50,717 [INFO] ThirdParty:1030 - CMSIS Pack Vendor :STMicroelectronics USBPD 4.1
2023-11-08 17:38:50,717 [INFO] ThirdParty:1030 - CMSIS Pack Vendor :STMicroelectronics X-CUBE-GNSS1 6.0.0
2023-11-08 17:38:50,717 [INFO] ThirdParty:1030 - CMSIS Pack Vendor :STMicroelectronics USB_HOST 2.0.0
2023-11-08 17:38:50,717 [INFO] ThirdParty:1030 - CMSIS Pack Vendor :STMicroelectronics X-CUBE-AZRTOS-F4 1.1.0
2023-11-08 17:38:50,717 [INFO] ThirdParty:1030 - CMSIS Pack Vendor :STMicroelectronics LIBJPEG 8.0.0
2023-11-08 17:38:50,717 [INFO] ThirdParty:1030 - CMSIS Pack Vendor :wolfSSL I-CUBE-wolfSSL 5.6.3
2023-11-08 17:38:50,717 [INFO] ThirdParty:1030 - CMSIS Pack Vendor :STMicroelectronics X-CUBE-SMBUS 2.1.0
2023-11-08 17:38:50,717 [INFO] ThirdParty:1030 - CMSIS Pack Vendor :STMicroelectronics USB_DEVICE 3.0.0
2023-11-08 17:38:50,717 [INFO] ThirdParty:1030 - CMSIS Pack Vendor :STMicroelectronics X-CUBE-AZRTOS-WB 2.0.0
2023-11-08 17:38:50,717 [INFO] ThirdParty:1030 - CMSIS Pack Vendor :STMicroelectronics X-CUBE-AZRTOS-F7 1.1.0
2023-11-08 17:38:50,717 [INFO] ThirdParty:1030 - CMSIS Pack Vendor :STMicroelectronics X-CUBE-AZRTOS-L5 2.0.0
2023-11-08 17:38:50,717 [INFO] ThirdParty:1030 - CMSIS Pack Vendor :STMicroelectronics USB_DEVICE 2.0.0
2023-11-08 17:38:50,717 [INFO] ThirdParty:1030 - CMSIS Pack Vendor :STMicroelectronics X-CUBE-MEMS1 9.6.0
2023-11-08 17:38:50,717 [INFO] ThirdParty:1030 - CMSIS Pack Vendor :STMicroelectronics X-CUBE-EEPRMA1 4.2.0
2023-11-08 17:38:50,717 [INFO] ThirdParty:1030 - CMSIS Pack Vendor :ITTIA_DB I-CUBE-ITTIADB 8.8.0
2023-11-08 17:38:50,717 [INFO] ThirdParty:1030 - CMSIS Pack Vendor :STMicroelectronics FP-SNS-MOTENV1 4.3.2
2023-11-08 17:38:50,717 [INFO] ThirdParty:1030 - CMSIS Pack Vendor :STMicroelectronics X-CUBE-ALGOBUILD 1.3.0
2023-11-08 17:38:50,717 [INFO] ThirdParty:1030 - CMSIS Pack Vendor :STMicroelectronics FreeRTOS 0.0.1
2023-11-08 17:38:50,717 [INFO] ThirdParty:1030 - CMSIS Pack Vendor :STMicroelectronics X-CUBE-AZRTOS-G0 1.1.0
2023-11-08 17:38:50,717 [INFO] ThirdParty:1030 - CMSIS Pack Vendor :STMicroelectronics X-CUBE-BLEMGR 2.0.0
2023-11-08 17:38:50,717 [INFO] ThirdParty:1030 - CMSIS Pack Vendor :STMicroelectronics X-CUBE-NFC4 3.0.0
2023-11-08 17:38:50,717 [INFO] ThirdParty:1030 - CMSIS Pack Vendor :STMicroelectronics X-CUBE-SUBG2 5.0.0
2023-11-08 17:38:50,718 [INFO] ThirdParty:1030 - CMSIS Pack Vendor :STMicroelectronics STM32_WPAN 1.0.0
2023-11-08 17:38:50,718 [INFO] ThirdParty:1030 - CMSIS Pack Vendor :STMicroelectronics lwIP 2.0.3
2023-11-08 17:38:50,718 [INFO] ThirdParty:1030 - CMSIS Pack Vendor :STMicroelectronics FP-SNS-FLIGHT1 5.0.2
2023-11-08 17:38:50,718 [INFO] ThirdParty:1030 - CMSIS Pack Vendor :STMicroelectronics USB_HOST 1.0.0
2023-11-08 17:38:50,718 [INFO] ThirdParty:1030 - CMSIS Pack Vendor :STMicroelectronics X-CUBE-TOF1 3.3.1
2023-11-08 17:38:50,718 [INFO] ThirdParty:1030 - CMSIS Pack Vendor :STMicroelectronics X-CUBE-AZRTOS-G4 2.0.0
2023-11-08 17:38:50,718 [INFO] ThirdParty:1030 - CMSIS Pack Vendor :STMicroelectronics PDM2PCM 3.1.0
2023-11-08 17:38:50,718 [INFO] ThirdParty:1030 - CMSIS Pack Vendor :STMicroelectronics X-CUBE-AZRTOS-H7 3.1.0
2023-11-08 17:38:50,718 [INFO] ThirdParty:1030 - CMSIS Pack Vendor :Infineon AIROC-Wi-Fi-Bluetooth-STM32 1.5.1
2023-11-08 17:38:50,718 [INFO] ThirdParty:1030 - CMSIS Pack Vendor :STMicroelectronics X-CUBE-BLEMGR 3.0.0
2023-11-08 17:38:50,718 [INFO] ThirdParty:1030 - CMSIS Pack Vendor :STMicroelectronics PDM2PCM 3.3.0
2023-11-08 17:38:50,718 [INFO] ThirdParty:1030 - CMSIS Pack Vendor :STMicroelectronics X-CUBE-DISPLAY 3.0.0
2023-11-08 17:38:50,718 [INFO] ThirdParty:1030 - CMSIS Pack Vendor :STMicroelectronics FP-SNS-MOTENVWB1 1.3.0
2023-11-08 17:38:50,718 [INFO] ThirdParty:1030 - CMSIS Pack Vendor :STMicroelectronics X-CUBE-BLE1 7.0.0
2023-11-08 17:38:50,718 [INFO] ThirdParty:1030 - CMSIS Pack Vendor :STMicroelectronics FP-ATR-SIGFOX1 3.2.0
2023-11-08 17:38:50,718 [INFO] ThirdParty:1030 - CMSIS Pack Vendor :STMicroelectronics HAL Drivers 0.0.0
2023-11-08 17:38:50,718 [INFO] ThirdParty:1030 - CMSIS Pack Vendor :STMicroelectronics MBEDTLS 2.16.2
2023-11-08 17:38:50,718 [INFO] ThirdParty:1030 - CMSIS Pack Vendor :emotas I-CUBE-CANOPEN 1.3.0
2023-11-08 17:38:50,718 [INFO] ThirdParty:1030 - CMSIS Pack Vendor :STMicroelectronics X-CUBE-MEMS1 10.0.0
2023-11-08 17:38:50,718 [INFO] ThirdParty:1030 - CMSIS Pack Vendor :STMicroelectronics X-CUBE-FREERTOS 1.1.0
2023-11-08 17:38:50,718 [INFO] ThirdParty:1030 - CMSIS Pack Vendor :STMicroelectronics X-CUBE-TOUCHGFX 4.22.0
2023-11-08 17:38:50,718 [INFO] ThirdParty:1030 - CMSIS Pack Vendor :STMicroelectronics X-CUBE-NFC7 1.0.1
2023-11-08 17:38:50,718 [INFO] ThirdParty:1030 - CMSIS Pack Vendor :STMicroelectronics MBEDTLS 2.14.1
2023-11-08 17:38:50,718 [INFO] ThirdParty:1030 - CMSIS Pack Vendor :STMicroelectronics X-CUBE-TOUCHGFX 4.22.1
2023-11-08 17:38:50,718 [INFO] ThirdParty:1030 - CMSIS Pack Vendor :STMicroelectronics X-CUBE-NFC6 3.0.0
2023-11-08 17:38:50,718 [INFO] ThirdParty:1030 - CMSIS Pack Vendor :STMicroelectronics X-CUBE-EEPRMA1 4.1.0
2023-11-08 17:38:50,719 [INFO] ThirdParty:1030 - CMSIS Pack Vendor :portGmbH I-Cube-SoM-uGOAL 1.1.0
2023-11-08 17:38:50,719 [INFO] ThirdParty:1030 - CMSIS Pack Vendor :STMicroelectronics X-CUBE-ALS 1.0.1
2023-11-08 17:38:50,719 [INFO] ThirdParty:1030 - CMSIS Pack Vendor :STMicroelectronics ThreadX 1.0.0
2023-11-08 17:38:50,719 [INFO] ThirdParty:1030 - CMSIS Pack Vendor :STMicroelectronics FP-SNS-SMARTAG2 1.2.0
2023-11-08 17:38:50,719 [INFO] ThirdParty:1030 - CMSIS Pack Vendor :STMicroelectronics X-CUBE-AZRTOS-WL 2.0.0
2023-11-08 17:38:50,719 [INFO] ThirdParty:1030 - CMSIS Pack Vendor :SEGGER I-CUBE-embOS 1.3.1
2023-11-08 17:38:50,719 [INFO] ThirdParty:1030 - CMSIS Pack Vendor :STMicroelectronics USB_DEVICE 1.0.0
2023-11-08 17:38:50,719 [INFO] ThirdParty:1030 - CMSIS Pack Vendor :STMicroelectronics X-CUBE-AI 8.1.0
2023-11-08 17:38:50,719 [INFO] ThirdParty:1030 - CMSIS Pack Vendor :STMicroelectronics X-CUBE-AZRTOS-L4 2.0.0
2023-11-08 17:38:50,719 [INFO] ThirdParty:1030 - CMSIS Pack Vendor :STMicroelectronics ThreadX 0.0.2
2023-11-08 17:38:50,719 [INFO] ThirdParty:1030 - CMSIS Pack Vendor :WES I-CUBE-Cesium 1.3.0
2023-11-08 17:38:50,719 [INFO] ThirdParty:1030 - CMSIS Pack Vendor :STMicroelectronics FP-ATR-ASTRA1 2.0.0
2023-11-08 17:38:50,719 [INFO] ThirdParty:1030 - CMSIS Pack Vendor :STMicroelectronics lwIP 2.1.2
2023-11-08 17:38:50,719 [INFO] ThirdParty:1030 - CMSIS Pack Vendor :STMicroelectronics X-CUBE-SFXS2LP1 4.0.0
2023-11-08 17:38:50,719 [INFO] ThirdParty:1030 - CMSIS Pack Vendor :STMicroelectronics X-CUBE-BLE2 3.3.0
2023-11-08 17:38:50,719 [INFO] ThirdParty:1030 - CMSIS Pack Vendor :STMicroelectronics PDM2PCM 3.2.0
2023-11-08 17:38:50,719 [INFO] ThirdParty:841 - exiting critical section [change project]
2023-11-08 17:38:51,140 [INFO] PinOutPanel:1499 - setPackage(No Configuration,No Configuration)
2023-11-08 17:38:51,142 [INFO] PinOutPanel:1499 - setPackage(STM32L4R5ZITxP,LQFP144)
2023-11-08 17:38:51,689 [INFO] UtilMem:75 - Before build in PCC Used Memory: 800340344 Bytes (1073741824)
2023-11-08 17:38:52,664 [INFO] UtilMem:75 - After build in PCC Used Memory: 937742992 Bytes (1073741824)
2023-11-08 17:38:52,694 [INFO] IPUIPlugin:80 - create IPUIPlugin
2023-11-08 17:38:52,696 [INFO] IPUIPlugin:80 - create IPUIPlugin
2023-11-08 17:38:52,696 [INFO] IPUIPlugin:80 - create IPUIPlugin
2023-11-08 17:38:52,696 [INFO] IPUIPlugin:80 - create IPUIPlugin
2023-11-08 17:38:52,696 [INFO] IPUIPlugin:80 - create IPUIPlugin
2023-11-08 17:38:52,696 [INFO] IPUIPlugin:80 - create IPUIPlugin
2023-11-08 17:38:52,696 [INFO] IPUIPlugin:80 - create IPUIPlugin
2023-11-08 17:38:52,696 [INFO] IPUIPlugin:80 - create IPUIPlugin
2023-11-08 17:38:52,696 [INFO] IPUIPlugin:80 - create IPUIPlugin
2023-11-08 17:38:52,696 [INFO] IPUIPlugin:80 - create IPUIPlugin
2023-11-08 17:38:52,696 [INFO] IPUIPlugin:80 - create IPUIPlugin
2023-11-08 17:38:52,696 [INFO] IPUIPlugin:80 - create IPUIPlugin
2023-11-08 17:38:52,696 [INFO] IPUIPlugin:80 - create IPUIPlugin
2023-11-08 17:38:52,697 [INFO] IPUIPlugin:80 - create IPUIPlugin
2023-11-08 17:38:52,697 [INFO] IPUIPlugin:80 - create IPUIPlugin
2023-11-08 17:38:52,697 [INFO] IPUIPlugin:80 - create IPUIPlugin
2023-11-08 17:38:52,697 [INFO] IPUIPlugin:80 - create IPUIPlugin
2023-11-08 17:38:52,697 [INFO] IPUIPlugin:80 - create IPUIPlugin
2023-11-08 17:38:52,697 [INFO] IPUIPlugin:80 - create IPUIPlugin
2023-11-08 17:38:52,697 [INFO] IPUIPlugin:80 - create IPUIPlugin
2023-11-08 17:38:52,697 [INFO] IPUIPlugin:80 - create IPUIPlugin
2023-11-08 17:38:52,697 [INFO] IPUIPlugin:80 - create IPUIPlugin
2023-11-08 17:38:52,697 [INFO] IPUIPlugin:80 - create IPUIPlugin
2023-11-08 17:38:52,698 [INFO] IPUIPlugin:80 - create IPUIPlugin
2023-11-08 17:38:52,698 [INFO] IPUIPlugin:80 - create IPUIPlugin
2023-11-08 17:38:52,698 [INFO] IPUIPlugin:80 - create IPUIPlugin
2023-11-08 17:38:52,698 [INFO] IPUIPlugin:80 - create IPUIPlugin
2023-11-08 17:38:52,698 [INFO] IPUIPlugin:80 - create IPUIPlugin
2023-11-08 17:38:52,700 [INFO] IPUIPlugin:80 - create IPUIPlugin
2023-11-08 17:38:52,700 [INFO] IPUIPlugin:80 - create IPUIPlugin
2023-11-08 17:38:52,700 [INFO] IPUIPlugin:80 - create IPUIPlugin
2023-11-08 17:38:52,700 [INFO] IPUIPlugin:80 - create IPUIPlugin
2023-11-08 17:38:52,700 [INFO] IPUIPlugin:80 - create IPUIPlugin
2023-11-08 17:38:52,700 [INFO] IPUIPlugin:80 - create IPUIPlugin
2023-11-08 17:38:52,701 [INFO] IPUIPlugin:80 - create IPUIPlugin
2023-11-08 17:38:52,701 [INFO] IPUIPlugin:80 - create IPUIPlugin
2023-11-08 17:38:52,702 [INFO] IPUIPlugin:80 - create IPUIPlugin
2023-11-08 17:38:52,702 [INFO] IPUIPlugin:80 - create IPUIPlugin
2023-11-08 17:38:52,702 [INFO] IPUIPlugin:80 - create IPUIPlugin
2023-11-08 17:38:52,703 [INFO] IPUIPlugin:80 - create IPUIPlugin
2023-11-08 17:38:52,703 [INFO] IPUIPlugin:80 - create IPUIPlugin
2023-11-08 17:38:52,703 [INFO] IPUIPlugin:80 - create IPUIPlugin
2023-11-08 17:38:52,703 [INFO] IPUIPlugin:80 - create IPUIPlugin
2023-11-08 17:38:52,703 [INFO] IPUIPlugin:80 - create IPUIPlugin
2023-11-08 17:38:52,704 [INFO] IPUIPlugin:80 - create IPUIPlugin
2023-11-08 17:38:52,704 [INFO] IPUIPlugin:80 - create IPUIPlugin
2023-11-08 17:38:52,704 [INFO] IPUIPlugin:80 - create IPUIPlugin
2023-11-08 17:38:52,704 [INFO] IPUIPlugin:80 - create IPUIPlugin
2023-11-08 17:38:52,705 [INFO] IPUIPlugin:80 - create IPUIPlugin
2023-11-08 17:38:52,705 [INFO] IPUIPlugin:80 - create IPUIPlugin
2023-11-08 17:38:52,705 [INFO] IPUIPlugin:80 - create IPUIPlugin
2023-11-08 17:38:52,705 [INFO] IPUIPlugin:80 - create IPUIPlugin
2023-11-08 17:38:52,706 [INFO] IPUIPlugin:80 - create IPUIPlugin
2023-11-08 17:38:52,706 [INFO] IPUIPlugin:80 - create IPUIPlugin
2023-11-08 17:38:52,706 [INFO] IPUIPlugin:80 - create IPUIPlugin
2023-11-08 17:38:52,707 [INFO] IPUIPlugin:80 - create IPUIPlugin
2023-11-08 17:38:52,707 [INFO] IPUIPlugin:80 - create IPUIPlugin
2023-11-08 17:38:52,707 [INFO] IPUIPlugin:80 - create IPUIPlugin
2023-11-08 17:38:52,708 [INFO] IPUIPlugin:80 - create IPUIPlugin
2023-11-08 17:38:52,708 [INFO] IPUIPlugin:80 - create IPUIPlugin
2023-11-08 17:38:52,721 [INFO] IPUIPlugin:80 - create IPUIPlugin
2023-11-08 17:38:52,902 [INFO] CADModel:165 - CPN selected for project levelSTM32L4R5ZIT6P
2023-11-08 17:38:52,902 [INFO] CADModel:114 - Register for checkConnection events
2023-11-08 17:38:52,956 [INFO] OpenFileManager:328 - Restore cursor
2023-11-08 17:38:53,881 [INFO] UtilMem:75 - End SaveConfig() Used Memory: 835936360 Bytes (1073741824)
2023-11-08 17:38:53,972 [INFO] UtilMem:75 - End SaveConfig() Used Memory: 857482776 Bytes (1073741824)
2023-11-08 17:38:54,353 [INFO] BlockDiagram:2759 - set Specific Code input for plugin: SYS
2023-11-08 17:38:54,353 [INFO] BlockDiagram:2759 - set Specific Code input for plugin: RCC
2023-11-08 17:38:54,353 [INFO] BlockDiagram:2759 - set Specific Code input for plugin: NVIC
2023-11-08 17:38:54,355 [INFO] BlockDiagram:2759 - set Specific Code input for plugin: GPIO
2023-11-08 17:38:54,357 [INFO] CodeGenerator:799 - code generatio: config db path: C:\ST\STM32CubeIDE_1.13.1\STM32CubeIDE\plugins\com.st.stm32cube.common.mx_6.9.1.202307191849\\db\
2023-11-08 17:38:54,603 [INFO] CodeEngine:255 - oldGeneratedFile, C:\Users\ndib8\Desktop\TADAMHESPEV\TADAMHESPEV\373_Proj\TADAMHESPEV_lcd\lcd\MXTmpFiles\license.tmp_save
2023-11-08 17:38:55,099 [INFO] CodeEngine:279 - Generated code: C:\Users\ndib8\Desktop\TADAMHESPEV\TADAMHESPEV\373_Proj\TADAMHESPEV_lcd\lcd\MXTmpFiles\license.tmp
2023-11-08 17:38:55,420 [INFO] CodeEngine:255 - oldGeneratedFile, C:\Users\ndib8\Desktop\TADAMHESPEV\TADAMHESPEV\373_Proj\TADAMHESPEV_lcd\lcd\MXTmpFiles\gpio.tmp_save
2023-11-08 17:38:55,592 [INFO] CodeEngine:279 - Generated code: C:\Users\ndib8\Desktop\TADAMHESPEV\TADAMHESPEV\373_Proj\TADAMHESPEV_lcd\lcd\MXTmpFiles\gpio.tmp
2023-11-08 17:38:55,862 [INFO] CodeEngine:255 - oldGeneratedFile, C:\Users\ndib8\Desktop\TADAMHESPEV\TADAMHESPEV\373_Proj\TADAMHESPEV_lcd\lcd\Core\Src\stm32l4xx_it.c_save
2023-11-08 17:38:56,071 [INFO] CodeEngine:279 - Generated code: C:\Users\ndib8\Desktop\TADAMHESPEV\TADAMHESPEV\373_Proj\TADAMHESPEV_lcd\lcd\Core\Src\stm32l4xx_it.c
2023-11-08 17:38:56,077 [INFO] CodeEngine:255 - oldGeneratedFile, C:\Users\ndib8\Desktop\TADAMHESPEV\TADAMHESPEV\373_Proj\TADAMHESPEV_lcd\lcd\Core\Inc\stm32l4xx_it.h_save
2023-11-08 17:38:56,196 [INFO] CodeEngine:279 - Generated code: C:\Users\ndib8\Desktop\TADAMHESPEV\TADAMHESPEV\373_Proj\TADAMHESPEV_lcd\lcd\Core\Inc\stm32l4xx_it.h
2023-11-08 17:38:56,220 [INFO] CodeEngine:255 - oldGeneratedFile, C:\Users\ndib8\Desktop\TADAMHESPEV\TADAMHESPEV\373_Proj\TADAMHESPEV_lcd\lcd\Core\Src\stm32l4xx_hal_msp.c_save
2023-11-08 17:38:56,380 [INFO] CodeEngine:279 - Generated code: C:\Users\ndib8\Desktop\TADAMHESPEV\TADAMHESPEV\373_Proj\TADAMHESPEV_lcd\lcd\Core\Src\stm32l4xx_hal_msp.c
2023-11-08 17:38:56,385 [INFO] CodeEngine:255 - oldGeneratedFile, C:\Users\ndib8\Desktop\TADAMHESPEV\TADAMHESPEV\373_Proj\TADAMHESPEV_lcd\lcd\MXTmpFiles\system.tmp_save
2023-11-08 17:38:56,467 [INFO] CodeEngine:279 - Generated code: C:\Users\ndib8\Desktop\TADAMHESPEV\TADAMHESPEV\373_Proj\TADAMHESPEV_lcd\lcd\MXTmpFiles\system.tmp
2023-11-08 17:38:56,482 [INFO] CodeEngine:311 - oldGeneratedFile, C:\Users\ndib8\Desktop\TADAMHESPEV\TADAMHESPEV\373_Proj\TADAMHESPEV_lcd\lcd\Core\Inc\stm32l4xx_hal_conf.h_save
2023-11-08 17:38:56,604 [INFO] CodeEngine:335 - Generated code: C:\Users\ndib8\Desktop\TADAMHESPEV\TADAMHESPEV\373_Proj\TADAMHESPEV_lcd\lcd\Core\Inc\stm32l4xx_hal_conf.h
2023-11-08 17:38:56,664 [INFO] CodeEngine:255 - oldGeneratedFile, C:\Users\ndib8\Desktop\TADAMHESPEV\TADAMHESPEV\373_Proj\TADAMHESPEV_lcd\lcd\Core\Inc\main.h_save
2023-11-08 17:38:56,801 [INFO] CodeEngine:279 - Generated code: C:\Users\ndib8\Desktop\TADAMHESPEV\TADAMHESPEV\373_Proj\TADAMHESPEV_lcd\lcd\Core\Inc\main.h
2023-11-08 17:38:56,807 [INFO] CodeEngine:255 - oldGeneratedFile, C:\Users\ndib8\Desktop\TADAMHESPEV\TADAMHESPEV\373_Proj\TADAMHESPEV_lcd\lcd\Core\Src\main.c_save
2023-11-08 17:38:56,962 [INFO] CodeEngine:279 - Generated code: C:\Users\ndib8\Desktop\TADAMHESPEV\TADAMHESPEV\373_Proj\TADAMHESPEV_lcd\lcd\Core\Src\main.c
2023-11-08 17:38:57,706 [INFO] ProjectBuilder:3064 - Time for Copy HAL[1] : 313mS.
2023-11-08 17:38:57,713 [INFO] ProjectBuilder:4404 - Project Generator version: 4.1.0
2023-11-08 17:38:57,934 [INFO] ConfigFileManager:1457 - The Die is : DIE470
2023-11-08 17:38:57,956 [INFO] ApiDbMcu:507 - Load IP Config File for FATFS
2023-11-08 17:38:57,968 [INFO] ApiDbMcu:507 - Load IP Config File for FREERTOS
2023-11-08 17:38:57,987 [INFO] ApiDbMcu:507 - Load IP Config File for TOUCHSENSING
2023-11-08 17:38:57,996 [INFO] ApiDbMcu:507 - Load IP Config File for USB_DEVICE
2023-11-08 17:38:58,006 [INFO] ApiDbMcu:507 - Load IP Config File for USB_HOST
2023-11-08 17:38:59,258 [INFO] LogOutputStream:77 - [STDOUT_REDIRECT] 
2023-11-08 17:39:02,009 [INFO] ProjectBuilder:4626 - Time for Generating toolchain IDE Files: 4295mS.
2023-11-08 17:39:02,011 [INFO] ProjectBuilder:2935 - Time for Copy CMSIS : 1mS.
2023-11-08 17:39:02,014 [INFO] ProjectBuilder:2935 - Time for Copy CMSIS : 0mS.
2023-11-08 17:39:03,187 [INFO] McuFinderGlobals:76 - Set McuFinderConnectedMode to true
2023-11-08 17:39:03,192 [INFO] ApiDb:448 - Save user favorites file C:\Users\ndib8/.stm32cubeide/favorites.mcus.txt: 0 item(s)
2023-11-08 17:39:03,193 [INFO] ApiDb:452 - User favorites MCUs=[]
2023-11-08 17:39:03,194 [INFO] ApiDb:448 - Save user favorites file C:\Users\ndib8/.stm32cubeide/favorites.boards.txt: 0 item(s)
2023-11-08 17:39:03,194 [INFO] ApiDb:452 - User favorites Boards=[]
2023-11-08 18:16:47,076 [INFO] UtilMem:75 - End SaveConfig() Used Memory: 674288056 Bytes (1073741824)
2023-11-08 18:16:48,724 [INFO] UtilMem:75 - End SaveConfig() Used Memory: 701551032 Bytes (1073741824)
2023-11-08 18:16:51,647 [INFO] UtilMem:75 - End SaveConfig() Used Memory: 806930872 Bytes (1073741824)
2023-11-08 18:16:51,819 [INFO] BlockDiagram:2759 - set Specific Code input for plugin: SPI
2023-11-08 18:16:51,819 [INFO] BlockDiagram:2759 - set Specific Code input for plugin: SYS
2023-11-08 18:16:51,819 [INFO] BlockDiagram:2759 - set Specific Code input for plugin: RCC
2023-11-08 18:16:51,819 [INFO] BlockDiagram:2759 - set Specific Code input for plugin: NVIC
2023-11-08 18:16:51,820 [INFO] BlockDiagram:2759 - set Specific Code input for plugin: GPIO
2023-11-08 18:16:51,821 [INFO] CodeGenerator:799 - code generatio: config db path: C:\ST\STM32CubeIDE_1.13.1\STM32CubeIDE\plugins\com.st.stm32cube.common.mx_6.9.1.202307191849\\db\
2023-11-08 18:16:51,942 [INFO] CodeEngine:255 - oldGeneratedFile, C:\Users\ndib8\Desktop\TADAMHESPEV\TADAMHESPEV\373_Proj\TADAMHESPEV_lcd\lcd\MXTmpFiles\license.tmp_save
2023-11-08 18:16:52,082 [INFO] CodeEngine:279 - Generated code: C:\Users\ndib8\Desktop\TADAMHESPEV\TADAMHESPEV\373_Proj\TADAMHESPEV_lcd\lcd\MXTmpFiles\license.tmp
2023-11-08 18:16:52,244 [INFO] CodeEngine:255 - oldGeneratedFile, C:\Users\ndib8\Desktop\TADAMHESPEV\TADAMHESPEV\373_Proj\TADAMHESPEV_lcd\lcd\MXTmpFiles\gpio.tmp_save
2023-11-08 18:16:52,349 [INFO] CodeEngine:279 - Generated code: C:\Users\ndib8\Desktop\TADAMHESPEV\TADAMHESPEV\373_Proj\TADAMHESPEV_lcd\lcd\MXTmpFiles\gpio.tmp
2023-11-08 18:16:52,766 [INFO] CodeEngine:255 - oldGeneratedFile, C:\Users\ndib8\Desktop\TADAMHESPEV\TADAMHESPEV\373_Proj\TADAMHESPEV_lcd\lcd\Core\Src\stm32l4xx_it.c_save
2023-11-08 18:16:53,027 [INFO] CodeEngine:279 - Generated code: C:\Users\ndib8\Desktop\TADAMHESPEV\TADAMHESPEV\373_Proj\TADAMHESPEV_lcd\lcd\Core\Src\stm32l4xx_it.c
2023-11-08 18:16:53,071 [INFO] CodeEngine:255 - oldGeneratedFile, C:\Users\ndib8\Desktop\TADAMHESPEV\TADAMHESPEV\373_Proj\TADAMHESPEV_lcd\lcd\Core\Inc\stm32l4xx_it.h_save
2023-11-08 18:16:53,157 [INFO] CodeEngine:279 - Generated code: C:\Users\ndib8\Desktop\TADAMHESPEV\TADAMHESPEV\373_Proj\TADAMHESPEV_lcd\lcd\Core\Inc\stm32l4xx_it.h
2023-11-08 18:16:53,189 [INFO] CodeEngine:255 - oldGeneratedFile, C:\Users\ndib8\Desktop\TADAMHESPEV\TADAMHESPEV\373_Proj\TADAMHESPEV_lcd\lcd\Core\Src\stm32l4xx_hal_msp.c_save
2023-11-08 18:16:53,316 [INFO] CodeEngine:279 - Generated code: C:\Users\ndib8\Desktop\TADAMHESPEV\TADAMHESPEV\373_Proj\TADAMHESPEV_lcd\lcd\Core\Src\stm32l4xx_hal_msp.c
2023-11-08 18:16:53,328 [INFO] CodeEngine:255 - oldGeneratedFile, C:\Users\ndib8\Desktop\TADAMHESPEV\TADAMHESPEV\373_Proj\TADAMHESPEV_lcd\lcd\MXTmpFiles\system.tmp_save
2023-11-08 18:16:53,380 [INFO] CodeEngine:279 - Generated code: C:\Users\ndib8\Desktop\TADAMHESPEV\TADAMHESPEV\373_Proj\TADAMHESPEV_lcd\lcd\MXTmpFiles\system.tmp
2023-11-08 18:16:53,402 [INFO] CodeEngine:311 - oldGeneratedFile, C:\Users\ndib8\Desktop\TADAMHESPEV\TADAMHESPEV\373_Proj\TADAMHESPEV_lcd\lcd\Core\Inc\stm32l4xx_hal_conf.h_save
2023-11-08 18:16:53,475 [INFO] CodeEngine:335 - Generated code: C:\Users\ndib8\Desktop\TADAMHESPEV\TADAMHESPEV\373_Proj\TADAMHESPEV_lcd\lcd\Core\Inc\stm32l4xx_hal_conf.h
2023-11-08 18:16:53,514 [INFO] CodeEngine:255 - oldGeneratedFile, C:\Users\ndib8\Desktop\TADAMHESPEV\TADAMHESPEV\373_Proj\TADAMHESPEV_lcd\lcd\Core\Inc\main.h_save
2023-11-08 18:16:53,588 [INFO] CodeEngine:279 - Generated code: C:\Users\ndib8\Desktop\TADAMHESPEV\TADAMHESPEV\373_Proj\TADAMHESPEV_lcd\lcd\Core\Inc\main.h
2023-11-08 18:16:53,603 [INFO] CodeEngine:255 - oldGeneratedFile, C:\Users\ndib8\Desktop\TADAMHESPEV\TADAMHESPEV\373_Proj\TADAMHESPEV_lcd\lcd\Core\Src\main.c_save
2023-11-08 18:16:53,703 [INFO] CodeEngine:279 - Generated code: C:\Users\ndib8\Desktop\TADAMHESPEV\TADAMHESPEV\373_Proj\TADAMHESPEV_lcd\lcd\Core\Src\main.c
2023-11-08 18:16:54,113 [INFO] ProjectBuilder:3064 - Time for Copy HAL[1] : 213mS.
2023-11-08 18:16:54,117 [INFO] ProjectBuilder:4404 - Project Generator version: 4.1.0
2023-11-08 18:16:54,317 [INFO] ConfigFileManager:1457 - The Die is : DIE470
2023-11-08 18:16:55,892 [INFO] ProjectBuilder:4626 - Time for Generating toolchain IDE Files: 1775mS.
2023-11-08 18:16:55,893 [INFO] ProjectBuilder:2935 - Time for Copy CMSIS : 1mS.
2023-11-08 18:16:55,898 [INFO] ProjectBuilder:2935 - Time for Copy CMSIS : 0mS.
2023-11-08 19:40:30,267 [ERROR] ConfigurationRetriever:142 - IOException on connection: Read timed out
2023-11-08 19:40:37,665 [ERROR] LogOutputStream:75 - [STDERR_REDIRECT] 
