2023-12-02 14:03:01,337 [INFO] Activator:176 - 


2023-12-02 14:03:01,353 [INFO] Activator:177 - !SESSION log4j initialized
2023-12-02 14:03:09,703 [INFO] LogOutputStream:77 - [STDOUT_REDIRECT] 
2023-12-02 14:03:11,568 [INFO] ApplicationProperties:184 - Using Application install path: C:\ST\STM32CubeIDE_1.13.1\STM32CubeIDE\plugins\com.st.stm32cube.common.mx_6.9.2.202309101412
2023-12-02 14:03:11,606 [INFO] DbMcusXml:78 - Set database path to: C:\ST\STM32CubeIDE_1.13.1\STM32CubeIDE\plugins\com.st.stm32cube.common.mx_6.9.2.202309101412\\db\/mcu/
2023-12-02 14:03:11,606 [INFO] ApiDb:274 - Set plugin database path to: C:\ST\STM32CubeIDE_1.13.1\STM32CubeIDE\plugins\com.st.stm32cube.common.mx_6.9.2.202309101412\\db\/plugins/boardmanager/
2023-12-02 14:03:11,607 [WARN] ApiDb:259 - Overriding images path with different value:  => C:\ST\STM32CubeIDE_1.13.1\STM32CubeIDE\plugins\com.st.stm32cube.common.mx_6.9.2.202309101412\\db\/plugins/mcufinder/images/
2023-12-02 14:03:11,629 [INFO] ApiDb:250 - Set database path to: C:\Users\ndib8\.stmcufinder\plugins\mcufinder//mcu/
2023-12-02 14:03:11,632 [INFO] DbMcusAds:125 - Set database path to: C:\Users\ndib8\.stmcufinder\plugins\mcufinder//mcu/
2023-12-02 14:03:11,637 [INFO] CrossReferenceDbSqlite:203 - Set database path to: C:\Users\ndib8\.stmcufinder\plugins\mcufinder//mcu/cs/
2023-12-02 14:03:11,939 [INFO] RulesReader:64 - Compatibility file has been processed (293 Rules)
2023-12-02 14:03:12,124 [INFO] DbMcusXml:78 - Set database path to: C:\ST\STM32CubeIDE_1.13.1\STM32CubeIDE\plugins\com.st.stm32cube.common.mx_6.9.2.202309101412\\db\/mcu/
2023-12-02 14:03:12,124 [INFO] ApiDb:274 - Set plugin database path to: C:\ST\STM32CubeIDE_1.13.1\STM32CubeIDE\plugins\com.st.stm32cube.common.mx_6.9.2.202309101412\\db\/plugins/boardmanager/
2023-12-02 14:03:12,124 [INFO] ApiDb:261 - Set plugin images path to: C:\ST\STM32CubeIDE_1.13.1\STM32CubeIDE\plugins\com.st.stm32cube.common.mx_6.9.2.202309101412\\db\/plugins/mcufinder/images/
2023-12-02 14:03:12,125 [WARN] DbFile:41 - Overriding database path with different value: C:\Users\ndib8\.stmcufinder\plugins\mcufinder/ => C:\Users\ndib8\.stmcufinder\plugins\mcufinder
2023-12-02 14:03:12,125 [INFO] ApiDb:250 - Set database path to: C:\Users\ndib8\.stmcufinder\plugins\mcufinder//mcu/
2023-12-02 14:03:12,125 [WARN] DbFile:41 - Overriding database path with different value: C:\Users\ndib8\.stmcufinder\plugins\mcufinder/ => C:\Users\ndib8\.stmcufinder\plugins\mcufinder
2023-12-02 14:03:12,126 [INFO] DbMcusAds:125 - Set database path to: C:\Users\ndib8\.stmcufinder\plugins\mcufinder//mcu/
2023-12-02 14:03:12,126 [WARN] DbFile:41 - Overriding database path with different value: C:\Users\ndib8\.stmcufinder\plugins\mcufinder/ => C:\Users\ndib8\.stmcufinder\plugins\mcufinder
2023-12-02 14:03:12,126 [WARN] DbFile:41 - Overriding database path with different value: C:\Users\ndib8\.stmcufinder\plugins\mcufinder/ => C:\Users\ndib8\.stmcufinder\plugins\mcufinder
2023-12-02 14:03:12,126 [INFO] CrossReferenceDbSqlite:203 - Set database path to: C:\Users\ndib8\.stmcufinder\plugins\mcufinder//mcu/cs/
2023-12-02 14:03:12,300 [INFO] MainPanel:262 - HeapMemory: 268435456
2023-12-02 14:03:12,426 [INFO] DbMcusXml:78 - Set database path to: C:\ST\STM32CubeIDE_1.13.1\STM32CubeIDE\plugins\com.st.stm32cube.common.mx_6.9.2.202309101412\\db\/mcu/
2023-12-02 14:03:12,426 [INFO] ApiDb:274 - Set plugin database path to: C:\ST\STM32CubeIDE_1.13.1\STM32CubeIDE\plugins\com.st.stm32cube.common.mx_6.9.2.202309101412\\db\/plugins/boardmanager/
2023-12-02 14:03:12,426 [INFO] ApiDb:261 - Set plugin images path to: C:\ST\STM32CubeIDE_1.13.1\STM32CubeIDE\plugins\com.st.stm32cube.common.mx_6.9.2.202309101412\\db\/plugins/mcufinder/images/
2023-12-02 14:03:12,427 [WARN] DbFile:41 - Overriding database path with different value: C:\Users\ndib8\.stmcufinder\plugins\mcufinder/ => C:\Users\ndib8\.stmcufinder\plugins\mcufinder
2023-12-02 14:03:12,428 [INFO] ApiDb:250 - Set database path to: C:\Users\ndib8\.stmcufinder\plugins\mcufinder//mcu/
2023-12-02 14:03:12,428 [WARN] DbFile:41 - Overriding database path with different value: C:\Users\ndib8\.stmcufinder\plugins\mcufinder/ => C:\Users\ndib8\.stmcufinder\plugins\mcufinder
2023-12-02 14:03:12,428 [INFO] DbMcusAds:125 - Set database path to: C:\Users\ndib8\.stmcufinder\plugins\mcufinder//mcu/
2023-12-02 14:03:12,428 [WARN] DbFile:41 - Overriding database path with different value: C:\Users\ndib8\.stmcufinder\plugins\mcufinder/ => C:\Users\ndib8\.stmcufinder\plugins\mcufinder
2023-12-02 14:03:12,428 [WARN] DbFile:41 - Overriding database path with different value: C:\Users\ndib8\.stmcufinder\plugins\mcufinder/ => C:\Users\ndib8\.stmcufinder\plugins\mcufinder
2023-12-02 14:03:12,428 [INFO] CrossReferenceDbSqlite:203 - Set database path to: C:\Users\ndib8\.stmcufinder\plugins\mcufinder//mcu/cs/
2023-12-02 14:03:12,466 [INFO] ApplicationProperties:184 - Using Application install path: C:\ST\STM32CubeIDE_1.13.1\STM32CubeIDE\plugins\com.st.stm32cube.common.mx_6.9.2.202309101412
2023-12-02 14:03:12,471 [INFO] PluginManage:196 - Search for loadable plugins [exclusion list=, ]
2023-12-02 14:03:12,473 [INFO] PluginManage:310 - Check plugin analytics
2023-12-02 14:03:12,834 [INFO] AnalyticsPlugin:253 - Accepted Software Licenses: 
2023-12-02 14:03:12,835 [INFO] AnalyticsPlugin:255 - Accepted CMSIS Pack Licenses: 
2023-12-02 14:03:12,835 [INFO] AnalyticsPlugin:257 - Accepted Firmware Licenses: FW.L4.1.18.0
2023-12-02 14:03:12,840 [INFO] PluginManage:359 - Loaded plugin analytics (category:tool,tabindex:-1)
2023-12-02 14:03:12,840 [INFO] PluginManage:310 - Check plugin cadmodel
2023-12-02 14:03:12,847 [INFO] CADModel:105 - Init CAD model plugin
2023-12-02 14:03:12,848 [INFO] PluginManage:359 - Loaded plugin cadmodel (category:power,tabindex:5)
2023-12-02 14:03:12,848 [INFO] PluginManage:310 - Check plugin clock
2023-12-02 14:03:12,859 [INFO] PluginManage:359 - Loaded plugin clock (category:base,tabindex:2)
2023-12-02 14:03:12,860 [INFO] PluginManage:310 - Check plugin ddr
2023-12-02 14:03:12,862 [INFO] PluginManage:359 - Loaded plugin ddr (category:tool,tabindex:6)
2023-12-02 14:03:12,863 [INFO] PluginManage:310 - Check plugin filemanager
2023-12-02 14:03:13,164 [INFO] PluginManage:359 - Loaded plugin filemanager (category:base,tabindex:10)
2023-12-02 14:03:13,164 [INFO] PluginManage:310 - Check plugin ipmanager
2023-12-02 14:03:13,177 [INFO] PluginManage:359 - Loaded plugin ipmanager (category:base,tabindex:5)
2023-12-02 14:03:13,178 [INFO] PluginManage:310 - Check plugin lpbam
2023-12-02 14:03:13,191 [INFO] PluginManage:359 - Loaded plugin lpbam (category:base,tabindex:0)
2023-12-02 14:03:13,191 [INFO] PluginManage:310 - Check plugin memorymap
2023-12-02 14:03:13,217 [INFO] PluginManage:359 - Loaded plugin memorymap (category:base,tabindex:4)
2023-12-02 14:03:13,218 [INFO] PluginManage:310 - Check plugin pinoutandconfiguration
2023-12-02 14:03:13,232 [INFO] PluginManage:359 - Loaded plugin pinoutandconfiguration (category:base,tabindex:1)
2023-12-02 14:03:13,232 [INFO] PluginManage:310 - Check plugin pinoutconfig
2023-12-02 14:03:13,401 [WARN] SupportedApi:132 - Cannot load RTOS API schema: s4s-elt-must-match.1: The content of 'definitions' must match (annotation?, (simpleType | complexType)?, (unique | key | keyref)*)). A problem was found starting at: attribute.
2023-12-02 14:03:13,648 [INFO] PluginManage:359 - Loaded plugin pinoutconfig (category:base,tabindex:0)
2023-12-02 14:03:13,650 [INFO] PluginManage:310 - Check plugin power
2023-12-02 14:03:13,663 [INFO] PluginManage:359 - Loaded plugin power (category:power,tabindex:4)
2023-12-02 14:03:13,663 [INFO] PluginManage:310 - Check plugin projectmanager
2023-12-02 14:03:13,689 [INFO] PluginManage:359 - Loaded plugin projectmanager (category:projectmanager,tabindex:3)
2023-12-02 14:03:13,689 [INFO] PluginManage:310 - Check plugin thirdparty
2023-12-02 14:03:13,942 [WARN] IntegrityCheckThread:84 - waiting for thirdparty lock release [integrity check]
2023-12-02 14:03:13,943 [INFO] IntegrityCheckThread:86 - entering critical section [integrity check]
2023-12-02 14:03:13,943 [INFO] PluginManage:359 - Loaded plugin thirdparty (category:base,tabindex:-1)
2023-12-02 14:03:13,944 [INFO] PluginManage:310 - Check plugin tools
2023-12-02 14:03:13,944 [INFO] ThirdPartyUpdaterWithRetryManager:70 - Updater plugin not ready yet. [1/15]
2023-12-02 14:03:13,949 [INFO] PluginManage:359 - Loaded plugin tools (category:base,tabindex:7)
2023-12-02 14:03:13,950 [INFO] PluginManage:310 - Check plugin tutovideos
2023-12-02 14:03:14,283 [INFO] PluginManage:359 - Loaded plugin tutovideos (category:base,tabindex:-1)
2023-12-02 14:03:14,283 [INFO] PluginManage:310 - Check plugin updater
2023-12-02 14:03:14,299 [INFO] PluginManage:359 - Loaded plugin updater (category:base,tabindex:12)
2023-12-02 14:03:14,301 [INFO] PluginManage:310 - Check plugin userauth
2023-12-02 14:03:14,308 [INFO] UserAuth:113 - Init User Auth plugin
2023-12-02 14:03:14,309 [INFO] PluginManage:359 - Loaded plugin userauth (category:base,tabindex:14)
2023-12-02 14:03:14,309 [INFO] PluginManage:283 - PluginManage : Loaded plugins [17]
2023-12-02 14:03:14,704 [INFO] PinOutPanel:1499 - setPackage(No Configuration,No Configuration)
2023-12-02 14:03:14,871 [INFO] CADModel:165 - CPN selected for project level
2023-12-02 14:03:14,872 [INFO] CADModel:114 - Register for checkConnection events
2023-12-02 14:03:14,892 [INFO] IPUIPlugin:80 - create IPUIPlugin
2023-12-02 14:03:14,892 [INFO] PluginManager:220 - loadIPPluginJar : add adc
2023-12-02 14:03:14,896 [INFO] IPUIPlugin:80 - create IPUIPlugin
2023-12-02 14:03:14,896 [INFO] PluginManager:220 - loadIPPluginJar : add aes
2023-12-02 14:03:14,900 [INFO] IPUIPlugin:80 - create IPUIPlugin
2023-12-02 14:03:14,900 [INFO] PluginManager:220 - loadIPPluginJar : add can
2023-12-02 14:03:14,902 [INFO] IPUIPlugin:80 - create IPUIPlugin
2023-12-02 14:03:14,903 [INFO] PluginManager:220 - loadIPPluginJar : add comp
2023-12-02 14:03:14,907 [INFO] IPUIPlugin:80 - create IPUIPlugin
2023-12-02 14:03:14,907 [INFO] PluginManager:220 - loadIPPluginJar : add cryp
2023-12-02 14:03:14,912 [INFO] IPUIPlugin:80 - create IPUIPlugin
2023-12-02 14:03:14,912 [INFO] PluginManager:220 - loadIPPluginJar : add dfsdm
2023-12-02 14:03:14,920 [INFO] IPUIPlugin:80 - create IPUIPlugin
2023-12-02 14:03:14,921 [INFO] PluginManager:220 - loadIPPluginJar : add dma
2023-12-02 14:03:14,926 [INFO] IPUIPlugin:80 - create IPUIPlugin
2023-12-02 14:03:14,926 [INFO] PluginManager:220 - loadIPPluginJar : add dma3
2023-12-02 14:03:14,928 [INFO] IPUIPlugin:80 - create IPUIPlugin
2023-12-02 14:03:14,929 [INFO] PluginManager:220 - loadIPPluginJar : add fatfs
2023-12-02 14:03:14,936 [INFO] IPUIPlugin:80 - create IPUIPlugin
2023-12-02 14:03:14,936 [INFO] PluginManager:220 - loadIPPluginJar : add fmc
2023-12-02 14:03:14,943 [INFO] IPUIPlugin:80 - create IPUIPlugin
2023-12-02 14:03:14,943 [INFO] PluginManager:220 - loadIPPluginJar : add freertos
2023-12-02 14:03:14,945 [INFO] IPUIPlugin:80 - create IPUIPlugin
2023-12-02 14:03:14,945 [INFO] PluginManager:220 - loadIPPluginJar : add genericplugin
2023-12-02 14:03:14,947 [INFO] IPUIPlugin:80 - create IPUIPlugin
2023-12-02 14:03:14,948 [INFO] PluginManager:220 - loadIPPluginJar : add gfxmmu
2023-12-02 14:03:14,954 [INFO] IPUIPlugin:80 - create IPUIPlugin
2023-12-02 14:03:14,954 [INFO] PluginManager:220 - loadIPPluginJar : add gic
2023-12-02 14:03:14,961 [INFO] IPUIPlugin:80 - create IPUIPlugin
2023-12-02 14:03:14,961 [INFO] PluginManager:220 - loadIPPluginJar : add gpio
2023-12-02 14:03:14,965 [INFO] IPUIPlugin:80 - create IPUIPlugin
2023-12-02 14:03:14,965 [INFO] PluginManager:220 - loadIPPluginJar : add gtzc
2023-12-02 14:03:14,968 [INFO] IPUIPlugin:80 - create IPUIPlugin
2023-12-02 14:03:14,968 [INFO] PluginManager:220 - loadIPPluginJar : add hash
2023-12-02 14:03:14,971 [INFO] IPUIPlugin:80 - create IPUIPlugin
2023-12-02 14:03:14,971 [INFO] PluginManager:220 - loadIPPluginJar : add i2c
2023-12-02 14:03:14,976 [INFO] IPUIPlugin:80 - create IPUIPlugin
2023-12-02 14:03:14,976 [INFO] PluginManager:220 - loadIPPluginJar : add i2s
2023-12-02 14:03:14,980 [INFO] IPUIPlugin:80 - create IPUIPlugin
2023-12-02 14:03:14,980 [INFO] PluginManager:220 - loadIPPluginJar : add i3c
2023-12-02 14:03:14,984 [INFO] IPUIPlugin:80 - create IPUIPlugin
2023-12-02 14:03:14,984 [INFO] PluginManager:220 - loadIPPluginJar : add ipddr
2023-12-02 14:03:14,994 [INFO] IPUIPlugin:80 - create IPUIPlugin
2023-12-02 14:03:14,994 [INFO] PluginManager:220 - loadIPPluginJar : add linkedlist
2023-12-02 14:03:14,999 [INFO] IPUIPlugin:80 - create IPUIPlugin
2023-12-02 14:03:15,000 [INFO] PluginManager:220 - loadIPPluginJar : add lorawan
2023-12-02 14:03:15,002 [INFO] IPUIPlugin:80 - create IPUIPlugin
2023-12-02 14:03:15,002 [INFO] PluginManager:220 - loadIPPluginJar : add ltdc
2023-12-02 14:03:15,009 [INFO] IPUIPlugin:80 - create IPUIPlugin
2023-12-02 14:03:15,010 [INFO] PluginManager:220 - loadIPPluginJar : add mdma
2023-12-02 14:03:15,016 [INFO] IPUIPlugin:80 - create IPUIPlugin
2023-12-02 14:03:15,016 [INFO] PluginManager:220 - loadIPPluginJar : add nvic
2023-12-02 14:03:15,020 [INFO] IPUIPlugin:80 - create IPUIPlugin
2023-12-02 14:03:15,020 [INFO] PluginManager:220 - loadIPPluginJar : add opamp
2023-12-02 14:03:15,024 [INFO] IPUIPlugin:80 - create IPUIPlugin
2023-12-02 14:03:15,025 [INFO] PluginManager:220 - loadIPPluginJar : add openamp
2023-12-02 14:03:15,030 [INFO] IPUIPlugin:80 - create IPUIPlugin
2023-12-02 14:03:15,030 [INFO] PluginManager:220 - loadIPPluginJar : add pdm2pcm
2023-12-02 14:03:15,039 [INFO] IPUIPlugin:80 - create IPUIPlugin
2023-12-02 14:03:15,043 [INFO] PluginManager:220 - loadIPPluginJar : add plateformsettings
2023-12-02 14:03:15,047 [INFO] IPUIPlugin:80 - create IPUIPlugin
2023-12-02 14:03:15,047 [INFO] PluginManager:220 - loadIPPluginJar : add quadspi
2023-12-02 14:03:15,051 [INFO] IPUIPlugin:80 - create IPUIPlugin
2023-12-02 14:03:15,051 [INFO] PluginManager:220 - loadIPPluginJar : add resmgrutility
2023-12-02 14:03:15,055 [INFO] IPUIPlugin:80 - create IPUIPlugin
2023-12-02 14:03:15,055 [INFO] PluginManager:220 - loadIPPluginJar : add sai
2023-12-02 14:03:15,059 [INFO] IPUIPlugin:80 - create IPUIPlugin
2023-12-02 14:03:15,059 [INFO] PluginManager:220 - loadIPPluginJar : add spi
2023-12-02 14:03:15,068 [INFO] IPUIPlugin:80 - create IPUIPlugin
2023-12-02 14:03:15,068 [INFO] PluginManager:220 - loadIPPluginJar : add stm32_wpan
2023-12-02 14:03:15,071 [INFO] IPUIPlugin:80 - create IPUIPlugin
2023-12-02 14:03:15,071 [INFO] PluginManager:220 - loadIPPluginJar : add tim
2023-12-02 14:03:15,077 [INFO] IPUIPlugin:80 - create IPUIPlugin
2023-12-02 14:03:15,077 [INFO] PluginManager:220 - loadIPPluginJar : add touchsensing
2023-12-02 14:03:15,080 [INFO] IPUIPlugin:80 - create IPUIPlugin
2023-12-02 14:03:15,080 [INFO] PluginManager:220 - loadIPPluginJar : add tracer_emb
2023-12-02 14:03:15,083 [INFO] IPUIPlugin:80 - create IPUIPlugin
2023-12-02 14:03:15,083 [INFO] PluginManager:220 - loadIPPluginJar : add ts
2023-12-02 14:03:15,086 [INFO] IPUIPlugin:80 - create IPUIPlugin
2023-12-02 14:03:15,086 [INFO] PluginManager:220 - loadIPPluginJar : add tsc
2023-12-02 14:03:15,088 [INFO] IPUIPlugin:80 - create IPUIPlugin
2023-12-02 14:03:15,088 [INFO] PluginManager:220 - loadIPPluginJar : add ucpd
2023-12-02 14:03:15,092 [INFO] IPUIPlugin:80 - create IPUIPlugin
2023-12-02 14:03:15,093 [INFO] PluginManager:220 - loadIPPluginJar : add usart
2023-12-02 14:03:15,098 [INFO] IPUIPlugin:80 - create IPUIPlugin
2023-12-02 14:03:15,098 [INFO] PluginManager:220 - loadIPPluginJar : add usbx
2023-12-02 14:03:15,269 [INFO] CADModel:165 - CPN selected for project level
2023-12-02 14:03:15,270 [INFO] CADModel:114 - Register for checkConnection events
2023-12-02 14:03:15,270 [FATAL] Updater:308 - Updater called before beeing initialized
2023-12-02 14:03:15,270 [ERROR] CADModel:125 - Updater not yet initialized, retry later 
2023-12-02 14:03:15,521 [INFO] CADModel:165 - CPN selected for project level
2023-12-02 14:03:15,521 [INFO] CADModel:114 - Register for checkConnection events
2023-12-02 14:03:15,521 [FATAL] Updater:308 - Updater called before beeing initialized
2023-12-02 14:03:15,522 [ERROR] CADModel:125 - Updater not yet initialized, retry later 
2023-12-02 14:03:15,527 [FATAL] Updater:308 - Updater called before beeing initialized
2023-12-02 14:03:15,689 [FATAL] Updater:308 - Updater called before beeing initialized
2023-12-02 14:03:15,701 [INFO] DbMcusAds:53 - JSON generation date=Wed Nov 29 05:52:38 EST 2023 (1701255158764)
2023-12-02 14:03:15,701 [FATAL] Updater:308 - Updater called before beeing initialized
2023-12-02 14:03:15,755 [WARN] DetailPanel:346 - Failed to get advertising image, set to default
2023-12-02 14:03:15,947 [FATAL] Updater:308 - Updater called before beeing initialized
2023-12-02 14:03:15,949 [FATAL] Updater:308 - Updater called before beeing initialized
2023-12-02 14:03:15,949 [FATAL] Updater:308 - Updater called before beeing initialized
2023-12-02 14:03:15,950 [WARN] DetailPanel:346 - Failed to get advertising image, set to default
2023-12-02 14:03:15,951 [FATAL] Updater:308 - Updater called before beeing initialized
2023-12-02 14:03:16,035 [ERROR] Updater:1120 - MainUpdater not yet initialized. External WinMGr cannot be set.
2023-12-02 14:03:16,039 [INFO] Updater:1056 - Updater Version found : 6.9.2
2023-12-02 14:03:16,074 [INFO] ApplicationProperties:184 - Using Application install path: C:\ST\STM32CubeIDE_1.13.1\STM32CubeIDE\plugins\com.st.stm32cube.common.mx_6.9.2.202309101412
2023-12-02 14:03:16,418 [INFO] MainUpdater:2868 - connection check result : 10
2023-12-02 14:03:16,419 [INFO] MainUpdater:285 - Updater Check For Update Now.
2023-12-02 14:03:16,419 [INFO] MicroXplorer:498 - Change Database Version : DB.6.0.92
2023-12-02 14:03:16,429 [INFO] McuFinderGlobals:63 - Set McuFinder mode to 2 (CubeIDE integrated)
2023-12-02 14:03:16,639 [INFO] CheckServerUpdateThread:120 - End of CheckServer Thread
2023-12-02 14:03:17,312 [WARN] PackLoader:240 - Cannot read IP mode file for STMicroelectronics.X-CUBE-SMBUS.2.1.0
2023-12-02 14:03:17,378 [WARN] PackLoader:240 - Cannot read IP mode file for STMicroelectronics.X-CUBE-AZRTOS-F7.1.1.0
2023-12-02 14:03:17,404 [WARN] PackLoader:240 - Cannot read IP mode file for STMicroelectronics.FP-SNS-MOTENV1.4.3.2
2023-12-02 14:03:17,418 [WARN] PackLoader:240 - Cannot read IP mode file for STMicroelectronics.FP-SNS-FLIGHT1.5.0.2
2023-12-02 14:03:17,436 [WARN] PackLoader:240 - Cannot read IP mode file for STMicroelectronics.X-CUBE-DISPLAY.3.0.0
2023-12-02 14:03:17,462 [WARN] PackLoader:240 - Cannot read IP mode file for STMicroelectronics.X-CUBE-BLE1.7.0.0
2023-12-02 14:03:17,472 [WARN] PackLoader:240 - Cannot read IP mode file for emotas.I-CUBE-CANOPEN.1.3.0
2023-12-02 14:03:17,481 [WARN] PackLoader:240 - Cannot read IP mode file for STMicroelectronics.X-CUBE-TOUCHGFX.4.22.0
2023-12-02 14:03:17,486 [WARN] PackLoader:240 - Cannot read IP mode file for STMicroelectronics.X-CUBE-TOUCHGFX.4.22.1
2023-12-02 14:03:17,495 [WARN] PackLoader:240 - Cannot read IP mode file for STMicroelectronics.FP-SNS-SMARTAG2.1.2.0
2023-12-02 14:03:17,515 [INFO] LogOutputStream:77 - [STDOUT_REDIRECT] 1 : Invalid condition id : UX_CORESTACK_Condition cause : null
2023-12-02 14:03:17,516 [INFO] LogOutputStream:77 - [STDOUT_REDIRECT] 1 : Invalid condition id : UX_CORESTACK_Condition cause : null
2023-12-02 14:03:17,517 [INFO] LogOutputStream:77 - [STDOUT_REDIRECT] 1 : Invalid condition id : UX_CORESTACK_Condition cause : null
2023-12-02 14:03:17,520 [INFO] LogOutputStream:77 - [STDOUT_REDIRECT] 1 : Invalid condition id : UX_CORESTACK_Condition cause : null
2023-12-02 14:03:17,523 [INFO] LogOutputStream:77 - [STDOUT_REDIRECT] 1 : Invalid condition id : UX_CORESTACK_Condition cause : null
2023-12-02 14:03:17,531 [WARN] PackLoader:240 - Cannot read IP mode file for STMicroelectronics.X-CUBE-AZRTOS-WL.2.0.0
2023-12-02 14:03:17,547 [WARN] PackLoader:240 - Cannot read IP mode file for WES.I-CUBE-Cesium.1.3.0
2023-12-02 14:03:17,558 [WARN] PackLoader:240 - Cannot read IP mode file for STMicroelectronics.X-CUBE-BLE2.3.3.0
2023-12-02 14:03:17,570 [WARN] PackLoader:240 - Cannot read IP mode file for STMicroelectronics.X-CUBE-ALGOBUILD.1.3.0
2023-12-02 14:03:17,612 [WARN] PackLoader:240 - Cannot read IP mode file for STMicroelectronics.X-CUBE-AZRTOS-G0.1.1.0
2023-12-02 14:03:17,623 [WARN] PackLoader:240 - Cannot read IP mode file for STMicroelectronics.X-CUBE-NFC4.3.0.0
2023-12-02 14:03:17,636 [WARN] PackLoader:240 - Cannot read IP mode file for STMicroelectronics.X-CUBE-BLEMGR.3.0.0
2023-12-02 14:03:17,645 [WARN] PackLoader:240 - Cannot read IP mode file for STMicroelectronics.FP-ATR-SIGFOX1.3.2.0
2023-12-02 14:03:17,685 [WARN] PackLoader:240 - Cannot read IP mode file for SEGGER.I-CUBE-embOS.1.3.1
2023-12-02 14:03:17,746 [WARN] PackLoader:240 - Cannot read IP mode file for STMicroelectronics.X-CUBE-GNSS1.6.0.0
2023-12-02 14:03:17,774 [WARN] PackLoader:240 - Cannot read IP mode file for STMicroelectronics.X-CUBE-AZRTOS-F4.1.1.0
2023-12-02 14:03:17,784 [WARN] PackLoader:240 - Cannot read IP mode file for wolfSSL.I-CUBE-wolfSSL.5.6.3
2023-12-02 14:03:17,807 [WARN] PackLoader:240 - Cannot read IP mode file for STMicroelectronics.X-CUBE-AZRTOS-L5.2.0.0
2023-12-02 14:03:17,876 [WARN] PackLoader:240 - Cannot read IP mode file for STMicroelectronics.X-CUBE-MEMS1.9.6.0
2023-12-02 14:03:18,109 [WARN] PackLoader:240 - Cannot read IP mode file for STMicroelectronics.X-CUBE-EEPRMA1.4.2.0
2023-12-02 14:03:18,119 [WARN] PackLoader:240 - Cannot read IP mode file for ITTIA_DB.I-CUBE-ITTIADB.8.8.0
2023-12-02 14:03:18,129 [WARN] PackLoader:240 - Cannot read IP mode file for STMicroelectronics.X-CUBE-BLEMGR.2.0.0
2023-12-02 14:03:18,163 [WARN] ConditionMgr:438 - getConditionDescription Invalid condition id : UX DEVICE CLASS RTOS Condition cause : null
2023-12-02 14:03:18,163 [WARN] ConditionMgr:438 - getConditionDescription Invalid condition id : UX DEVICE CLASS RTOS Condition cause : null
2023-12-02 14:03:18,167 [WARN] PackLoader:240 - Cannot read IP mode file for STMicroelectronics.X-CUBE-AZRTOS-H7.3.1.0
2023-12-02 14:03:18,168 [WARN] ConditionMgr:1039 - genDependencies : Invalid condition id : UX DEVICE CLASS RTOS Condition cause : null
2023-12-02 14:03:18,169 [WARN] ConditionMgr:1039 - genDependencies : Invalid condition id : UX DEVICE CLASS RTOS Condition cause : null
2023-12-02 14:03:18,171 [WARN] ConditionMgr:1039 - genDependencies : Invalid condition id : UX DEVICE CLASS RTOS Condition cause : null
2023-12-02 14:03:18,171 [WARN] ConditionMgr:1039 - genDependencies : Invalid condition id : UX DEVICE CLASS RTOS Condition cause : null
2023-12-02 14:03:18,171 [WARN] ConditionMgr:1039 - genDependencies : Invalid condition id : UX DEVICE CLASS RTOS Condition cause : null
2023-12-02 14:03:18,182 [WARN] PackLoader:240 - Cannot read IP mode file for STMicroelectronics.X-CUBE-NFC7.1.0.1
2023-12-02 14:03:18,194 [WARN] PackLoader:240 - Cannot read IP mode file for STMicroelectronics.X-CUBE-NFC6.3.0.0
2023-12-02 14:03:18,203 [WARN] PackLoader:240 - Cannot read IP mode file for STMicroelectronics.X-CUBE-EEPRMA1.4.1.0
2023-12-02 14:03:18,212 [WARN] PackLoader:240 - Cannot read IP mode file for STMicroelectronics.X-CUBE-AI.8.1.0
2023-12-02 14:03:18,232 [WARN] ConditionMgr:438 - getConditionDescription Invalid condition id : LAN8742 Phy interface Condition cause : null
2023-12-02 14:03:18,233 [WARN] PackLoader:240 - Cannot read IP mode file for STMicroelectronics.X-CUBE-AZRTOS-L4.2.0.0
2023-12-02 14:03:18,234 [WARN] ConditionMgr:1039 - genDependencies : Invalid condition id : LAN8742 Phy interface Condition cause : null
2023-12-02 14:03:18,235 [WARN] ConditionMgr:1039 - genDependencies : Invalid condition id : LAN8742 Phy interface Condition cause : null
2023-12-02 14:03:18,236 [WARN] ConditionMgr:1039 - genDependencies : Invalid condition id : LAN8742 Phy interface Condition cause : null
2023-12-02 14:03:18,248 [WARN] PackLoader:240 - Cannot read IP mode file for STMicroelectronics.X-CUBE-SFXS2LP1.4.0.0
2023-12-02 14:03:18,254 [WARN] PackLoader:240 - Cannot read IP mode file for STMicroelectronics.X-CUBE-ISPU.1.1.0
2023-12-02 14:03:18,272 [WARN] ConditionMgr:438 - getConditionDescription Invalid condition id : UX DEVICE CLASS RTOS Condition cause : null
2023-12-02 14:03:18,272 [WARN] ConditionMgr:438 - getConditionDescription Invalid condition id : UX DEVICE CLASS RTOS Condition cause : null
2023-12-02 14:03:18,287 [WARN] PackLoader:240 - Cannot read IP mode file for STMicroelectronics.X-CUBE-AZRTOS-WB.2.0.0
2023-12-02 14:03:18,288 [WARN] ConditionMgr:1039 - genDependencies : Invalid condition id : UX DEVICE CLASS RTOS Condition cause : null
2023-12-02 14:03:18,288 [WARN] ConditionMgr:1039 - genDependencies : Invalid condition id : UX DEVICE CLASS RTOS Condition cause : null
2023-12-02 14:03:18,290 [WARN] ConditionMgr:1039 - genDependencies : Invalid condition id : UX DEVICE CLASS RTOS Condition cause : null
2023-12-02 14:03:18,290 [WARN] ConditionMgr:1039 - genDependencies : Invalid condition id : UX DEVICE CLASS RTOS Condition cause : null
2023-12-02 14:03:18,290 [WARN] ConditionMgr:1039 - genDependencies : Invalid condition id : UX DEVICE CLASS RTOS Condition cause : null
2023-12-02 14:03:18,314 [WARN] PackLoader:240 - Cannot read IP mode file for STMicroelectronics.X-CUBE-SUBG2.5.0.0
2023-12-02 14:03:18,337 [WARN] PackLoader:240 - Cannot read IP mode file for STMicroelectronics.X-CUBE-TOF1.3.3.1
2023-12-02 14:03:18,373 [WARN] PackLoader:240 - Cannot read IP mode file for STMicroelectronics.X-CUBE-AZRTOS-G4.2.0.0
2023-12-02 14:03:18,395 [WARN] PackLoader:240 - Cannot read IP mode file for Infineon.AIROC-Wi-Fi-Bluetooth-STM32.1.5.1
2023-12-02 14:03:18,406 [WARN] PackLoader:240 - Cannot read IP mode file for STMicroelectronics.FP-SNS-MOTENVWB1.1.3.0
2023-12-02 14:03:18,411 [WARN] PackLoader:240 - Cannot read IP mode file for STMicroelectronics.FP-SNS-MOTENVWB1.1.3.1
2023-12-02 14:03:18,455 [WARN] PackLoader:240 - Cannot read IP mode file for STMicroelectronics.X-CUBE-MEMS1.10.0.0
2023-12-02 14:03:18,614 [WARN] PackLoader:240 - Cannot read IP mode file for STMicroelectronics.X-CUBE-FREERTOS.1.1.0
2023-12-02 14:03:18,623 [WARN] PackLoader:240 - Cannot read IP mode file for portGmbH.I-Cube-SoM-uGOAL.1.1.0
2023-12-02 14:03:18,629 [WARN] PackLoader:240 - Cannot read IP mode file for STMicroelectronics.X-CUBE-ALS.1.0.1
2023-12-02 14:03:18,633 [WARN] PackLoader:240 - Cannot read IP mode file for STMicroelectronics.FP-ATR-ASTRA1.2.0.0
2023-12-02 14:03:18,644 [WARN] PackLoader:240 - Cannot read IP mode file for STMicroelectronics.X-CUBE-TOF1.3.4.0
2023-12-02 14:03:18,655 [INFO] ThirdParty:978 - Integrity check success = true
2023-12-02 14:03:18,656 [INFO] IntegrityCheckThread:100 - exiting critical section [integrity check]
2023-12-02 14:03:18,656 [INFO] IntegrityCheckThread:103 - End integrity checks thread
2023-12-02 14:03:31,338 [ERROR] LogOutputStream:75 - [STDERR_REDIRECT] SLF4J: Failed to load class "org.slf4j.impl.StaticLoggerBinder".
2023-12-02 14:03:31,339 [ERROR] LogOutputStream:75 - [STDERR_REDIRECT] SLF4J: Defaulting to no-operation (NOP) logger implementation
2023-12-02 14:03:31,341 [ERROR] LogOutputStream:75 - [STDERR_REDIRECT] SLF4J: See http://www.slf4j.org/codes.html#StaticLoggerBinder for further details.
2023-12-02 14:03:46,629 [INFO] McuFinderGlobals:63 - Set McuFinder mode to 2 (CubeIDE integrated)
2023-12-02 14:03:46,637 [INFO] MainUpdater:2868 - connection check result : 10
2023-12-02 14:03:46,638 [INFO] MainUpdater:2868 - connection check result : 10
2023-12-02 14:03:46,702 [INFO] MicroXplorer:468 - Change Database Path : 
2023-12-02 14:03:46,702 [INFO] MicroXplorer:498 - Change Database Version : DB.6.0.92
2023-12-02 14:03:46,709 [WARN] ThirdParty:871 - waiting for thirdparty lock release [close project]
2023-12-02 14:03:46,710 [INFO] ThirdParty:873 - entering critical section [close project]
2023-12-02 14:03:46,712 [INFO] ThirdParty:883 - exiting critical section [close project]
2023-12-02 14:03:46,715 [INFO] PinOutPanel:1499 - setPackage(No Configuration,No Configuration)
2023-12-02 14:03:46,727 [INFO] UtilMem:75 - Begin LoadConfig() Used Memory: 239052648 Bytes (398458880)
2023-12-02 14:03:46,729 [INFO] MicroXplorer:468 - Change Database Path : 
2023-12-02 14:03:46,730 [INFO] MicroXplorer:498 - Change Database Version : DB.6.0.92
2023-12-02 14:03:46,730 [INFO] OpenFileManager:308 - Change cursor
2023-12-02 14:03:46,783 [INFO] Mcu:1946 - Initializing MCU STM32L4R5ZITxP STM32L4R5ZITxP STM32L4R5ZIT6P
2023-12-02 14:03:51,757 [INFO] Context:659 - Trying to add GPIOservice into a context  which must be forbidden
2023-12-02 14:03:53,219 [INFO] RtosManager:555 - Registered RTOS mode: class=CMSIS, group=RTOS, mode=CMSIS_V1, owner=FREERTOS
2023-12-02 14:03:53,219 [INFO] RtosManager:555 - Registered RTOS mode: class=CMSIS, group=RTOS2, mode=CMSIS_V2, owner=FREERTOS
2023-12-02 14:03:53,220 [INFO] RtosManager:555 - Registered RTOS mode: class=RTOS, group=Core, mode=CMSIS_V1, owner=FREERTOS
2023-12-02 14:03:53,220 [INFO] RtosManager:555 - Registered RTOS mode: class=RTOS, group=Core, mode=CMSIS_V2, owner=FREERTOS
2023-12-02 14:03:53,220 [WARN] ModelIntegratedComponent:184 - Missing modes for component STMicroelectronics:FreeRTOS:0.0.1:STMicroelectronics:RTOS:FreeRTOS:Core:::10.2.0:
2023-12-02 14:03:53,250 [WARN] ModelIntegratedComponent:63 - No mode defined for component null
2023-12-02 14:03:53,250 [WARN] ModelIntegratedComponent:63 - No mode defined for component null
2023-12-02 14:03:53,250 [WARN] ModelIntegratedComponent:63 - No mode defined for component null
2023-12-02 14:03:53,250 [WARN] ModelIntegratedComponent:63 - No mode defined for component null
2023-12-02 14:03:53,250 [WARN] ModelIntegratedComponent:63 - No mode defined for component null
2023-12-02 14:03:53,250 [WARN] ModelIntegratedComponent:63 - No mode defined for component null
2023-12-02 14:03:53,251 [WARN] ModelIntegratedComponent:63 - No mode defined for component null
2023-12-02 14:03:53,251 [WARN] ModelIntegratedComponent:63 - No mode defined for component null
2023-12-02 14:03:53,251 [WARN] ModelIntegratedComponent:63 - No mode defined for component null
2023-12-02 14:03:53,251 [WARN] ModelIntegratedComponent:63 - No mode defined for component null
2023-12-02 14:03:53,251 [WARN] ModelIntegratedComponent:63 - No mode defined for component null
2023-12-02 14:03:53,251 [WARN] ModelIntegratedComponent:63 - No mode defined for component null
2023-12-02 14:03:53,251 [WARN] ModelIntegratedComponent:63 - No mode defined for component null
2023-12-02 14:03:53,251 [WARN] ModelIntegratedComponent:63 - No mode defined for component null
2023-12-02 14:03:53,251 [WARN] ModelIntegratedComponent:63 - No mode defined for component null
2023-12-02 14:03:53,251 [WARN] ModelIntegratedComponent:63 - No mode defined for component null
2023-12-02 14:03:53,251 [WARN] ModelIntegratedComponent:63 - No mode defined for component null
2023-12-02 14:03:53,251 [WARN] ModelIntegratedComponent:63 - No mode defined for component null
2023-12-02 14:03:53,251 [WARN] ModelIntegratedComponent:63 - No mode defined for component null
2023-12-02 14:03:53,252 [WARN] ModelIntegratedComponent:63 - No mode defined for component null
2023-12-02 14:03:53,252 [WARN] ModelIntegratedComponent:63 - No mode defined for component null
2023-12-02 14:03:53,252 [WARN] ModelIntegratedComponent:63 - No mode defined for component null
2023-12-02 14:03:53,252 [WARN] ModelIntegratedComponent:63 - No mode defined for component null
2023-12-02 14:03:53,252 [WARN] ModelIntegratedComponent:63 - No mode defined for component null
2023-12-02 14:03:53,252 [WARN] ModelIntegratedComponent:63 - No mode defined for component null
2023-12-02 14:03:53,252 [WARN] ModelIntegratedComponent:63 - No mode defined for component null
2023-12-02 14:03:53,252 [WARN] ModelIntegratedComponent:63 - No mode defined for component null
2023-12-02 14:03:53,252 [WARN] ModelIntegratedComponent:63 - No mode defined for component null
2023-12-02 14:03:53,252 [WARN] ModelIntegratedComponent:63 - No mode defined for component null
2023-12-02 14:03:53,252 [WARN] ModelIntegratedComponent:63 - No mode defined for component null
2023-12-02 14:03:53,252 [WARN] ModelIntegratedComponent:63 - No mode defined for component null
2023-12-02 14:03:53,252 [WARN] ModelIntegratedComponent:63 - No mode defined for component null
2023-12-02 14:03:53,253 [WARN] ModelIntegratedComponent:63 - No mode defined for component null
2023-12-02 14:03:53,425 [INFO] ThirdPartyModel:298 - Start build external matchings
2023-12-02 14:03:54,359 [INFO] ThirdPartyModel:316 - End build external matchings
2023-12-02 14:03:55,289 [INFO] UtilMem:75 - End LoadConfig() Used Memory: 448078064 Bytes (707788800)
2023-12-02 14:03:55,484 [INFO] ApiDb:581 - Connected to CubeFinder SQLite database (C:\Users\ndib8\.stmcufinder\plugins\mcufinder\mcu\cube-finder-db.db)
2023-12-02 14:03:55,600 [INFO] ApiDb:668 - CubeFinder database Data Model version=2.1
2023-12-02 14:03:55,601 [INFO] ApiDb:669 - CubeFinder database Configuration version=3.0.39
2023-12-02 14:03:55,601 [INFO] ApiDb:670 - CubeFinder database generation date=2023-11-06 (1699269565)
2023-12-02 14:03:55,601 [INFO] ApiDb:671 - CubeFinder database FW Pack versions=[FP-ATR-ASTRA1_V2.0.0, FP-SNS-FLIGHT1_V5.0.1, FP-SNS-FLIGHT1_V5.0.2, FP-SNS-MOTENV1_V4.3.1, FP-SNS-MOTENV1_V4.3.2, FP-SNS-MOTENVWB1_V1.3.0, FP-SNS-SMARTAG2_V1.2.0, STM32Cube_FW_C0_V1.1.0, STM32Cube_FW_F4_V1.28.0, STM32Cube_FW_F7_V1.17.0, STM32Cube_FW_G0_V1.6.1, STM32Cube_FW_G4_V1.5.1, STM32Cube_FW_H5_V0.5.1, STM32Cube_FW_H5_V1.1.1, STM32Cube_FW_H5_V1.2.0RC2, STM32Cube_FW_H7_V1.11.0, STM32Cube_FW_L0_V1.12.2, STM32Cube_FW_L5_V1.5.0, STM32Cube_FW_U5_V1.3.0RC4, STM32Cube_FW_U5_V1.4.0, STM32Cube_FW_WBA_V1.0.0RC1, STM32Cube_FW_WBA_V1.1.0RC1, STM32Cube_FW_WBA_V1.2.0, STM32Cube_FW_WBA_V1.2.0RC2, STM32Cube_FW_WB_V1.15.0RC1, STM32Cube_FW_WB_V1.16.0, STM32Cube_FW_WB_V1.16.0RC2, STM32Cube_FW_WB_V1.18.0, STM32Cube_FW_WL_V1.3.0, X-CUBE-ALGOBUILD_V1.3.0, X-CUBE-ALS_V1.0.1, X-CUBE-AZRTOS-F4_V1.1.0, X-CUBE-AZRTOS-F7_V1.1.0, X-CUBE-AZRTOS-G0_V1.1.0, X-CUBE-AZRTOS-G4_V2.0.0, X-CUBE-AZRTOS-H7_V3.1.0, X-CUBE-AZRTOS-L4_V1.0.0, X-CUBE-AZRTOS-L4_V2.0.0, X-CUBE-AZRTOS-L5_V1.1.0, X-CUBE-AZRTOS-WB_V2.0.0, X-CUBE-AZRTOS-WL_V2.0.0, X-CUBE-BLE1_V7.0.0, X-CUBE-BLE2_V3.3.0, X-CUBE-BLEMGR_V2.0.0, X-CUBE-EEPRMA1_V4.1.0, X-CUBE-EEPRMA1_V4.2.0, X-CUBE-FREERTOS_V1.1.0, X-CUBE-GNSS1_V6.0.0, X-CUBE-MEMS1_V10.0.0, X-CUBE-MEMS1_V9.1.0, X-CUBE-MEMS1_V9.4.0, X-CUBE-MEMS1_V9.6.0, X-CUBE-NFC4_V3.0.0, X-CUBE-NFC7_V1.0.1, X-CUBE-SFXS2LP1_V4.0.0, X-CUBE-SUBG2_V5.0.0, X-CUBE-TOF1_V3.3.1]
2023-12-02 14:03:59,146 [INFO] ApiDb:240 - Found 323 in-development CPN: [B-G473E-ZEST1S, B-WB1M-WPAN1, B-WL5M-SUBG1, NUCLEO-C031C6, NUCLEO-H503RB, NUCLEO-H563ZI, NUCLEO-U545RE-Q, NUCLEO-U5A5ZJ-Q, NUCLEO-WBA52CG, STEVAL-PROTEUS1, STEVAL-SMARTAG2, STEVAL-STWINBX1, STM320518-EVAL, STM32C0116-DK, STM32C011D6Y3TR, STM32C011D6Y6TR, STM32C011F4P3, STM32C011F4P6, STM32C011F4U3, STM32C011F4U6TR, STM32C011F6P3, STM32C011F6P6, STM32C011F6U3, STM32C011F6U6TR, STM32C011J4M3, STM32C011J4M6, STM32C011J6M3, STM32C011J6M6, STM32C0316-DK, STM32C031C4T3, STM32C031C4T6, STM32C031C4U3, STM32C031C4U6, STM32C031C6T3, STM32C031C6T6, STM32C031C6U3, STM32C031C6U6, STM32C031F4P3, STM32C031F4P6, STM32C031F6P3, STM32C031F6P6, STM32C031G4U3, STM32C031G4U6, STM32C031G6U3, STM32C031G6U6, STM32C031K4T3, STM32C031K4T6, STM32C031K4U3, STM32C031K4U6, STM32C031K6T3, STM32C031K6T6, STM32C031K6U3, STM32C031K6U6, STM32G071K8TXN, STM32G071K8UXN, STM32G081GBU6N, STM32G081KBT6N, STM32G081KBUXN, STM32G0B1CCT6N, STM32G0B1KCT6, STM32G0B1NEY6TR, STM32G0B1RCT6N, STM32G0C1CCT6, STM32G0C1CCT6N, STM32G0C1CCU6N, STM32G0C1CET6N, STM32G0C1CEU6N, STM32G0C1KCT6, STM32G0C1NEY6TR, STM32G0C1RCI6N, STM32G0C1RCT6N, STM32G0C1REI6N, STM32G0C1RET6N, STM32G0C1VCI6, STM32G0C1VEI6, STM32G471CCT6, STM32G471CCU6, STM32G471CET3, STM32G471CET6, STM32G471CEU3, STM32G471CEU6, STM32G471MCT6, STM32G471MET3, STM32G471MET6, STM32G471MEY6TR, STM32G471QCT6, STM32G471QET3, STM32G471RCT6, STM32G471RET3, STM32G471RET6, STM32G471VCH6, STM32G471VCI6, STM32G471VCT6, STM32G471VEH3, STM32G471VEH6, STM32G471VEI3, STM32G471VEI6, STM32G471VET3, STM32G471VET6, STM32G474CCT6, STM32H503CBT6, STM32H503CBU6, STM32H503EBY6TR, STM32H503KBU6, STM32H503RBT6, STM32H562AGI6, STM32H562AII6, STM32H562IGK6, STM32H562IGT6, STM32H562IIK6, STM32H562IIT6, STM32H562RGT6, STM32H562RGV6, STM32H562RIT6, STM32H562RIV6, STM32H562VGT6, STM32H562VIT6, STM32H562ZGT6, STM32H562ZIT6, STM32H563AGI6, STM32H563AII3Q, STM32H563AII6, STM32H563IGK6, STM32H563IGT6, STM32H563IIK3Q, STM32H563IIK6, STM32H563IIT3Q, STM32H563IIT6, STM32H563MIY3QTR, STM32H563RGT6, STM32H563RGV6, STM32H563RIT6, STM32H563RIV6, STM32H563VGT6, STM32H563VIT3Q, STM32H563VIT6, STM32H563ZGT6, STM32H563ZIT3Q, STM32H563ZIT6, STM32H573AII3Q, STM32H573AII6, STM32H573I-DK, STM32H573IIK3Q, STM32H573IIK6, STM32H573IIT3Q, STM32H573IIT6, STM32H573MIY3QTR, STM32H573RIT6, STM32H573RIV6, STM32H573VIT3Q, STM32H573VIT6, STM32H573ZIT3Q, STM32H573ZIT6, STM32L4R5QGI6STR, STM32MP131AAE3, STM32MP131AAF3, STM32MP131AAG3, STM32MP131CAE3, STM32MP131CAF3, STM32MP131CAG3, STM32MP131DAE7, STM32MP131DAF7, STM32MP131DAG7, STM32MP131FAE7, STM32MP131FAF7, STM32MP131FAG7, STM32MP133AAE3, STM32MP133AAF3, STM32MP133AAG3, STM32MP133CAE3, STM32MP133CAF3, STM32MP133CAG3, STM32MP133DAE7, STM32MP133DAF7, STM32MP133DAG7, STM32MP133FAE7, STM32MP133FAF7, STM32MP133FAG7, STM32MP135AAE3, STM32MP135AAF3, STM32MP135AAG3, STM32MP135CAE3, STM32MP135CAF3, STM32MP135CAG3, STM32MP135DAE7, STM32MP135DAF7, STM32MP135DAG7, STM32MP135F-DK, STM32MP135FAE7, STM32MP135FAF7, STM32MP135FAF7T, STM32MP135FAF7U, STM32MP135FAG7, STM32U535CBT6, STM32U535CBT6Q, STM32U535CBU6, STM32U535CBU6Q, STM32U535CCT6, STM32U535CCT6Q, STM32U535CCU6, STM32U535CCU6Q, STM32U535CET6, STM32U535CET6Q, STM32U535CEU6, STM32U535CEU6Q, STM32U535JEY6QTR, STM32U535NCY6QTR, STM32U535NEY6QTR, STM32U535RBI6, STM32U535RBI6Q, STM32U535RBT6, STM32U535RBT6Q, STM32U535RCI6, STM32U535RCI6Q, STM32U535RCT6, STM32U535RCT6Q, STM32U535REI6, STM32U535REI6Q, STM32U535RET6, STM32U535RET6Q, STM32U535VCI6, STM32U535VCI6Q, STM32U535VCT6, STM32U535VCT6Q, STM32U535VEI6, STM32U535VEI6Q, STM32U535VET6, STM32U535VET6Q, STM32U545CET6, STM32U545CET6Q, STM32U545CEU6, STM32U545CEU6Q, STM32U545JEY6QTR, STM32U545NEY6QTR, STM32U545REI6, STM32U545REI6Q, STM32U545RET6, STM32U545RET6Q, STM32U545VEI6, STM32U545VEI6Q, STM32U545VET6, STM32U545VET6Q, STM32U595AIH6, STM32U595AIH6Q, STM32U595AJH6, STM32U595AJH6Q, STM32U595QII6, STM32U595QII6Q, STM32U595QJI6, STM32U595QJI6Q, STM32U595RIT6, STM32U595RIT6Q, STM32U595RJT6, STM32U595RJT6Q, STM32U595VIT6, STM32U595VIT6Q, STM32U595VJT6, STM32U595VJT6Q, STM32U595ZIT6, STM32U595ZIT6Q, STM32U595ZIY6QTR, STM32U595ZJT6, STM32U595ZJT6Q, STM32U595ZJY6QTR, STM32U599BJY6QTR, STM32U599NIH6Q, STM32U599NJH6Q, STM32U599VIT6Q, STM32U599VJT6, STM32U599VJT6Q, STM32U599ZIT6Q, STM32U599ZIY6QTR, STM32U599ZJT6Q, STM32U599ZJY6QTR, STM32U5A5AJH6, STM32U5A5AJH6Q, STM32U5A5QJI6, STM32U5A5QJI6Q, STM32U5A5RJT6, STM32U5A5RJT6Q, STM32U5A5VJT6, STM32U5A5VJT6Q, STM32U5A5ZJT6, STM32U5A5ZJT6Q, STM32U5A5ZJY6QTR, STM32U5A9BJY6QTR, STM32U5A9J-DK, STM32U5A9NJH6Q, STM32U5A9VJT6Q, STM32U5A9ZJT6Q, STM32U5A9ZJY6QTR, STM32U5F7VIT6, STM32U5F7VIT6Q, STM32U5F7VJT6, STM32U5F7VJT6Q, STM32U5F9BJY6QTR, STM32U5F9NJH6Q, STM32U5F9VIT6Q, STM32U5F9VJT6Q, STM32U5F9ZIJ6QTR, STM32U5F9ZIT6Q, STM32U5F9ZJJ6QTR, STM32U5F9ZJT6Q, STM32U5G7VJT6, STM32U5G7VJT6Q, STM32U5G9BJY6QTR, STM32U5G9J-DK1, STM32U5G9J-DK2, STM32U5G9NJH6Q, STM32U5G9VJT6Q, STM32U5G9ZJJ6QTR, STM32U5G9ZJT6Q, STM32WB1MMCH6, STM32WBA52CEU6, STM32WBA52CEU6T, STM32WBA52CGU6, STM32WBA52CGU6T, STM32WBA52KEU6, STM32WBA52KEU6T, STM32WBA52KGU6, STM32WBA52KGU6T, STM32WL5MOCH6, STM32WL5MOCH6TR]
2023-12-02 14:03:59,152 [INFO] DbMcus:217 - Found 3882 MCUs, 3882 are supported
2023-12-02 14:03:59,154 [INFO] ApiDb:423 - Load user favorites file C:\Users\ndib8/.stm32cubeide/favorites.mcus.txt: 0 item(s)
2023-12-02 14:03:59,154 [INFO] ApiDb:427 - User favorites MCUs=[]
2023-12-02 14:03:59,154 [INFO] DbMcus:223 - Set 0 / 0 favorites MCUs
2023-12-02 14:03:59,698 [WARN] ThirdParty:833 - waiting for thirdparty lock release [change project]
2023-12-02 14:03:59,699 [INFO] ThirdParty:835 - entering critical section [change project]
2023-12-02 14:03:59,699 [INFO] ThirdParty:1030 - CMSIS Pack Vendor :STMicroelectronics X-CUBE-ISPU 1.1.0
2023-12-02 14:03:59,699 [INFO] ThirdParty:1030 - CMSIS Pack Vendor :STMicroelectronics USBPD 4.1
2023-12-02 14:03:59,699 [INFO] ThirdParty:1030 - CMSIS Pack Vendor :STMicroelectronics X-CUBE-GNSS1 6.0.0
2023-12-02 14:03:59,699 [INFO] ThirdParty:1030 - CMSIS Pack Vendor :STMicroelectronics USB_HOST 2.0.0
2023-12-02 14:03:59,699 [INFO] ThirdParty:1030 - CMSIS Pack Vendor :STMicroelectronics X-CUBE-AZRTOS-F4 1.1.0
2023-12-02 14:03:59,699 [INFO] ThirdParty:1030 - CMSIS Pack Vendor :STMicroelectronics LIBJPEG 8.0.0
2023-12-02 14:03:59,699 [INFO] ThirdParty:1030 - CMSIS Pack Vendor :wolfSSL I-CUBE-wolfSSL 5.6.3
2023-12-02 14:03:59,700 [INFO] ThirdParty:1030 - CMSIS Pack Vendor :STMicroelectronics X-CUBE-SMBUS 2.1.0
2023-12-02 14:03:59,700 [INFO] ThirdParty:1030 - CMSIS Pack Vendor :STMicroelectronics USB_DEVICE 3.0.0
2023-12-02 14:03:59,700 [INFO] ThirdParty:1030 - CMSIS Pack Vendor :STMicroelectronics X-CUBE-AZRTOS-WB 2.0.0
2023-12-02 14:03:59,700 [INFO] ThirdParty:1030 - CMSIS Pack Vendor :STMicroelectronics X-CUBE-AZRTOS-F7 1.1.0
2023-12-02 14:03:59,700 [INFO] ThirdParty:1030 - CMSIS Pack Vendor :STMicroelectronics X-CUBE-AZRTOS-L5 2.0.0
2023-12-02 14:03:59,700 [INFO] ThirdParty:1030 - CMSIS Pack Vendor :STMicroelectronics USB_DEVICE 2.0.0
2023-12-02 14:03:59,700 [INFO] ThirdParty:1030 - CMSIS Pack Vendor :STMicroelectronics X-CUBE-MEMS1 9.6.0
2023-12-02 14:03:59,700 [INFO] ThirdParty:1030 - CMSIS Pack Vendor :STMicroelectronics X-CUBE-EEPRMA1 4.2.0
2023-12-02 14:03:59,700 [INFO] ThirdParty:1030 - CMSIS Pack Vendor :ITTIA_DB I-CUBE-ITTIADB 8.8.0
2023-12-02 14:03:59,700 [INFO] ThirdParty:1030 - CMSIS Pack Vendor :STMicroelectronics FP-SNS-MOTENV1 4.3.2
2023-12-02 14:03:59,700 [INFO] ThirdParty:1030 - CMSIS Pack Vendor :STMicroelectronics X-CUBE-ALGOBUILD 1.3.0
2023-12-02 14:03:59,700 [INFO] ThirdParty:1030 - CMSIS Pack Vendor :STMicroelectronics FreeRTOS 0.0.1
2023-12-02 14:03:59,701 [INFO] ThirdParty:1030 - CMSIS Pack Vendor :STMicroelectronics X-CUBE-AZRTOS-G0 1.1.0
2023-12-02 14:03:59,701 [INFO] ThirdParty:1030 - CMSIS Pack Vendor :STMicroelectronics X-CUBE-BLEMGR 2.0.0
2023-12-02 14:03:59,701 [INFO] ThirdParty:1030 - CMSIS Pack Vendor :STMicroelectronics X-CUBE-NFC4 3.0.0
2023-12-02 14:03:59,701 [INFO] ThirdParty:1030 - CMSIS Pack Vendor :STMicroelectronics X-CUBE-SUBG2 5.0.0
2023-12-02 14:03:59,701 [INFO] ThirdParty:1030 - CMSIS Pack Vendor :STMicroelectronics STM32_WPAN 1.0.0
2023-12-02 14:03:59,701 [INFO] ThirdParty:1030 - CMSIS Pack Vendor :STMicroelectronics lwIP 2.0.3
2023-12-02 14:03:59,701 [INFO] ThirdParty:1030 - CMSIS Pack Vendor :STMicroelectronics FP-SNS-FLIGHT1 5.0.2
2023-12-02 14:03:59,701 [INFO] ThirdParty:1030 - CMSIS Pack Vendor :STMicroelectronics USB_HOST 1.0.0
2023-12-02 14:03:59,701 [INFO] ThirdParty:1030 - CMSIS Pack Vendor :STMicroelectronics X-CUBE-TOF1 3.3.1
2023-12-02 14:03:59,701 [INFO] ThirdParty:1030 - CMSIS Pack Vendor :STMicroelectronics X-CUBE-AZRTOS-G4 2.0.0
2023-12-02 14:03:59,701 [INFO] ThirdParty:1030 - CMSIS Pack Vendor :STMicroelectronics PDM2PCM 3.1.0
2023-12-02 14:03:59,701 [INFO] ThirdParty:1030 - CMSIS Pack Vendor :STMicroelectronics X-CUBE-AZRTOS-H7 3.1.0
2023-12-02 14:03:59,701 [INFO] ThirdParty:1030 - CMSIS Pack Vendor :Infineon AIROC-Wi-Fi-Bluetooth-STM32 1.5.1
2023-12-02 14:03:59,702 [INFO] ThirdParty:1030 - CMSIS Pack Vendor :STMicroelectronics X-CUBE-BLEMGR 3.0.0
2023-12-02 14:03:59,702 [INFO] ThirdParty:1030 - CMSIS Pack Vendor :STMicroelectronics PDM2PCM 3.3.0
2023-12-02 14:03:59,702 [INFO] ThirdParty:1030 - CMSIS Pack Vendor :STMicroelectronics X-CUBE-DISPLAY 3.0.0
2023-12-02 14:03:59,702 [INFO] ThirdParty:1030 - CMSIS Pack Vendor :STMicroelectronics FP-SNS-MOTENVWB1 1.3.0
2023-12-02 14:03:59,702 [INFO] ThirdParty:1030 - CMSIS Pack Vendor :STMicroelectronics FP-SNS-MOTENVWB1 1.3.1
2023-12-02 14:03:59,702 [INFO] ThirdParty:1030 - CMSIS Pack Vendor :STMicroelectronics X-CUBE-BLE1 7.0.0
2023-12-02 14:03:59,702 [INFO] ThirdParty:1030 - CMSIS Pack Vendor :STMicroelectronics FP-ATR-SIGFOX1 3.2.0
2023-12-02 14:03:59,702 [INFO] ThirdParty:1030 - CMSIS Pack Vendor :STMicroelectronics HAL Drivers 0.0.0
2023-12-02 14:03:59,702 [INFO] ThirdParty:1030 - CMSIS Pack Vendor :STMicroelectronics MBEDTLS 2.16.2
2023-12-02 14:03:59,702 [INFO] ThirdParty:1030 - CMSIS Pack Vendor :emotas I-CUBE-CANOPEN 1.3.0
2023-12-02 14:03:59,702 [INFO] ThirdParty:1030 - CMSIS Pack Vendor :STMicroelectronics X-CUBE-MEMS1 10.0.0
2023-12-02 14:03:59,703 [INFO] ThirdParty:1030 - CMSIS Pack Vendor :STMicroelectronics X-CUBE-FREERTOS 1.1.0
2023-12-02 14:03:59,703 [INFO] ThirdParty:1030 - CMSIS Pack Vendor :STMicroelectronics X-CUBE-TOUCHGFX 4.22.0
2023-12-02 14:03:59,703 [INFO] ThirdParty:1030 - CMSIS Pack Vendor :STMicroelectronics X-CUBE-NFC7 1.0.1
2023-12-02 14:03:59,705 [INFO] ThirdParty:1030 - CMSIS Pack Vendor :STMicroelectronics MBEDTLS 2.14.1
2023-12-02 14:03:59,705 [INFO] ThirdParty:1030 - CMSIS Pack Vendor :STMicroelectronics X-CUBE-TOUCHGFX 4.22.1
2023-12-02 14:03:59,705 [INFO] ThirdParty:1030 - CMSIS Pack Vendor :STMicroelectronics X-CUBE-NFC6 3.0.0
2023-12-02 14:03:59,705 [INFO] ThirdParty:1030 - CMSIS Pack Vendor :STMicroelectronics X-CUBE-EEPRMA1 4.1.0
2023-12-02 14:03:59,705 [INFO] ThirdParty:1030 - CMSIS Pack Vendor :portGmbH I-Cube-SoM-uGOAL 1.1.0
2023-12-02 14:03:59,705 [INFO] ThirdParty:1030 - CMSIS Pack Vendor :STMicroelectronics X-CUBE-ALS 1.0.1
2023-12-02 14:03:59,705 [INFO] ThirdParty:1030 - CMSIS Pack Vendor :STMicroelectronics ThreadX 1.0.0
2023-12-02 14:03:59,705 [INFO] ThirdParty:1030 - CMSIS Pack Vendor :STMicroelectronics FP-SNS-SMARTAG2 1.2.0
2023-12-02 14:03:59,705 [INFO] ThirdParty:1030 - CMSIS Pack Vendor :STMicroelectronics X-CUBE-AZRTOS-WL 2.0.0
2023-12-02 14:03:59,705 [INFO] ThirdParty:1030 - CMSIS Pack Vendor :SEGGER I-CUBE-embOS 1.3.1
2023-12-02 14:03:59,707 [INFO] ThirdParty:1030 - CMSIS Pack Vendor :STMicroelectronics USB_DEVICE 1.0.0
2023-12-02 14:03:59,708 [INFO] ThirdParty:1030 - CMSIS Pack Vendor :STMicroelectronics X-CUBE-AI 8.1.0
2023-12-02 14:03:59,708 [INFO] ThirdParty:1030 - CMSIS Pack Vendor :STMicroelectronics X-CUBE-AZRTOS-L4 2.0.0
2023-12-02 14:03:59,708 [INFO] ThirdParty:1030 - CMSIS Pack Vendor :STMicroelectronics ThreadX 0.0.2
2023-12-02 14:03:59,708 [INFO] ThirdParty:1030 - CMSIS Pack Vendor :WES I-CUBE-Cesium 1.3.0
2023-12-02 14:03:59,709 [INFO] ThirdParty:1030 - CMSIS Pack Vendor :STMicroelectronics FP-ATR-ASTRA1 2.0.0
2023-12-02 14:03:59,710 [INFO] ThirdParty:1030 - CMSIS Pack Vendor :STMicroelectronics lwIP 2.1.2
2023-12-02 14:03:59,711 [INFO] ThirdParty:1030 - CMSIS Pack Vendor :STMicroelectronics X-CUBE-SFXS2LP1 4.0.0
2023-12-02 14:03:59,711 [INFO] ThirdParty:1030 - CMSIS Pack Vendor :STMicroelectronics X-CUBE-BLE2 3.3.0
2023-12-02 14:03:59,711 [INFO] ThirdParty:1030 - CMSIS Pack Vendor :STMicroelectronics X-CUBE-TOF1 3.4.0
2023-12-02 14:03:59,711 [INFO] ThirdParty:1030 - CMSIS Pack Vendor :STMicroelectronics PDM2PCM 3.2.0
2023-12-02 14:03:59,713 [INFO] ThirdParty:841 - exiting critical section [change project]
2023-12-02 14:04:00,759 [INFO] PinOutPanel:1499 - setPackage(No Configuration,No Configuration)
2023-12-02 14:04:00,761 [INFO] PinOutPanel:1499 - setPackage(STM32L4R5ZITxP,LQFP144)
2023-12-02 14:04:01,740 [INFO] UtilMem:75 - Before build in PCC Used Memory: 548261584 Bytes (707788800)
2023-12-02 14:04:03,571 [INFO] UtilMem:75 - After build in PCC Used Memory: 467412808 Bytes (707788800)
2023-12-02 14:04:03,627 [INFO] IPUIPlugin:80 - create IPUIPlugin
2023-12-02 14:04:03,627 [INFO] IPUIPlugin:80 - create IPUIPlugin
2023-12-02 14:04:03,627 [INFO] IPUIPlugin:80 - create IPUIPlugin
2023-12-02 14:04:03,627 [INFO] IPUIPlugin:80 - create IPUIPlugin
2023-12-02 14:04:03,631 [INFO] IPUIPlugin:80 - create IPUIPlugin
2023-12-02 14:04:03,631 [INFO] IPUIPlugin:80 - create IPUIPlugin
2023-12-02 14:04:03,631 [INFO] IPUIPlugin:80 - create IPUIPlugin
2023-12-02 14:04:03,631 [INFO] IPUIPlugin:80 - create IPUIPlugin
2023-12-02 14:04:03,631 [INFO] IPUIPlugin:80 - create IPUIPlugin
2023-12-02 14:04:03,632 [INFO] IPUIPlugin:80 - create IPUIPlugin
2023-12-02 14:04:03,632 [INFO] IPUIPlugin:80 - create IPUIPlugin
2023-12-02 14:04:03,632 [INFO] IPUIPlugin:80 - create IPUIPlugin
2023-12-02 14:04:03,632 [INFO] IPUIPlugin:80 - create IPUIPlugin
2023-12-02 14:04:03,633 [INFO] IPUIPlugin:80 - create IPUIPlugin
2023-12-02 14:04:03,633 [INFO] IPUIPlugin:80 - create IPUIPlugin
2023-12-02 14:04:03,633 [INFO] IPUIPlugin:80 - create IPUIPlugin
2023-12-02 14:04:03,633 [INFO] IPUIPlugin:80 - create IPUIPlugin
2023-12-02 14:04:03,634 [INFO] IPUIPlugin:80 - create IPUIPlugin
2023-12-02 14:04:03,634 [INFO] IPUIPlugin:80 - create IPUIPlugin
2023-12-02 14:04:03,634 [INFO] IPUIPlugin:80 - create IPUIPlugin
2023-12-02 14:04:03,634 [INFO] IPUIPlugin:80 - create IPUIPlugin
2023-12-02 14:04:03,634 [INFO] IPUIPlugin:80 - create IPUIPlugin
2023-12-02 14:04:03,634 [INFO] IPUIPlugin:80 - create IPUIPlugin
2023-12-02 14:04:03,634 [INFO] IPUIPlugin:80 - create IPUIPlugin
2023-12-02 14:04:03,634 [INFO] IPUIPlugin:80 - create IPUIPlugin
2023-12-02 14:04:03,634 [INFO] IPUIPlugin:80 - create IPUIPlugin
2023-12-02 14:04:03,634 [INFO] IPUIPlugin:80 - create IPUIPlugin
2023-12-02 14:04:03,634 [INFO] IPUIPlugin:80 - create IPUIPlugin
2023-12-02 14:04:03,634 [INFO] IPUIPlugin:80 - create IPUIPlugin
2023-12-02 14:04:03,638 [INFO] IPUIPlugin:80 - create IPUIPlugin
2023-12-02 14:04:03,638 [INFO] IPUIPlugin:80 - create IPUIPlugin
2023-12-02 14:04:03,638 [INFO] IPUIPlugin:80 - create IPUIPlugin
2023-12-02 14:04:03,638 [INFO] IPUIPlugin:80 - create IPUIPlugin
2023-12-02 14:04:03,639 [INFO] IPUIPlugin:80 - create IPUIPlugin
2023-12-02 14:04:03,640 [INFO] IPUIPlugin:80 - create IPUIPlugin
2023-12-02 14:04:03,641 [INFO] IPUIPlugin:80 - create IPUIPlugin
2023-12-02 14:04:03,641 [INFO] IPUIPlugin:80 - create IPUIPlugin
2023-12-02 14:04:03,641 [INFO] IPUIPlugin:80 - create IPUIPlugin
2023-12-02 14:04:03,643 [INFO] IPUIPlugin:80 - create IPUIPlugin
2023-12-02 14:04:03,643 [INFO] IPUIPlugin:80 - create IPUIPlugin
2023-12-02 14:04:03,644 [INFO] IPUIPlugin:80 - create IPUIPlugin
2023-12-02 14:04:03,644 [INFO] IPUIPlugin:80 - create IPUIPlugin
2023-12-02 14:04:03,644 [INFO] IPUIPlugin:80 - create IPUIPlugin
2023-12-02 14:04:03,645 [INFO] IPUIPlugin:80 - create IPUIPlugin
2023-12-02 14:04:03,645 [INFO] IPUIPlugin:80 - create IPUIPlugin
2023-12-02 14:04:03,646 [INFO] IPUIPlugin:80 - create IPUIPlugin
2023-12-02 14:04:03,647 [INFO] IPUIPlugin:80 - create IPUIPlugin
2023-12-02 14:04:03,647 [INFO] IPUIPlugin:80 - create IPUIPlugin
2023-12-02 14:04:03,647 [INFO] IPUIPlugin:80 - create IPUIPlugin
2023-12-02 14:04:03,648 [INFO] IPUIPlugin:80 - create IPUIPlugin
2023-12-02 14:04:03,649 [INFO] IPUIPlugin:80 - create IPUIPlugin
2023-12-02 14:04:03,650 [INFO] IPUIPlugin:80 - create IPUIPlugin
2023-12-02 14:04:03,650 [INFO] IPUIPlugin:80 - create IPUIPlugin
2023-12-02 14:04:03,651 [INFO] IPUIPlugin:80 - create IPUIPlugin
2023-12-02 14:04:03,652 [INFO] IPUIPlugin:80 - create IPUIPlugin
2023-12-02 14:04:03,652 [INFO] IPUIPlugin:80 - create IPUIPlugin
2023-12-02 14:04:03,653 [INFO] IPUIPlugin:80 - create IPUIPlugin
2023-12-02 14:04:03,653 [INFO] IPUIPlugin:80 - create IPUIPlugin
2023-12-02 14:04:03,654 [INFO] IPUIPlugin:80 - create IPUIPlugin
2023-12-02 14:04:03,654 [INFO] IPUIPlugin:80 - create IPUIPlugin
2023-12-02 14:04:03,656 [INFO] IPUIPlugin:80 - create IPUIPlugin
2023-12-02 14:04:04,091 [INFO] CADModel:165 - CPN selected for project levelSTM32L4R5ZIT6P
2023-12-02 14:04:04,091 [INFO] CADModel:114 - Register for checkConnection events
2023-12-02 14:04:04,178 [INFO] OpenFileManager:328 - Restore cursor
2023-12-02 14:07:24,303 [INFO] NvicIntPanel:101 - NVIC parent = com.st.microxplorer.plugins.ip.nvic.MultiNvicIntPanel[,0,0,499x366,layout=javax.swing.BoxLayout,alignmentX=0.0,alignmentY=0.0,border=,flags=9,maximumSize=,minimumSize=,preferredSize=]
2023-12-02 15:06:09,365 [INFO] MainUpdater:2868 - connection check result : 10
2023-12-02 15:06:09,366 [INFO] MainUpdater:2868 - connection check result : 10
2023-12-02 15:06:09,405 [INFO] MicroXplorer:468 - Change Database Path : 
2023-12-02 15:06:09,406 [INFO] MicroXplorer:498 - Change Database Version : DB.6.0.92
2023-12-02 15:06:09,459 [WARN] ThirdParty:871 - waiting for thirdparty lock release [close project]
2023-12-02 15:06:09,459 [INFO] ThirdParty:873 - entering critical section [close project]
2023-12-02 15:06:09,459 [INFO] ThirdParty:883 - exiting critical section [close project]
2023-12-02 15:06:09,464 [INFO] PinOutPanel:1499 - setPackage(No Configuration,No Configuration)
2023-12-02 15:06:09,484 [INFO] UtilMem:75 - Begin LoadConfig() Used Memory: 669331400 Bytes (1073741824)
2023-12-02 15:06:09,486 [INFO] MicroXplorer:468 - Change Database Path : 
2023-12-02 15:06:09,486 [INFO] MicroXplorer:498 - Change Database Version : DB.6.0.92
2023-12-02 15:06:09,486 [INFO] OpenFileManager:308 - Change cursor
2023-12-02 15:06:09,517 [INFO] Mcu:1946 - Initializing MCU STM32L4R5ZITxP STM32L4R5ZITxP STM32L4R5ZIT6P
2023-12-02 15:06:13,675 [INFO] Context:659 - Trying to add GPIOservice into a context  which must be forbidden
2023-12-02 15:06:14,496 [INFO] RtosManager:555 - Registered RTOS mode: class=CMSIS, group=RTOS, mode=CMSIS_V1, owner=FREERTOS
2023-12-02 15:06:14,497 [INFO] RtosManager:555 - Registered RTOS mode: class=CMSIS, group=RTOS2, mode=CMSIS_V2, owner=FREERTOS
2023-12-02 15:06:14,497 [INFO] RtosManager:555 - Registered RTOS mode: class=RTOS, group=Core, mode=CMSIS_V1, owner=FREERTOS
2023-12-02 15:06:14,497 [INFO] RtosManager:555 - Registered RTOS mode: class=RTOS, group=Core, mode=CMSIS_V2, owner=FREERTOS
2023-12-02 15:06:14,497 [WARN] ModelIntegratedComponent:184 - Missing modes for component STMicroelectronics:FreeRTOS:0.0.1:STMicroelectronics:RTOS:FreeRTOS:Core:::10.2.0:
2023-12-02 15:06:14,513 [WARN] ModelIntegratedComponent:63 - No mode defined for component null
2023-12-02 15:06:14,513 [WARN] ModelIntegratedComponent:63 - No mode defined for component null
2023-12-02 15:06:14,513 [WARN] ModelIntegratedComponent:63 - No mode defined for component null
2023-12-02 15:06:14,513 [WARN] ModelIntegratedComponent:63 - No mode defined for component null
2023-12-02 15:06:14,513 [WARN] ModelIntegratedComponent:63 - No mode defined for component null
2023-12-02 15:06:14,513 [WARN] ModelIntegratedComponent:63 - No mode defined for component null
2023-12-02 15:06:14,513 [WARN] ModelIntegratedComponent:63 - No mode defined for component null
2023-12-02 15:06:14,513 [WARN] ModelIntegratedComponent:63 - No mode defined for component null
2023-12-02 15:06:14,514 [WARN] ModelIntegratedComponent:63 - No mode defined for component null
2023-12-02 15:06:14,514 [WARN] ModelIntegratedComponent:63 - No mode defined for component null
2023-12-02 15:06:14,514 [WARN] ModelIntegratedComponent:63 - No mode defined for component null
2023-12-02 15:06:14,514 [WARN] ModelIntegratedComponent:63 - No mode defined for component null
2023-12-02 15:06:14,514 [WARN] ModelIntegratedComponent:63 - No mode defined for component null
2023-12-02 15:06:14,514 [WARN] ModelIntegratedComponent:63 - No mode defined for component null
2023-12-02 15:06:14,514 [WARN] ModelIntegratedComponent:63 - No mode defined for component null
2023-12-02 15:06:14,514 [WARN] ModelIntegratedComponent:63 - No mode defined for component null
2023-12-02 15:06:14,514 [WARN] ModelIntegratedComponent:63 - No mode defined for component null
2023-12-02 15:06:14,514 [WARN] ModelIntegratedComponent:63 - No mode defined for component null
2023-12-02 15:06:14,514 [WARN] ModelIntegratedComponent:63 - No mode defined for component null
2023-12-02 15:06:14,514 [WARN] ModelIntegratedComponent:63 - No mode defined for component null
2023-12-02 15:06:14,514 [WARN] ModelIntegratedComponent:63 - No mode defined for component null
2023-12-02 15:06:14,515 [WARN] ModelIntegratedComponent:63 - No mode defined for component null
2023-12-02 15:06:14,515 [WARN] ModelIntegratedComponent:63 - No mode defined for component null
2023-12-02 15:06:14,515 [WARN] ModelIntegratedComponent:63 - No mode defined for component null
2023-12-02 15:06:14,515 [WARN] ModelIntegratedComponent:63 - No mode defined for component null
2023-12-02 15:06:14,515 [WARN] ModelIntegratedComponent:63 - No mode defined for component null
2023-12-02 15:06:14,515 [WARN] ModelIntegratedComponent:63 - No mode defined for component null
2023-12-02 15:06:14,515 [WARN] ModelIntegratedComponent:63 - No mode defined for component null
2023-12-02 15:06:14,516 [WARN] ModelIntegratedComponent:63 - No mode defined for component null
2023-12-02 15:06:14,516 [WARN] ModelIntegratedComponent:63 - No mode defined for component null
2023-12-02 15:06:14,516 [WARN] ModelIntegratedComponent:63 - No mode defined for component null
2023-12-02 15:06:14,517 [WARN] ModelIntegratedComponent:63 - No mode defined for component null
2023-12-02 15:06:14,517 [WARN] ModelIntegratedComponent:63 - No mode defined for component null
2023-12-02 15:06:14,650 [INFO] ThirdPartyModel:298 - Start build external matchings
2023-12-02 15:06:15,846 [INFO] ThirdPartyModel:316 - End build external matchings
2023-12-02 15:06:16,585 [INFO] UtilMem:75 - End LoadConfig() Used Memory: 778323128 Bytes (1073741824)
2023-12-02 15:06:16,714 [WARN] ThirdParty:833 - waiting for thirdparty lock release [change project]
2023-12-02 15:06:16,714 [INFO] ThirdParty:835 - entering critical section [change project]
2023-12-02 15:06:16,714 [INFO] ThirdParty:1030 - CMSIS Pack Vendor :STMicroelectronics X-CUBE-ISPU 1.1.0
2023-12-02 15:06:16,714 [INFO] ThirdParty:1030 - CMSIS Pack Vendor :STMicroelectronics USBPD 4.1
2023-12-02 15:06:16,714 [INFO] ThirdParty:1030 - CMSIS Pack Vendor :STMicroelectronics X-CUBE-GNSS1 6.0.0
2023-12-02 15:06:16,714 [INFO] ThirdParty:1030 - CMSIS Pack Vendor :STMicroelectronics USB_HOST 2.0.0
2023-12-02 15:06:16,714 [INFO] ThirdParty:1030 - CMSIS Pack Vendor :STMicroelectronics X-CUBE-AZRTOS-F4 1.1.0
2023-12-02 15:06:16,714 [INFO] ThirdParty:1030 - CMSIS Pack Vendor :STMicroelectronics LIBJPEG 8.0.0
2023-12-02 15:06:16,714 [INFO] ThirdParty:1030 - CMSIS Pack Vendor :wolfSSL I-CUBE-wolfSSL 5.6.3
2023-12-02 15:06:16,714 [INFO] ThirdParty:1030 - CMSIS Pack Vendor :STMicroelectronics X-CUBE-SMBUS 2.1.0
2023-12-02 15:06:16,714 [INFO] ThirdParty:1030 - CMSIS Pack Vendor :STMicroelectronics USB_DEVICE 3.0.0
2023-12-02 15:06:16,714 [INFO] ThirdParty:1030 - CMSIS Pack Vendor :STMicroelectronics X-CUBE-AZRTOS-WB 2.0.0
2023-12-02 15:06:16,715 [INFO] ThirdParty:1030 - CMSIS Pack Vendor :STMicroelectronics X-CUBE-AZRTOS-F7 1.1.0
2023-12-02 15:06:16,715 [INFO] ThirdParty:1030 - CMSIS Pack Vendor :STMicroelectronics X-CUBE-AZRTOS-L5 2.0.0
2023-12-02 15:06:16,715 [INFO] ThirdParty:1030 - CMSIS Pack Vendor :STMicroelectronics USB_DEVICE 2.0.0
2023-12-02 15:06:16,715 [INFO] ThirdParty:1030 - CMSIS Pack Vendor :STMicroelectronics X-CUBE-MEMS1 9.6.0
2023-12-02 15:06:16,715 [INFO] ThirdParty:1030 - CMSIS Pack Vendor :STMicroelectronics X-CUBE-EEPRMA1 4.2.0
2023-12-02 15:06:16,715 [INFO] ThirdParty:1030 - CMSIS Pack Vendor :ITTIA_DB I-CUBE-ITTIADB 8.8.0
2023-12-02 15:06:16,715 [INFO] ThirdParty:1030 - CMSIS Pack Vendor :STMicroelectronics FP-SNS-MOTENV1 4.3.2
2023-12-02 15:06:16,715 [INFO] ThirdParty:1030 - CMSIS Pack Vendor :STMicroelectronics X-CUBE-ALGOBUILD 1.3.0
2023-12-02 15:06:16,715 [INFO] ThirdParty:1030 - CMSIS Pack Vendor :STMicroelectronics FreeRTOS 0.0.1
2023-12-02 15:06:16,715 [INFO] ThirdParty:1030 - CMSIS Pack Vendor :STMicroelectronics X-CUBE-AZRTOS-G0 1.1.0
2023-12-02 15:06:16,715 [INFO] ThirdParty:1030 - CMSIS Pack Vendor :STMicroelectronics X-CUBE-BLEMGR 2.0.0
2023-12-02 15:06:16,715 [INFO] ThirdParty:1030 - CMSIS Pack Vendor :STMicroelectronics X-CUBE-NFC4 3.0.0
2023-12-02 15:06:16,715 [INFO] ThirdParty:1030 - CMSIS Pack Vendor :STMicroelectronics X-CUBE-SUBG2 5.0.0
2023-12-02 15:06:16,716 [INFO] ThirdParty:1030 - CMSIS Pack Vendor :STMicroelectronics STM32_WPAN 1.0.0
2023-12-02 15:06:16,716 [INFO] ThirdParty:1030 - CMSIS Pack Vendor :STMicroelectronics lwIP 2.0.3
2023-12-02 15:06:16,716 [INFO] ThirdParty:1030 - CMSIS Pack Vendor :STMicroelectronics FP-SNS-FLIGHT1 5.0.2
2023-12-02 15:06:16,716 [INFO] ThirdParty:1030 - CMSIS Pack Vendor :STMicroelectronics USB_HOST 1.0.0
2023-12-02 15:06:16,716 [INFO] ThirdParty:1030 - CMSIS Pack Vendor :STMicroelectronics X-CUBE-TOF1 3.3.1
2023-12-02 15:06:16,716 [INFO] ThirdParty:1030 - CMSIS Pack Vendor :STMicroelectronics X-CUBE-AZRTOS-G4 2.0.0
2023-12-02 15:06:16,716 [INFO] ThirdParty:1030 - CMSIS Pack Vendor :STMicroelectronics PDM2PCM 3.1.0
2023-12-02 15:06:16,716 [INFO] ThirdParty:1030 - CMSIS Pack Vendor :STMicroelectronics X-CUBE-AZRTOS-H7 3.1.0
2023-12-02 15:06:16,716 [INFO] ThirdParty:1030 - CMSIS Pack Vendor :Infineon AIROC-Wi-Fi-Bluetooth-STM32 1.5.1
2023-12-02 15:06:16,716 [INFO] ThirdParty:1030 - CMSIS Pack Vendor :STMicroelectronics X-CUBE-BLEMGR 3.0.0
2023-12-02 15:06:16,716 [INFO] ThirdParty:1030 - CMSIS Pack Vendor :STMicroelectronics PDM2PCM 3.3.0
2023-12-02 15:06:16,716 [INFO] ThirdParty:1030 - CMSIS Pack Vendor :STMicroelectronics X-CUBE-DISPLAY 3.0.0
2023-12-02 15:06:16,716 [INFO] ThirdParty:1030 - CMSIS Pack Vendor :STMicroelectronics FP-SNS-MOTENVWB1 1.3.0
2023-12-02 15:06:16,716 [INFO] ThirdParty:1030 - CMSIS Pack Vendor :STMicroelectronics FP-SNS-MOTENVWB1 1.3.1
2023-12-02 15:06:16,717 [INFO] ThirdParty:1030 - CMSIS Pack Vendor :STMicroelectronics X-CUBE-BLE1 7.0.0
2023-12-02 15:06:16,717 [INFO] ThirdParty:1030 - CMSIS Pack Vendor :STMicroelectronics FP-ATR-SIGFOX1 3.2.0
2023-12-02 15:06:16,717 [INFO] ThirdParty:1030 - CMSIS Pack Vendor :STMicroelectronics HAL Drivers 0.0.0
2023-12-02 15:06:16,717 [INFO] ThirdParty:1030 - CMSIS Pack Vendor :STMicroelectronics MBEDTLS 2.16.2
2023-12-02 15:06:16,717 [INFO] ThirdParty:1030 - CMSIS Pack Vendor :emotas I-CUBE-CANOPEN 1.3.0
2023-12-02 15:06:16,717 [INFO] ThirdParty:1030 - CMSIS Pack Vendor :STMicroelectronics X-CUBE-MEMS1 10.0.0
2023-12-02 15:06:16,717 [INFO] ThirdParty:1030 - CMSIS Pack Vendor :STMicroelectronics X-CUBE-FREERTOS 1.1.0
2023-12-02 15:06:16,717 [INFO] ThirdParty:1030 - CMSIS Pack Vendor :STMicroelectronics X-CUBE-TOUCHGFX 4.22.0
2023-12-02 15:06:16,717 [INFO] ThirdParty:1030 - CMSIS Pack Vendor :STMicroelectronics X-CUBE-NFC7 1.0.1
2023-12-02 15:06:16,717 [INFO] ThirdParty:1030 - CMSIS Pack Vendor :STMicroelectronics MBEDTLS 2.14.1
2023-12-02 15:06:16,717 [INFO] ThirdParty:1030 - CMSIS Pack Vendor :STMicroelectronics X-CUBE-TOUCHGFX 4.22.1
2023-12-02 15:06:16,717 [INFO] ThirdParty:1030 - CMSIS Pack Vendor :STMicroelectronics X-CUBE-NFC6 3.0.0
2023-12-02 15:06:16,717 [INFO] ThirdParty:1030 - CMSIS Pack Vendor :STMicroelectronics X-CUBE-EEPRMA1 4.1.0
2023-12-02 15:06:16,717 [INFO] ThirdParty:1030 - CMSIS Pack Vendor :portGmbH I-Cube-SoM-uGOAL 1.1.0
2023-12-02 15:06:16,717 [INFO] ThirdParty:1030 - CMSIS Pack Vendor :STMicroelectronics X-CUBE-ALS 1.0.1
2023-12-02 15:06:16,718 [INFO] ThirdParty:1030 - CMSIS Pack Vendor :STMicroelectronics ThreadX 1.0.0
2023-12-02 15:06:16,718 [INFO] ThirdParty:1030 - CMSIS Pack Vendor :STMicroelectronics FP-SNS-SMARTAG2 1.2.0
2023-12-02 15:06:16,718 [INFO] ThirdParty:1030 - CMSIS Pack Vendor :STMicroelectronics X-CUBE-AZRTOS-WL 2.0.0
2023-12-02 15:06:16,718 [INFO] ThirdParty:1030 - CMSIS Pack Vendor :SEGGER I-CUBE-embOS 1.3.1
2023-12-02 15:06:16,718 [INFO] ThirdParty:1030 - CMSIS Pack Vendor :STMicroelectronics USB_DEVICE 1.0.0
2023-12-02 15:06:16,718 [INFO] ThirdParty:1030 - CMSIS Pack Vendor :STMicroelectronics X-CUBE-AI 8.1.0
2023-12-02 15:06:16,718 [INFO] ThirdParty:1030 - CMSIS Pack Vendor :STMicroelectronics X-CUBE-AZRTOS-L4 2.0.0
2023-12-02 15:06:16,718 [INFO] ThirdParty:1030 - CMSIS Pack Vendor :STMicroelectronics ThreadX 0.0.2
2023-12-02 15:06:16,718 [INFO] ThirdParty:1030 - CMSIS Pack Vendor :WES I-CUBE-Cesium 1.3.0
2023-12-02 15:06:16,718 [INFO] ThirdParty:1030 - CMSIS Pack Vendor :STMicroelectronics FP-ATR-ASTRA1 2.0.0
2023-12-02 15:06:16,718 [INFO] ThirdParty:1030 - CMSIS Pack Vendor :STMicroelectronics lwIP 2.1.2
2023-12-02 15:06:16,718 [INFO] ThirdParty:1030 - CMSIS Pack Vendor :STMicroelectronics X-CUBE-SFXS2LP1 4.0.0
2023-12-02 15:06:16,718 [INFO] ThirdParty:1030 - CMSIS Pack Vendor :STMicroelectronics X-CUBE-BLE2 3.3.0
2023-12-02 15:06:16,719 [INFO] ThirdParty:1030 - CMSIS Pack Vendor :STMicroelectronics X-CUBE-TOF1 3.4.0
2023-12-02 15:06:16,719 [INFO] ThirdParty:1030 - CMSIS Pack Vendor :STMicroelectronics PDM2PCM 3.2.0
2023-12-02 15:06:16,719 [INFO] ThirdParty:841 - exiting critical section [change project]
2023-12-02 15:06:17,164 [INFO] PinOutPanel:1499 - setPackage(No Configuration,No Configuration)
2023-12-02 15:06:17,166 [INFO] PinOutPanel:1499 - setPackage(STM32L4R5ZITxP,LQFP144)
2023-12-02 15:06:17,747 [INFO] UtilMem:75 - Before build in PCC Used Memory: 706183800 Bytes (1073741824)
2023-12-02 15:06:18,444 [INFO] UtilMem:75 - After build in PCC Used Memory: 814709368 Bytes (1073741824)
2023-12-02 15:06:18,500 [INFO] IPUIPlugin:80 - create IPUIPlugin
2023-12-02 15:06:18,500 [INFO] IPUIPlugin:80 - create IPUIPlugin
2023-12-02 15:06:18,501 [INFO] IPUIPlugin:80 - create IPUIPlugin
2023-12-02 15:06:18,501 [INFO] IPUIPlugin:80 - create IPUIPlugin
2023-12-02 15:06:18,501 [INFO] IPUIPlugin:80 - create IPUIPlugin
2023-12-02 15:06:18,501 [INFO] IPUIPlugin:80 - create IPUIPlugin
2023-12-02 15:06:18,502 [INFO] IPUIPlugin:80 - create IPUIPlugin
2023-12-02 15:06:18,502 [INFO] IPUIPlugin:80 - create IPUIPlugin
2023-12-02 15:06:18,502 [INFO] IPUIPlugin:80 - create IPUIPlugin
2023-12-02 15:06:18,502 [INFO] IPUIPlugin:80 - create IPUIPlugin
2023-12-02 15:06:18,503 [INFO] IPUIPlugin:80 - create IPUIPlugin
2023-12-02 15:06:18,503 [INFO] IPUIPlugin:80 - create IPUIPlugin
2023-12-02 15:06:18,503 [INFO] IPUIPlugin:80 - create IPUIPlugin
2023-12-02 15:06:18,503 [INFO] IPUIPlugin:80 - create IPUIPlugin
2023-12-02 15:06:18,503 [INFO] IPUIPlugin:80 - create IPUIPlugin
2023-12-02 15:06:18,504 [INFO] IPUIPlugin:80 - create IPUIPlugin
2023-12-02 15:06:18,504 [INFO] IPUIPlugin:80 - create IPUIPlugin
2023-12-02 15:06:18,504 [INFO] IPUIPlugin:80 - create IPUIPlugin
2023-12-02 15:06:18,504 [INFO] IPUIPlugin:80 - create IPUIPlugin
2023-12-02 15:06:18,505 [INFO] IPUIPlugin:80 - create IPUIPlugin
2023-12-02 15:06:18,505 [INFO] IPUIPlugin:80 - create IPUIPlugin
2023-12-02 15:06:18,505 [INFO] IPUIPlugin:80 - create IPUIPlugin
2023-12-02 15:06:18,506 [INFO] IPUIPlugin:80 - create IPUIPlugin
2023-12-02 15:06:18,506 [INFO] IPUIPlugin:80 - create IPUIPlugin
2023-12-02 15:06:18,506 [INFO] IPUIPlugin:80 - create IPUIPlugin
2023-12-02 15:06:18,507 [INFO] IPUIPlugin:80 - create IPUIPlugin
2023-12-02 15:06:18,507 [INFO] IPUIPlugin:80 - create IPUIPlugin
2023-12-02 15:06:18,507 [INFO] IPUIPlugin:80 - create IPUIPlugin
2023-12-02 15:06:18,507 [INFO] IPUIPlugin:80 - create IPUIPlugin
2023-12-02 15:06:18,507 [INFO] IPUIPlugin:80 - create IPUIPlugin
2023-12-02 15:06:18,509 [INFO] IPUIPlugin:80 - create IPUIPlugin
2023-12-02 15:06:18,538 [INFO] IPUIPlugin:80 - create IPUIPlugin
2023-12-02 15:06:18,538 [INFO] IPUIPlugin:80 - create IPUIPlugin
2023-12-02 15:06:18,538 [INFO] IPUIPlugin:80 - create IPUIPlugin
2023-12-02 15:06:18,539 [INFO] IPUIPlugin:80 - create IPUIPlugin
2023-12-02 15:06:18,540 [INFO] IPUIPlugin:80 - create IPUIPlugin
2023-12-02 15:06:18,540 [INFO] IPUIPlugin:80 - create IPUIPlugin
2023-12-02 15:06:18,540 [INFO] IPUIPlugin:80 - create IPUIPlugin
2023-12-02 15:06:18,541 [INFO] IPUIPlugin:80 - create IPUIPlugin
2023-12-02 15:06:18,542 [INFO] IPUIPlugin:80 - create IPUIPlugin
2023-12-02 15:06:18,542 [INFO] IPUIPlugin:80 - create IPUIPlugin
2023-12-02 15:06:18,543 [INFO] IPUIPlugin:80 - create IPUIPlugin
2023-12-02 15:06:18,543 [INFO] IPUIPlugin:80 - create IPUIPlugin
2023-12-02 15:06:18,544 [INFO] IPUIPlugin:80 - create IPUIPlugin
2023-12-02 15:06:18,544 [INFO] IPUIPlugin:80 - create IPUIPlugin
2023-12-02 15:06:18,545 [INFO] IPUIPlugin:80 - create IPUIPlugin
2023-12-02 15:06:18,545 [INFO] IPUIPlugin:80 - create IPUIPlugin
2023-12-02 15:06:18,546 [INFO] IPUIPlugin:80 - create IPUIPlugin
2023-12-02 15:06:18,546 [INFO] IPUIPlugin:80 - create IPUIPlugin
2023-12-02 15:06:18,547 [INFO] IPUIPlugin:80 - create IPUIPlugin
2023-12-02 15:06:18,547 [INFO] IPUIPlugin:80 - create IPUIPlugin
2023-12-02 15:06:18,548 [INFO] IPUIPlugin:80 - create IPUIPlugin
2023-12-02 15:06:18,548 [INFO] IPUIPlugin:80 - create IPUIPlugin
2023-12-02 15:06:18,549 [INFO] IPUIPlugin:80 - create IPUIPlugin
2023-12-02 15:06:18,549 [INFO] IPUIPlugin:80 - create IPUIPlugin
2023-12-02 15:06:18,549 [INFO] IPUIPlugin:80 - create IPUIPlugin
2023-12-02 15:06:18,549 [INFO] IPUIPlugin:80 - create IPUIPlugin
2023-12-02 15:06:18,550 [INFO] IPUIPlugin:80 - create IPUIPlugin
2023-12-02 15:06:18,550 [INFO] IPUIPlugin:80 - create IPUIPlugin
2023-12-02 15:06:18,551 [INFO] IPUIPlugin:80 - create IPUIPlugin
2023-12-02 15:06:18,551 [INFO] IPUIPlugin:80 - create IPUIPlugin
2023-12-02 15:06:18,655 [INFO] CADModel:165 - CPN selected for project levelSTM32L4R5ZIT6P
2023-12-02 15:06:18,656 [INFO] CADModel:114 - Register for checkConnection events
2023-12-02 15:06:18,743 [INFO] OpenFileManager:328 - Restore cursor
2023-12-02 15:22:08,859 [INFO] Gpio:273 - dependency for GPIO [LPUART1, SPI1]
2023-12-02 15:28:58,442 [INFO] UtilMem:75 - End SaveConfig() Used Memory: 604912752 Bytes (1073741824)
2023-12-02 15:28:59,002 [INFO] UtilMem:75 - End SaveConfig() Used Memory: 630078576 Bytes (1073741824)
2023-12-02 15:29:00,463 [INFO] UtilMem:75 - End SaveConfig() Used Memory: 892753632 Bytes (1073741824)
2023-12-02 15:29:01,363 [INFO] BlockDiagram:2759 - set Specific Code input for plugin: SPI
2023-12-02 15:29:01,363 [INFO] BlockDiagram:2759 - set Specific Code input for plugin: TIM1_8L4
2023-12-02 15:29:01,363 [INFO] BlockDiagram:2759 - set Specific Code input for plugin: SYS
2023-12-02 15:29:01,363 [INFO] BlockDiagram:2759 - set Specific Code input for plugin: RCC
2023-12-02 15:29:01,363 [INFO] BlockDiagram:2759 - set Specific Code input for plugin: LPUART
2023-12-02 15:29:01,363 [INFO] BlockDiagram:2759 - set Specific Code input for plugin: NVIC
2023-12-02 15:29:01,364 [INFO] BlockDiagram:2759 - set Specific Code input for plugin: GPIO
2023-12-02 15:29:01,367 [INFO] CodeGenerator:799 - code generatio: config db path: C:\ST\STM32CubeIDE_1.13.1\STM32CubeIDE\plugins\com.st.stm32cube.common.mx_6.9.2.202309101412\\db\
2023-12-02 15:29:01,700 [INFO] CodeEngine:255 - oldGeneratedFile, C:\Users\ndib8\Desktop\TADAMHESPEV\TADAMHESPEV\373_Proj\TADAMHESPEV_lcd\Project Temp\Project Temp\temp_sensor\MXTmpFiles\license.tmp_save
2023-12-02 15:29:02,309 [INFO] CodeEngine:279 - Generated code: C:\Users\ndib8\Desktop\TADAMHESPEV\TADAMHESPEV\373_Proj\TADAMHESPEV_lcd\Project Temp\Project Temp\temp_sensor\MXTmpFiles\license.tmp
2023-12-02 15:29:02,721 [INFO] CodeEngine:255 - oldGeneratedFile, C:\Users\ndib8\Desktop\TADAMHESPEV\TADAMHESPEV\373_Proj\TADAMHESPEV_lcd\Project Temp\Project Temp\temp_sensor\MXTmpFiles\gpio.tmp_save
2023-12-02 15:29:03,088 [INFO] CodeEngine:279 - Generated code: C:\Users\ndib8\Desktop\TADAMHESPEV\TADAMHESPEV\373_Proj\TADAMHESPEV_lcd\Project Temp\Project Temp\temp_sensor\MXTmpFiles\gpio.tmp
2023-12-02 15:29:04,195 [INFO] CodeEngine:255 - oldGeneratedFile, C:\Users\ndib8\Desktop\TADAMHESPEV\TADAMHESPEV\373_Proj\TADAMHESPEV_lcd\Project Temp\Project Temp\temp_sensor\Core\Src\stm32l4xx_it.c_save
2023-12-02 15:29:04,512 [INFO] CodeEngine:279 - Generated code: C:\Users\ndib8\Desktop\TADAMHESPEV\TADAMHESPEV\373_Proj\TADAMHESPEV_lcd\Project Temp\Project Temp\temp_sensor\Core\Src\stm32l4xx_it.c
2023-12-02 15:29:04,527 [INFO] CodeEngine:255 - oldGeneratedFile, C:\Users\ndib8\Desktop\TADAMHESPEV\TADAMHESPEV\373_Proj\TADAMHESPEV_lcd\Project Temp\Project Temp\temp_sensor\Core\Inc\stm32l4xx_it.h_save
2023-12-02 15:29:04,719 [INFO] CodeEngine:279 - Generated code: C:\Users\ndib8\Desktop\TADAMHESPEV\TADAMHESPEV\373_Proj\TADAMHESPEV_lcd\Project Temp\Project Temp\temp_sensor\Core\Inc\stm32l4xx_it.h
2023-12-02 15:29:04,761 [INFO] CodeEngine:255 - oldGeneratedFile, C:\Users\ndib8\Desktop\TADAMHESPEV\TADAMHESPEV\373_Proj\TADAMHESPEV_lcd\Project Temp\Project Temp\temp_sensor\Core\Src\stm32l4xx_hal_msp.c_save
2023-12-02 15:29:05,090 [INFO] CodeEngine:279 - Generated code: C:\Users\ndib8\Desktop\TADAMHESPEV\TADAMHESPEV\373_Proj\TADAMHESPEV_lcd\Project Temp\Project Temp\temp_sensor\Core\Src\stm32l4xx_hal_msp.c
2023-12-02 15:29:05,103 [INFO] CodeEngine:255 - oldGeneratedFile, C:\Users\ndib8\Desktop\TADAMHESPEV\TADAMHESPEV\373_Proj\TADAMHESPEV_lcd\Project Temp\Project Temp\temp_sensor\MXTmpFiles\system.tmp_save
2023-12-02 15:29:05,244 [INFO] CodeEngine:279 - Generated code: C:\Users\ndib8\Desktop\TADAMHESPEV\TADAMHESPEV\373_Proj\TADAMHESPEV_lcd\Project Temp\Project Temp\temp_sensor\MXTmpFiles\system.tmp
2023-12-02 15:29:05,281 [INFO] CodeEngine:311 - oldGeneratedFile, C:\Users\ndib8\Desktop\TADAMHESPEV\TADAMHESPEV\373_Proj\TADAMHESPEV_lcd\Project Temp\Project Temp\temp_sensor\Core\Inc\stm32l4xx_hal_conf.h_save
2023-12-02 15:29:05,530 [INFO] CodeEngine:335 - Generated code: C:\Users\ndib8\Desktop\TADAMHESPEV\TADAMHESPEV\373_Proj\TADAMHESPEV_lcd\Project Temp\Project Temp\temp_sensor\Core\Inc\stm32l4xx_hal_conf.h
2023-12-02 15:29:05,586 [WARN] IPConfigManager:3431 - IP not found : TIM
2023-12-02 15:29:05,587 [WARN] CodeGenerator:3764 - IP not found : null
2023-12-02 15:29:05,618 [INFO] CodeEngine:255 - oldGeneratedFile, C:\Users\ndib8\Desktop\TADAMHESPEV\TADAMHESPEV\373_Proj\TADAMHESPEV_lcd\Project Temp\Project Temp\temp_sensor\Core\Inc\main.h_save
2023-12-02 15:29:05,854 [INFO] CodeEngine:279 - Generated code: C:\Users\ndib8\Desktop\TADAMHESPEV\TADAMHESPEV\373_Proj\TADAMHESPEV_lcd\Project Temp\Project Temp\temp_sensor\Core\Inc\main.h
2023-12-02 15:29:05,883 [INFO] CodeEngine:255 - oldGeneratedFile, C:\Users\ndib8\Desktop\TADAMHESPEV\TADAMHESPEV\373_Proj\TADAMHESPEV_lcd\Project Temp\Project Temp\temp_sensor\Core\Src\main.c_save
2023-12-02 15:29:06,251 [INFO] CodeEngine:279 - Generated code: C:\Users\ndib8\Desktop\TADAMHESPEV\TADAMHESPEV\373_Proj\TADAMHESPEV_lcd\Project Temp\Project Temp\temp_sensor\Core\Src\main.c
2023-12-02 15:29:07,382 [INFO] ProjectBuilder:3064 - Time for Copy HAL[1] : 531mS.
2023-12-02 15:29:07,395 [INFO] ProjectBuilder:4404 - Project Generator version: 4.1.0
2023-12-02 15:29:07,737 [INFO] ConfigFileManager:1457 - The Die is : DIE470
2023-12-02 15:29:07,755 [INFO] ApiDbMcu:507 - Load IP Config File for FATFS
2023-12-02 15:29:07,760 [INFO] ApiDbMcu:507 - Load IP Config File for FREERTOS
2023-12-02 15:29:07,775 [INFO] ApiDbMcu:507 - Load IP Config File for TOUCHSENSING
2023-12-02 15:29:07,781 [INFO] ApiDbMcu:507 - Load IP Config File for USB_DEVICE
2023-12-02 15:29:07,786 [INFO] ApiDbMcu:507 - Load IP Config File for USB_HOST
2023-12-02 15:29:08,849 [INFO] LogOutputStream:77 - [STDOUT_REDIRECT] 
2023-12-02 15:29:10,492 [INFO] ProjectBuilder:4626 - Time for Generating toolchain IDE Files: 3097mS.
2023-12-02 15:29:10,494 [INFO] ProjectBuilder:2935 - Time for Copy CMSIS : 1mS.
2023-12-02 15:29:10,509 [INFO] ProjectBuilder:2935 - Time for Copy CMSIS : 0mS.
2023-12-02 15:32:40,455 [INFO] Gpio:273 - dependency for GPIO [LPUART1, SPI1]
2023-12-02 15:32:47,102 [INFO] Gpio:273 - dependency for GPIO [LPUART1, SPI1]
2023-12-02 15:32:47,587 [INFO] Gpio:273 - dependency for GPIO [LPUART1, SPI1]
2023-12-02 15:32:49,804 [INFO] Gpio:273 - dependency for GPIO [LPUART1, SPI1]
2023-12-02 15:32:50,166 [INFO] Gpio:273 - dependency for GPIO [LPUART1, SPI1]
2023-12-02 15:33:00,593 [INFO] Gpio:273 - dependency for GPIO [LPUART1, SPI1]
2023-12-02 15:33:00,977 [INFO] Gpio:273 - dependency for GPIO [LPUART1, SPI1]
2023-12-02 15:42:27,790 [INFO] Gpio:273 - dependency for GPIO [LPUART1, SPI1]
2023-12-02 15:42:29,899 [INFO] UtilMem:75 - End SaveConfig() Used Memory: 711718112 Bytes (1073741824)
2023-12-02 15:42:30,645 [INFO] UtilMem:75 - End SaveConfig() Used Memory: 736883936 Bytes (1073741824)
2023-12-02 15:42:31,731 [INFO] UtilMem:75 - End SaveConfig() Used Memory: 852749536 Bytes (1073741824)
2023-12-02 15:42:32,199 [INFO] BlockDiagram:2759 - set Specific Code input for plugin: SPI
2023-12-02 15:42:32,200 [INFO] BlockDiagram:2759 - set Specific Code input for plugin: TIM1_8L4
2023-12-02 15:42:32,200 [INFO] BlockDiagram:2759 - set Specific Code input for plugin: SYS
2023-12-02 15:42:32,200 [INFO] BlockDiagram:2759 - set Specific Code input for plugin: RCC
2023-12-02 15:42:32,200 [INFO] BlockDiagram:2759 - set Specific Code input for plugin: LPUART
2023-12-02 15:42:32,200 [INFO] BlockDiagram:2759 - set Specific Code input for plugin: NVIC
2023-12-02 15:42:32,202 [INFO] BlockDiagram:2759 - set Specific Code input for plugin: GPIO
2023-12-02 15:42:32,205 [INFO] CodeGenerator:799 - code generatio: config db path: C:\ST\STM32CubeIDE_1.13.1\STM32CubeIDE\plugins\com.st.stm32cube.common.mx_6.9.2.202309101412\\db\
2023-12-02 15:42:32,545 [INFO] CodeEngine:255 - oldGeneratedFile, C:\Users\ndib8\Desktop\TADAMHESPEV\TADAMHESPEV\373_Proj\TADAMHESPEV_lcd\Project Temp\Project Temp\temp_sensor\MXTmpFiles\license.tmp_save
2023-12-02 15:42:32,785 [INFO] CodeEngine:279 - Generated code: C:\Users\ndib8\Desktop\TADAMHESPEV\TADAMHESPEV\373_Proj\TADAMHESPEV_lcd\Project Temp\Project Temp\temp_sensor\MXTmpFiles\license.tmp
2023-12-02 15:42:33,098 [INFO] CodeEngine:255 - oldGeneratedFile, C:\Users\ndib8\Desktop\TADAMHESPEV\TADAMHESPEV\373_Proj\TADAMHESPEV_lcd\Project Temp\Project Temp\temp_sensor\MXTmpFiles\gpio.tmp_save
2023-12-02 15:42:33,352 [INFO] CodeEngine:279 - Generated code: C:\Users\ndib8\Desktop\TADAMHESPEV\TADAMHESPEV\373_Proj\TADAMHESPEV_lcd\Project Temp\Project Temp\temp_sensor\MXTmpFiles\gpio.tmp
2023-12-02 15:42:34,335 [INFO] CodeEngine:255 - oldGeneratedFile, C:\Users\ndib8\Desktop\TADAMHESPEV\TADAMHESPEV\373_Proj\TADAMHESPEV_lcd\Project Temp\Project Temp\temp_sensor\Core\Src\stm32l4xx_it.c_save
2023-12-02 15:42:34,697 [INFO] CodeEngine:279 - Generated code: C:\Users\ndib8\Desktop\TADAMHESPEV\TADAMHESPEV\373_Proj\TADAMHESPEV_lcd\Project Temp\Project Temp\temp_sensor\Core\Src\stm32l4xx_it.c
2023-12-02 15:42:34,712 [INFO] CodeEngine:255 - oldGeneratedFile, C:\Users\ndib8\Desktop\TADAMHESPEV\TADAMHESPEV\373_Proj\TADAMHESPEV_lcd\Project Temp\Project Temp\temp_sensor\Core\Inc\stm32l4xx_it.h_save
2023-12-02 15:42:34,841 [INFO] CodeEngine:279 - Generated code: C:\Users\ndib8\Desktop\TADAMHESPEV\TADAMHESPEV\373_Proj\TADAMHESPEV_lcd\Project Temp\Project Temp\temp_sensor\Core\Inc\stm32l4xx_it.h
2023-12-02 15:42:34,879 [INFO] CodeEngine:255 - oldGeneratedFile, C:\Users\ndib8\Desktop\TADAMHESPEV\TADAMHESPEV\373_Proj\TADAMHESPEV_lcd\Project Temp\Project Temp\temp_sensor\Core\Src\stm32l4xx_hal_msp.c_save
2023-12-02 15:42:35,115 [INFO] CodeEngine:279 - Generated code: C:\Users\ndib8\Desktop\TADAMHESPEV\TADAMHESPEV\373_Proj\TADAMHESPEV_lcd\Project Temp\Project Temp\temp_sensor\Core\Src\stm32l4xx_hal_msp.c
2023-12-02 15:42:35,123 [INFO] CodeEngine:255 - oldGeneratedFile, C:\Users\ndib8\Desktop\TADAMHESPEV\TADAMHESPEV\373_Proj\TADAMHESPEV_lcd\Project Temp\Project Temp\temp_sensor\MXTmpFiles\system.tmp_save
2023-12-02 15:42:35,259 [INFO] CodeEngine:279 - Generated code: C:\Users\ndib8\Desktop\TADAMHESPEV\TADAMHESPEV\373_Proj\TADAMHESPEV_lcd\Project Temp\Project Temp\temp_sensor\MXTmpFiles\system.tmp
2023-12-02 15:42:35,294 [INFO] CodeEngine:311 - oldGeneratedFile, C:\Users\ndib8\Desktop\TADAMHESPEV\TADAMHESPEV\373_Proj\TADAMHESPEV_lcd\Project Temp\Project Temp\temp_sensor\Core\Inc\stm32l4xx_hal_conf.h_save
2023-12-02 15:42:35,468 [INFO] CodeEngine:335 - Generated code: C:\Users\ndib8\Desktop\TADAMHESPEV\TADAMHESPEV\373_Proj\TADAMHESPEV_lcd\Project Temp\Project Temp\temp_sensor\Core\Inc\stm32l4xx_hal_conf.h
2023-12-02 15:42:35,511 [WARN] IPConfigManager:3431 - IP not found : TIM
2023-12-02 15:42:35,512 [WARN] CodeGenerator:3764 - IP not found : null
2023-12-02 15:42:35,544 [INFO] CodeEngine:255 - oldGeneratedFile, C:\Users\ndib8\Desktop\TADAMHESPEV\TADAMHESPEV\373_Proj\TADAMHESPEV_lcd\Project Temp\Project Temp\temp_sensor\Core\Inc\main.h_save
2023-12-02 15:42:35,706 [INFO] CodeEngine:279 - Generated code: C:\Users\ndib8\Desktop\TADAMHESPEV\TADAMHESPEV\373_Proj\TADAMHESPEV_lcd\Project Temp\Project Temp\temp_sensor\Core\Inc\main.h
2023-12-02 15:42:35,733 [INFO] CodeEngine:255 - oldGeneratedFile, C:\Users\ndib8\Desktop\TADAMHESPEV\TADAMHESPEV\373_Proj\TADAMHESPEV_lcd\Project Temp\Project Temp\temp_sensor\Core\Src\main.c_save
2023-12-02 15:42:36,003 [INFO] CodeEngine:279 - Generated code: C:\Users\ndib8\Desktop\TADAMHESPEV\TADAMHESPEV\373_Proj\TADAMHESPEV_lcd\Project Temp\Project Temp\temp_sensor\Core\Src\main.c
2023-12-02 15:42:37,045 [INFO] ProjectBuilder:3064 - Time for Copy HAL[1] : 435mS.
2023-12-02 15:42:37,055 [INFO] ProjectBuilder:4404 - Project Generator version: 4.1.0
2023-12-02 15:42:37,378 [INFO] ConfigFileManager:1457 - The Die is : DIE470
2023-12-02 15:42:39,663 [INFO] ProjectBuilder:4626 - Time for Generating toolchain IDE Files: 2608mS.
2023-12-02 15:42:39,664 [INFO] ProjectBuilder:2935 - Time for Copy CMSIS : 1mS.
2023-12-02 15:42:39,672 [INFO] ProjectBuilder:2935 - Time for Copy CMSIS : 0mS.
2023-12-02 16:43:03,664 [INFO] MainUpdater:2868 - connection check result : 10
2023-12-02 16:43:03,669 [INFO] MainUpdater:2868 - connection check result : 10
2023-12-02 16:43:03,732 [INFO] MicroXplorer:468 - Change Database Path : 
2023-12-02 16:43:03,732 [INFO] MicroXplorer:498 - Change Database Version : DB.6.0.92
2023-12-02 16:43:03,826 [WARN] ThirdParty:871 - waiting for thirdparty lock release [close project]
2023-12-02 16:43:03,826 [INFO] ThirdParty:873 - entering critical section [close project]
2023-12-02 16:43:03,827 [INFO] ThirdParty:883 - exiting critical section [close project]
2023-12-02 16:43:03,833 [INFO] PinOutPanel:1499 - setPackage(No Configuration,No Configuration)
2023-12-02 16:43:03,845 [INFO] UtilMem:75 - Begin LoadConfig() Used Memory: 703039392 Bytes (1073741824)
2023-12-02 16:43:03,847 [INFO] MicroXplorer:468 - Change Database Path : 
2023-12-02 16:43:03,847 [INFO] MicroXplorer:498 - Change Database Version : DB.6.0.92
2023-12-02 16:43:03,848 [INFO] OpenFileManager:308 - Change cursor
2023-12-02 16:43:03,909 [INFO] RulesReader:64 - Compatibility file has been processed (293 Rules)
2023-12-02 16:43:03,920 [INFO] Mcu:1946 - Initializing MCU STM32L4R5ZITxP STM32L4R5ZITxP STM32L4R5ZIT6P
2023-12-02 16:43:08,151 [INFO] Context:659 - Trying to add GPIOservice into a context  which must be forbidden
2023-12-02 16:43:09,027 [INFO] RtosManager:555 - Registered RTOS mode: class=CMSIS, group=RTOS, mode=CMSIS_V1, owner=FREERTOS
2023-12-02 16:43:09,027 [INFO] RtosManager:555 - Registered RTOS mode: class=CMSIS, group=RTOS2, mode=CMSIS_V2, owner=FREERTOS
2023-12-02 16:43:09,028 [INFO] RtosManager:555 - Registered RTOS mode: class=RTOS, group=Core, mode=CMSIS_V1, owner=FREERTOS
2023-12-02 16:43:09,028 [INFO] RtosManager:555 - Registered RTOS mode: class=RTOS, group=Core, mode=CMSIS_V2, owner=FREERTOS
2023-12-02 16:43:09,028 [WARN] ModelIntegratedComponent:184 - Missing modes for component STMicroelectronics:FreeRTOS:0.0.1:STMicroelectronics:RTOS:FreeRTOS:Core:::10.2.0:
2023-12-02 16:43:09,049 [WARN] ModelIntegratedComponent:63 - No mode defined for component null
2023-12-02 16:43:09,049 [WARN] ModelIntegratedComponent:63 - No mode defined for component null
2023-12-02 16:43:09,050 [WARN] ModelIntegratedComponent:63 - No mode defined for component null
2023-12-02 16:43:09,050 [WARN] ModelIntegratedComponent:63 - No mode defined for component null
2023-12-02 16:43:09,050 [WARN] ModelIntegratedComponent:63 - No mode defined for component null
2023-12-02 16:43:09,050 [WARN] ModelIntegratedComponent:63 - No mode defined for component null
2023-12-02 16:43:09,050 [WARN] ModelIntegratedComponent:63 - No mode defined for component null
2023-12-02 16:43:09,050 [WARN] ModelIntegratedComponent:63 - No mode defined for component null
2023-12-02 16:43:09,050 [WARN] ModelIntegratedComponent:63 - No mode defined for component null
2023-12-02 16:43:09,050 [WARN] ModelIntegratedComponent:63 - No mode defined for component null
2023-12-02 16:43:09,050 [WARN] ModelIntegratedComponent:63 - No mode defined for component null
2023-12-02 16:43:09,050 [WARN] ModelIntegratedComponent:63 - No mode defined for component null
2023-12-02 16:43:09,050 [WARN] ModelIntegratedComponent:63 - No mode defined for component null
2023-12-02 16:43:09,050 [WARN] ModelIntegratedComponent:63 - No mode defined for component null
2023-12-02 16:43:09,050 [WARN] ModelIntegratedComponent:63 - No mode defined for component null
2023-12-02 16:43:09,051 [WARN] ModelIntegratedComponent:63 - No mode defined for component null
2023-12-02 16:43:09,051 [WARN] ModelIntegratedComponent:63 - No mode defined for component null
2023-12-02 16:43:09,051 [WARN] ModelIntegratedComponent:63 - No mode defined for component null
2023-12-02 16:43:09,051 [WARN] ModelIntegratedComponent:63 - No mode defined for component null
2023-12-02 16:43:09,051 [WARN] ModelIntegratedComponent:63 - No mode defined for component null
2023-12-02 16:43:09,051 [WARN] ModelIntegratedComponent:63 - No mode defined for component null
2023-12-02 16:43:09,051 [WARN] ModelIntegratedComponent:63 - No mode defined for component null
2023-12-02 16:43:09,051 [WARN] ModelIntegratedComponent:63 - No mode defined for component null
2023-12-02 16:43:09,051 [WARN] ModelIntegratedComponent:63 - No mode defined for component null
2023-12-02 16:43:09,051 [WARN] ModelIntegratedComponent:63 - No mode defined for component null
2023-12-02 16:43:09,052 [WARN] ModelIntegratedComponent:63 - No mode defined for component null
2023-12-02 16:43:09,052 [WARN] ModelIntegratedComponent:63 - No mode defined for component null
2023-12-02 16:43:09,052 [WARN] ModelIntegratedComponent:63 - No mode defined for component null
2023-12-02 16:43:09,052 [WARN] ModelIntegratedComponent:63 - No mode defined for component null
2023-12-02 16:43:09,052 [WARN] ModelIntegratedComponent:63 - No mode defined for component null
2023-12-02 16:43:09,052 [WARN] ModelIntegratedComponent:63 - No mode defined for component null
2023-12-02 16:43:09,052 [WARN] ModelIntegratedComponent:63 - No mode defined for component null
2023-12-02 16:43:09,052 [WARN] ModelIntegratedComponent:63 - No mode defined for component null
2023-12-02 16:43:09,253 [INFO] ThirdPartyModel:298 - Start build external matchings
2023-12-02 16:43:10,343 [INFO] ThirdPartyModel:316 - End build external matchings
2023-12-02 16:43:11,073 [INFO] UtilMem:75 - End LoadConfig() Used Memory: 693846784 Bytes (1073741824)
2023-12-02 16:43:11,180 [WARN] ThirdParty:833 - waiting for thirdparty lock release [change project]
2023-12-02 16:43:11,180 [INFO] ThirdParty:835 - entering critical section [change project]
2023-12-02 16:43:11,180 [INFO] ThirdParty:1030 - CMSIS Pack Vendor :STMicroelectronics X-CUBE-ISPU 1.1.0
2023-12-02 16:43:11,180 [INFO] ThirdParty:1030 - CMSIS Pack Vendor :STMicroelectronics USBPD 4.1
2023-12-02 16:43:11,180 [INFO] ThirdParty:1030 - CMSIS Pack Vendor :STMicroelectronics X-CUBE-GNSS1 6.0.0
2023-12-02 16:43:11,180 [INFO] ThirdParty:1030 - CMSIS Pack Vendor :STMicroelectronics USB_HOST 2.0.0
2023-12-02 16:43:11,180 [INFO] ThirdParty:1030 - CMSIS Pack Vendor :STMicroelectronics X-CUBE-AZRTOS-F4 1.1.0
2023-12-02 16:43:11,180 [INFO] ThirdParty:1030 - CMSIS Pack Vendor :STMicroelectronics LIBJPEG 8.0.0
2023-12-02 16:43:11,181 [INFO] ThirdParty:1030 - CMSIS Pack Vendor :wolfSSL I-CUBE-wolfSSL 5.6.3
2023-12-02 16:43:11,181 [INFO] ThirdParty:1030 - CMSIS Pack Vendor :STMicroelectronics X-CUBE-SMBUS 2.1.0
2023-12-02 16:43:11,181 [INFO] ThirdParty:1030 - CMSIS Pack Vendor :STMicroelectronics USB_DEVICE 3.0.0
2023-12-02 16:43:11,181 [INFO] ThirdParty:1030 - CMSIS Pack Vendor :STMicroelectronics X-CUBE-AZRTOS-WB 2.0.0
2023-12-02 16:43:11,181 [INFO] ThirdParty:1030 - CMSIS Pack Vendor :STMicroelectronics X-CUBE-AZRTOS-F7 1.1.0
2023-12-02 16:43:11,181 [INFO] ThirdParty:1030 - CMSIS Pack Vendor :STMicroelectronics X-CUBE-AZRTOS-L5 2.0.0
2023-12-02 16:43:11,181 [INFO] ThirdParty:1030 - CMSIS Pack Vendor :STMicroelectronics USB_DEVICE 2.0.0
2023-12-02 16:43:11,181 [INFO] ThirdParty:1030 - CMSIS Pack Vendor :STMicroelectronics X-CUBE-MEMS1 9.6.0
2023-12-02 16:43:11,181 [INFO] ThirdParty:1030 - CMSIS Pack Vendor :STMicroelectronics X-CUBE-EEPRMA1 4.2.0
2023-12-02 16:43:11,181 [INFO] ThirdParty:1030 - CMSIS Pack Vendor :ITTIA_DB I-CUBE-ITTIADB 8.8.0
2023-12-02 16:43:11,181 [INFO] ThirdParty:1030 - CMSIS Pack Vendor :STMicroelectronics FP-SNS-MOTENV1 4.3.2
2023-12-02 16:43:11,181 [INFO] ThirdParty:1030 - CMSIS Pack Vendor :STMicroelectronics X-CUBE-ALGOBUILD 1.3.0
2023-12-02 16:43:11,181 [INFO] ThirdParty:1030 - CMSIS Pack Vendor :STMicroelectronics FreeRTOS 0.0.1
2023-12-02 16:43:11,181 [INFO] ThirdParty:1030 - CMSIS Pack Vendor :STMicroelectronics X-CUBE-AZRTOS-G0 1.1.0
2023-12-02 16:43:11,181 [INFO] ThirdParty:1030 - CMSIS Pack Vendor :STMicroelectronics X-CUBE-BLEMGR 2.0.0
2023-12-02 16:43:11,181 [INFO] ThirdParty:1030 - CMSIS Pack Vendor :STMicroelectronics X-CUBE-NFC4 3.0.0
2023-12-02 16:43:11,181 [INFO] ThirdParty:1030 - CMSIS Pack Vendor :STMicroelectronics X-CUBE-SUBG2 5.0.0
2023-12-02 16:43:11,181 [INFO] ThirdParty:1030 - CMSIS Pack Vendor :STMicroelectronics STM32_WPAN 1.0.0
2023-12-02 16:43:11,181 [INFO] ThirdParty:1030 - CMSIS Pack Vendor :STMicroelectronics lwIP 2.0.3
2023-12-02 16:43:11,181 [INFO] ThirdParty:1030 - CMSIS Pack Vendor :STMicroelectronics FP-SNS-FLIGHT1 5.0.2
2023-12-02 16:43:11,181 [INFO] ThirdParty:1030 - CMSIS Pack Vendor :STMicroelectronics USB_HOST 1.0.0
2023-12-02 16:43:11,181 [INFO] ThirdParty:1030 - CMSIS Pack Vendor :STMicroelectronics X-CUBE-TOF1 3.3.1
2023-12-02 16:43:11,181 [INFO] ThirdParty:1030 - CMSIS Pack Vendor :STMicroelectronics X-CUBE-AZRTOS-G4 2.0.0
2023-12-02 16:43:11,181 [INFO] ThirdParty:1030 - CMSIS Pack Vendor :STMicroelectronics PDM2PCM 3.1.0
2023-12-02 16:43:11,181 [INFO] ThirdParty:1030 - CMSIS Pack Vendor :STMicroelectronics X-CUBE-AZRTOS-H7 3.1.0
2023-12-02 16:43:11,181 [INFO] ThirdParty:1030 - CMSIS Pack Vendor :Infineon AIROC-Wi-Fi-Bluetooth-STM32 1.5.1
2023-12-02 16:43:11,181 [INFO] ThirdParty:1030 - CMSIS Pack Vendor :STMicroelectronics X-CUBE-BLEMGR 3.0.0
2023-12-02 16:43:11,181 [INFO] ThirdParty:1030 - CMSIS Pack Vendor :STMicroelectronics PDM2PCM 3.3.0
2023-12-02 16:43:11,181 [INFO] ThirdParty:1030 - CMSIS Pack Vendor :STMicroelectronics X-CUBE-DISPLAY 3.0.0
2023-12-02 16:43:11,181 [INFO] ThirdParty:1030 - CMSIS Pack Vendor :STMicroelectronics FP-SNS-MOTENVWB1 1.3.0
2023-12-02 16:43:11,181 [INFO] ThirdParty:1030 - CMSIS Pack Vendor :STMicroelectronics FP-SNS-MOTENVWB1 1.3.1
2023-12-02 16:43:11,181 [INFO] ThirdParty:1030 - CMSIS Pack Vendor :STMicroelectronics X-CUBE-BLE1 7.0.0
2023-12-02 16:43:11,181 [INFO] ThirdParty:1030 - CMSIS Pack Vendor :STMicroelectronics FP-ATR-SIGFOX1 3.2.0
2023-12-02 16:43:11,181 [INFO] ThirdParty:1030 - CMSIS Pack Vendor :STMicroelectronics HAL Drivers 0.0.0
2023-12-02 16:43:11,181 [INFO] ThirdParty:1030 - CMSIS Pack Vendor :STMicroelectronics MBEDTLS 2.16.2
2023-12-02 16:43:11,181 [INFO] ThirdParty:1030 - CMSIS Pack Vendor :emotas I-CUBE-CANOPEN 1.3.0
2023-12-02 16:43:11,181 [INFO] ThirdParty:1030 - CMSIS Pack Vendor :STMicroelectronics X-CUBE-MEMS1 10.0.0
2023-12-02 16:43:11,181 [INFO] ThirdParty:1030 - CMSIS Pack Vendor :STMicroelectronics X-CUBE-FREERTOS 1.1.0
2023-12-02 16:43:11,185 [INFO] ThirdParty:1030 - CMSIS Pack Vendor :STMicroelectronics X-CUBE-TOUCHGFX 4.22.0
2023-12-02 16:43:11,185 [INFO] ThirdParty:1030 - CMSIS Pack Vendor :STMicroelectronics X-CUBE-NFC7 1.0.1
2023-12-02 16:43:11,185 [INFO] ThirdParty:1030 - CMSIS Pack Vendor :STMicroelectronics MBEDTLS 2.14.1
2023-12-02 16:43:11,185 [INFO] ThirdParty:1030 - CMSIS Pack Vendor :STMicroelectronics X-CUBE-TOUCHGFX 4.22.1
2023-12-02 16:43:11,185 [INFO] ThirdParty:1030 - CMSIS Pack Vendor :STMicroelectronics X-CUBE-NFC6 3.0.0
2023-12-02 16:43:11,185 [INFO] ThirdParty:1030 - CMSIS Pack Vendor :STMicroelectronics X-CUBE-EEPRMA1 4.1.0
2023-12-02 16:43:11,185 [INFO] ThirdParty:1030 - CMSIS Pack Vendor :portGmbH I-Cube-SoM-uGOAL 1.1.0
2023-12-02 16:43:11,185 [INFO] ThirdParty:1030 - CMSIS Pack Vendor :STMicroelectronics X-CUBE-ALS 1.0.1
2023-12-02 16:43:11,185 [INFO] ThirdParty:1030 - CMSIS Pack Vendor :STMicroelectronics ThreadX 1.0.0
2023-12-02 16:43:11,185 [INFO] ThirdParty:1030 - CMSIS Pack Vendor :STMicroelectronics FP-SNS-SMARTAG2 1.2.0
2023-12-02 16:43:11,185 [INFO] ThirdParty:1030 - CMSIS Pack Vendor :STMicroelectronics X-CUBE-AZRTOS-WL 2.0.0
2023-12-02 16:43:11,185 [INFO] ThirdParty:1030 - CMSIS Pack Vendor :SEGGER I-CUBE-embOS 1.3.1
2023-12-02 16:43:11,185 [INFO] ThirdParty:1030 - CMSIS Pack Vendor :STMicroelectronics USB_DEVICE 1.0.0
2023-12-02 16:43:11,185 [INFO] ThirdParty:1030 - CMSIS Pack Vendor :STMicroelectronics X-CUBE-AI 8.1.0
2023-12-02 16:43:11,185 [INFO] ThirdParty:1030 - CMSIS Pack Vendor :STMicroelectronics X-CUBE-AZRTOS-L4 2.0.0
2023-12-02 16:43:11,185 [INFO] ThirdParty:1030 - CMSIS Pack Vendor :STMicroelectronics ThreadX 0.0.2
2023-12-02 16:43:11,185 [INFO] ThirdParty:1030 - CMSIS Pack Vendor :WES I-CUBE-Cesium 1.3.0
2023-12-02 16:43:11,185 [INFO] ThirdParty:1030 - CMSIS Pack Vendor :STMicroelectronics FP-ATR-ASTRA1 2.0.0
2023-12-02 16:43:11,185 [INFO] ThirdParty:1030 - CMSIS Pack Vendor :STMicroelectronics lwIP 2.1.2
2023-12-02 16:43:11,185 [INFO] ThirdParty:1030 - CMSIS Pack Vendor :STMicroelectronics X-CUBE-SFXS2LP1 4.0.0
2023-12-02 16:43:11,185 [INFO] ThirdParty:1030 - CMSIS Pack Vendor :STMicroelectronics X-CUBE-BLE2 3.3.0
2023-12-02 16:43:11,185 [INFO] ThirdParty:1030 - CMSIS Pack Vendor :STMicroelectronics X-CUBE-TOF1 3.4.0
2023-12-02 16:43:11,185 [INFO] ThirdParty:1030 - CMSIS Pack Vendor :STMicroelectronics PDM2PCM 3.2.0
2023-12-02 16:43:11,185 [INFO] ThirdParty:841 - exiting critical section [change project]
2023-12-02 16:43:11,600 [INFO] PinOutPanel:1499 - setPackage(No Configuration,No Configuration)
2023-12-02 16:43:11,601 [INFO] PinOutPanel:1499 - setPackage(STM32L4R5ZITxP,LQFP144)
2023-12-02 16:43:12,087 [INFO] UtilMem:75 - Before build in PCC Used Memory: 740955640 Bytes (1073741824)
2023-12-02 16:43:12,618 [INFO] UtilMem:75 - After build in PCC Used Memory: 848958968 Bytes (1073741824)
2023-12-02 16:43:12,655 [INFO] IPUIPlugin:80 - create IPUIPlugin
2023-12-02 16:43:12,656 [INFO] IPUIPlugin:80 - create IPUIPlugin
2023-12-02 16:43:12,656 [INFO] IPUIPlugin:80 - create IPUIPlugin
2023-12-02 16:43:12,656 [INFO] IPUIPlugin:80 - create IPUIPlugin
2023-12-02 16:43:12,656 [INFO] IPUIPlugin:80 - create IPUIPlugin
2023-12-02 16:43:12,657 [INFO] IPUIPlugin:80 - create IPUIPlugin
2023-12-02 16:43:12,657 [INFO] IPUIPlugin:80 - create IPUIPlugin
2023-12-02 16:43:12,657 [INFO] IPUIPlugin:80 - create IPUIPlugin
2023-12-02 16:43:12,657 [INFO] IPUIPlugin:80 - create IPUIPlugin
2023-12-02 16:43:12,658 [INFO] IPUIPlugin:80 - create IPUIPlugin
2023-12-02 16:43:12,658 [INFO] IPUIPlugin:80 - create IPUIPlugin
2023-12-02 16:43:12,658 [INFO] IPUIPlugin:80 - create IPUIPlugin
2023-12-02 16:43:12,658 [INFO] IPUIPlugin:80 - create IPUIPlugin
2023-12-02 16:43:12,658 [INFO] IPUIPlugin:80 - create IPUIPlugin
2023-12-02 16:43:12,658 [INFO] IPUIPlugin:80 - create IPUIPlugin
2023-12-02 16:43:12,659 [INFO] IPUIPlugin:80 - create IPUIPlugin
2023-12-02 16:43:12,659 [INFO] IPUIPlugin:80 - create IPUIPlugin
2023-12-02 16:43:12,659 [INFO] IPUIPlugin:80 - create IPUIPlugin
2023-12-02 16:43:12,659 [INFO] IPUIPlugin:80 - create IPUIPlugin
2023-12-02 16:43:12,661 [INFO] IPUIPlugin:80 - create IPUIPlugin
2023-12-02 16:43:12,661 [INFO] IPUIPlugin:80 - create IPUIPlugin
2023-12-02 16:43:12,662 [INFO] IPUIPlugin:80 - create IPUIPlugin
2023-12-02 16:43:12,662 [INFO] IPUIPlugin:80 - create IPUIPlugin
2023-12-02 16:43:12,663 [INFO] IPUIPlugin:80 - create IPUIPlugin
2023-12-02 16:43:12,663 [INFO] IPUIPlugin:80 - create IPUIPlugin
2023-12-02 16:43:12,664 [INFO] IPUIPlugin:80 - create IPUIPlugin
2023-12-02 16:43:12,664 [INFO] IPUIPlugin:80 - create IPUIPlugin
2023-12-02 16:43:12,664 [INFO] IPUIPlugin:80 - create IPUIPlugin
2023-12-02 16:43:12,664 [INFO] IPUIPlugin:80 - create IPUIPlugin
2023-12-02 16:43:12,665 [INFO] IPUIPlugin:80 - create IPUIPlugin
2023-12-02 16:43:12,665 [INFO] IPUIPlugin:80 - create IPUIPlugin
2023-12-02 16:43:12,666 [INFO] IPUIPlugin:80 - create IPUIPlugin
2023-12-02 16:43:12,666 [INFO] IPUIPlugin:80 - create IPUIPlugin
2023-12-02 16:43:12,667 [INFO] IPUIPlugin:80 - create IPUIPlugin
2023-12-02 16:43:12,667 [INFO] IPUIPlugin:80 - create IPUIPlugin
2023-12-02 16:43:12,668 [INFO] IPUIPlugin:80 - create IPUIPlugin
2023-12-02 16:43:12,668 [INFO] IPUIPlugin:80 - create IPUIPlugin
2023-12-02 16:43:12,669 [INFO] IPUIPlugin:80 - create IPUIPlugin
2023-12-02 16:43:12,670 [INFO] IPUIPlugin:80 - create IPUIPlugin
2023-12-02 16:43:12,671 [INFO] IPUIPlugin:80 - create IPUIPlugin
2023-12-02 16:43:12,671 [INFO] IPUIPlugin:80 - create IPUIPlugin
2023-12-02 16:43:12,672 [INFO] IPUIPlugin:80 - create IPUIPlugin
2023-12-02 16:43:12,672 [INFO] IPUIPlugin:80 - create IPUIPlugin
2023-12-02 16:43:12,673 [INFO] IPUIPlugin:80 - create IPUIPlugin
2023-12-02 16:43:12,673 [INFO] IPUIPlugin:80 - create IPUIPlugin
2023-12-02 16:43:12,674 [INFO] IPUIPlugin:80 - create IPUIPlugin
2023-12-02 16:43:12,674 [INFO] IPUIPlugin:80 - create IPUIPlugin
2023-12-02 16:43:12,675 [INFO] IPUIPlugin:80 - create IPUIPlugin
2023-12-02 16:43:12,675 [INFO] IPUIPlugin:80 - create IPUIPlugin
2023-12-02 16:43:12,676 [INFO] IPUIPlugin:80 - create IPUIPlugin
2023-12-02 16:43:12,677 [INFO] IPUIPlugin:80 - create IPUIPlugin
2023-12-02 16:43:12,677 [INFO] IPUIPlugin:80 - create IPUIPlugin
2023-12-02 16:43:12,678 [INFO] IPUIPlugin:80 - create IPUIPlugin
2023-12-02 16:43:12,679 [INFO] IPUIPlugin:80 - create IPUIPlugin
2023-12-02 16:43:12,680 [INFO] IPUIPlugin:80 - create IPUIPlugin
2023-12-02 16:43:12,680 [INFO] IPUIPlugin:80 - create IPUIPlugin
2023-12-02 16:43:12,681 [INFO] IPUIPlugin:80 - create IPUIPlugin
2023-12-02 16:43:12,682 [INFO] IPUIPlugin:80 - create IPUIPlugin
2023-12-02 16:43:12,682 [INFO] IPUIPlugin:80 - create IPUIPlugin
2023-12-02 16:43:12,683 [INFO] IPUIPlugin:80 - create IPUIPlugin
2023-12-02 16:43:12,683 [INFO] IPUIPlugin:80 - create IPUIPlugin
2023-12-02 16:43:12,775 [INFO] CADModel:165 - CPN selected for project levelSTM32L4R5ZIT6P
2023-12-02 16:43:12,775 [INFO] CADModel:114 - Register for checkConnection events
2023-12-02 16:43:12,817 [INFO] OpenFileManager:328 - Restore cursor
