2023-11-10 17:35:40,860 [INFO] Activator:176 - 


2023-11-10 17:35:40,893 [INFO] Activator:177 - !SESSION log4j initialized
2023-11-10 17:35:50,488 [INFO] LogOutputStream:77 - [STDOUT_REDIRECT] 
2023-11-10 17:35:53,815 [INFO] ApplicationProperties:184 - Using Application install path: C:\ST\STM32CubeIDE_1.13.1\STM32CubeIDE\plugins\com.st.stm32cube.common.mx_6.9.1.202307191849
2023-11-10 17:35:53,865 [INFO] DbMcusXml:78 - Set database path to: C:\ST\STM32CubeIDE_1.13.1\STM32CubeIDE\plugins\com.st.stm32cube.common.mx_6.9.1.202307191849\\db\/mcu/
2023-11-10 17:35:53,865 [INFO] ApiDb:274 - Set plugin database path to: C:\ST\STM32CubeIDE_1.13.1\STM32CubeIDE\plugins\com.st.stm32cube.common.mx_6.9.1.202307191849\\db\/plugins/boardmanager/
2023-11-10 17:35:53,867 [WARN] ApiDb:259 - Overriding images path with different value:  => C:\ST\STM32CubeIDE_1.13.1\STM32CubeIDE\plugins\com.st.stm32cube.common.mx_6.9.1.202307191849\\db\/plugins/mcufinder/images/
2023-11-10 17:35:53,891 [INFO] ApiDb:250 - Set database path to: C:\Users\ndib8\.stmcufinder\plugins\mcufinder//mcu/
2023-11-10 17:35:53,894 [INFO] DbMcusAds:125 - Set database path to: C:\Users\ndib8\.stmcufinder\plugins\mcufinder//mcu/
2023-11-10 17:35:53,898 [INFO] CrossReferenceDbSqlite:203 - Set database path to: C:\Users\ndib8\.stmcufinder\plugins\mcufinder//mcu/cs/
2023-11-10 17:35:54,221 [INFO] RulesReader:64 - Compatibility file has been processed (293 Rules)
2023-11-10 17:35:54,413 [INFO] DbMcusXml:78 - Set database path to: C:\ST\STM32CubeIDE_1.13.1\STM32CubeIDE\plugins\com.st.stm32cube.common.mx_6.9.1.202307191849\\db\/mcu/
2023-11-10 17:35:54,413 [INFO] ApiDb:274 - Set plugin database path to: C:\ST\STM32CubeIDE_1.13.1\STM32CubeIDE\plugins\com.st.stm32cube.common.mx_6.9.1.202307191849\\db\/plugins/boardmanager/
2023-11-10 17:35:54,415 [INFO] ApiDb:261 - Set plugin images path to: C:\ST\STM32CubeIDE_1.13.1\STM32CubeIDE\plugins\com.st.stm32cube.common.mx_6.9.1.202307191849\\db\/plugins/mcufinder/images/
2023-11-10 17:35:54,415 [WARN] DbFile:41 - Overriding database path with different value: C:\Users\ndib8\.stmcufinder\plugins\mcufinder/ => C:\Users\ndib8\.stmcufinder\plugins\mcufinder
2023-11-10 17:35:54,415 [INFO] ApiDb:250 - Set database path to: C:\Users\ndib8\.stmcufinder\plugins\mcufinder//mcu/
2023-11-10 17:35:54,416 [WARN] DbFile:41 - Overriding database path with different value: C:\Users\ndib8\.stmcufinder\plugins\mcufinder/ => C:\Users\ndib8\.stmcufinder\plugins\mcufinder
2023-11-10 17:35:54,416 [INFO] DbMcusAds:125 - Set database path to: C:\Users\ndib8\.stmcufinder\plugins\mcufinder//mcu/
2023-11-10 17:35:54,416 [WARN] DbFile:41 - Overriding database path with different value: C:\Users\ndib8\.stmcufinder\plugins\mcufinder/ => C:\Users\ndib8\.stmcufinder\plugins\mcufinder
2023-11-10 17:35:54,416 [WARN] DbFile:41 - Overriding database path with different value: C:\Users\ndib8\.stmcufinder\plugins\mcufinder/ => C:\Users\ndib8\.stmcufinder\plugins\mcufinder
2023-11-10 17:35:54,416 [INFO] CrossReferenceDbSqlite:203 - Set database path to: C:\Users\ndib8\.stmcufinder\plugins\mcufinder//mcu/cs/
2023-11-10 17:35:54,595 [INFO] MainPanel:262 - HeapMemory: 268435456
2023-11-10 17:35:54,821 [INFO] DbMcusXml:78 - Set database path to: C:\ST\STM32CubeIDE_1.13.1\STM32CubeIDE\plugins\com.st.stm32cube.common.mx_6.9.1.202307191849\\db\/mcu/
2023-11-10 17:35:54,821 [INFO] ApiDb:274 - Set plugin database path to: C:\ST\STM32CubeIDE_1.13.1\STM32CubeIDE\plugins\com.st.stm32cube.common.mx_6.9.1.202307191849\\db\/plugins/boardmanager/
2023-11-10 17:35:54,822 [INFO] ApiDb:261 - Set plugin images path to: C:\ST\STM32CubeIDE_1.13.1\STM32CubeIDE\plugins\com.st.stm32cube.common.mx_6.9.1.202307191849\\db\/plugins/mcufinder/images/
2023-11-10 17:35:54,823 [WARN] DbFile:41 - Overriding database path with different value: C:\Users\ndib8\.stmcufinder\plugins\mcufinder/ => C:\Users\ndib8\.stmcufinder\plugins\mcufinder
2023-11-10 17:35:54,824 [INFO] ApiDb:250 - Set database path to: C:\Users\ndib8\.stmcufinder\plugins\mcufinder//mcu/
2023-11-10 17:35:54,824 [WARN] DbFile:41 - Overriding database path with different value: C:\Users\ndib8\.stmcufinder\plugins\mcufinder/ => C:\Users\ndib8\.stmcufinder\plugins\mcufinder
2023-11-10 17:35:54,824 [INFO] DbMcusAds:125 - Set database path to: C:\Users\ndib8\.stmcufinder\plugins\mcufinder//mcu/
2023-11-10 17:35:54,824 [WARN] DbFile:41 - Overriding database path with different value: C:\Users\ndib8\.stmcufinder\plugins\mcufinder/ => C:\Users\ndib8\.stmcufinder\plugins\mcufinder
2023-11-10 17:35:54,825 [WARN] DbFile:41 - Overriding database path with different value: C:\Users\ndib8\.stmcufinder\plugins\mcufinder/ => C:\Users\ndib8\.stmcufinder\plugins\mcufinder
2023-11-10 17:35:54,825 [INFO] CrossReferenceDbSqlite:203 - Set database path to: C:\Users\ndib8\.stmcufinder\plugins\mcufinder//mcu/cs/
2023-11-10 17:35:54,866 [INFO] ApplicationProperties:184 - Using Application install path: C:\ST\STM32CubeIDE_1.13.1\STM32CubeIDE\plugins\com.st.stm32cube.common.mx_6.9.1.202307191849
2023-11-10 17:35:54,868 [INFO] PluginManage:196 - Search for loadable plugins [exclusion list=, ]
2023-11-10 17:35:54,871 [INFO] PluginManage:310 - Check plugin analytics
2023-11-10 17:35:55,195 [INFO] AnalyticsPlugin:253 - Accepted Software Licenses: 
2023-11-10 17:35:55,196 [INFO] AnalyticsPlugin:255 - Accepted CMSIS Pack Licenses: 
2023-11-10 17:35:55,196 [INFO] AnalyticsPlugin:257 - Accepted Firmware Licenses: FW.L4.1.18.0
2023-11-10 17:35:55,202 [INFO] PluginManage:359 - Loaded plugin analytics (category:tool,tabindex:-1)
2023-11-10 17:35:55,203 [INFO] PluginManage:310 - Check plugin cadmodel
2023-11-10 17:35:55,228 [INFO] CADModel:105 - Init CAD model plugin
2023-11-10 17:35:55,228 [INFO] PluginManage:359 - Loaded plugin cadmodel (category:power,tabindex:5)
2023-11-10 17:35:55,228 [INFO] PluginManage:310 - Check plugin clock
2023-11-10 17:35:55,261 [INFO] PluginManage:359 - Loaded plugin clock (category:base,tabindex:2)
2023-11-10 17:35:55,261 [INFO] PluginManage:310 - Check plugin ddr
2023-11-10 17:35:55,265 [INFO] PluginManage:359 - Loaded plugin ddr (category:tool,tabindex:6)
2023-11-10 17:35:55,266 [INFO] PluginManage:310 - Check plugin filemanager
2023-11-10 17:35:55,525 [INFO] PluginManage:359 - Loaded plugin filemanager (category:base,tabindex:10)
2023-11-10 17:35:55,527 [INFO] PluginManage:310 - Check plugin ipmanager
2023-11-10 17:35:55,544 [INFO] PluginManage:359 - Loaded plugin ipmanager (category:base,tabindex:5)
2023-11-10 17:35:55,544 [INFO] PluginManage:310 - Check plugin lpbam
2023-11-10 17:35:55,579 [INFO] PluginManage:359 - Loaded plugin lpbam (category:base,tabindex:0)
2023-11-10 17:35:55,580 [INFO] PluginManage:310 - Check plugin memorymap
2023-11-10 17:35:55,623 [INFO] PluginManage:359 - Loaded plugin memorymap (category:base,tabindex:4)
2023-11-10 17:35:55,624 [INFO] PluginManage:310 - Check plugin pinoutandconfiguration
2023-11-10 17:35:55,656 [INFO] PluginManage:359 - Loaded plugin pinoutandconfiguration (category:base,tabindex:1)
2023-11-10 17:35:55,656 [INFO] PluginManage:310 - Check plugin pinoutconfig
2023-11-10 17:35:55,864 [WARN] SupportedApi:132 - Cannot load RTOS API schema: s4s-elt-must-match.1: The content of 'definitions' must match (annotation?, (simpleType | complexType)?, (unique | key | keyref)*)). A problem was found starting at: attribute.
2023-11-10 17:35:56,140 [INFO] PluginManage:359 - Loaded plugin pinoutconfig (category:base,tabindex:0)
2023-11-10 17:35:56,140 [INFO] PluginManage:310 - Check plugin power
2023-11-10 17:35:56,177 [INFO] PluginManage:359 - Loaded plugin power (category:power,tabindex:4)
2023-11-10 17:35:56,177 [INFO] PluginManage:310 - Check plugin projectmanager
2023-11-10 17:35:56,208 [INFO] PluginManage:359 - Loaded plugin projectmanager (category:projectmanager,tabindex:3)
2023-11-10 17:35:56,208 [INFO] PluginManage:310 - Check plugin thirdparty
2023-11-10 17:35:56,744 [INFO] PluginManage:359 - Loaded plugin thirdparty (category:base,tabindex:-1)
2023-11-10 17:35:56,744 [WARN] IntegrityCheckThread:84 - waiting for thirdparty lock release [integrity check]
2023-11-10 17:35:56,744 [INFO] PluginManage:310 - Check plugin tools
2023-11-10 17:35:56,744 [INFO] IntegrityCheckThread:86 - entering critical section [integrity check]
2023-11-10 17:35:56,745 [INFO] ThirdPartyUpdaterWithRetryManager:70 - Updater plugin not ready yet. [1/15]
2023-11-10 17:35:56,804 [INFO] PluginManage:359 - Loaded plugin tools (category:base,tabindex:7)
2023-11-10 17:35:56,804 [INFO] PluginManage:310 - Check plugin tutovideos
2023-11-10 17:35:57,179 [INFO] PluginManage:359 - Loaded plugin tutovideos (category:base,tabindex:-1)
2023-11-10 17:35:57,180 [INFO] PluginManage:310 - Check plugin updater
2023-11-10 17:35:57,201 [INFO] PluginManage:359 - Loaded plugin updater (category:base,tabindex:12)
2023-11-10 17:35:57,201 [INFO] PluginManage:310 - Check plugin userauth
2023-11-10 17:35:57,210 [INFO] UserAuth:113 - Init User Auth plugin
2023-11-10 17:35:57,210 [INFO] PluginManage:359 - Loaded plugin userauth (category:base,tabindex:14)
2023-11-10 17:35:57,211 [INFO] PluginManage:283 - PluginManage : Loaded plugins [17]
2023-11-10 17:35:57,634 [INFO] PinOutPanel:1499 - setPackage(No Configuration,No Configuration)
2023-11-10 17:35:57,832 [INFO] CADModel:165 - CPN selected for project level
2023-11-10 17:35:57,833 [INFO] CADModel:114 - Register for checkConnection events
2023-11-10 17:35:57,893 [INFO] IPUIPlugin:80 - create IPUIPlugin
2023-11-10 17:35:57,893 [INFO] PluginManager:220 - loadIPPluginJar : add adc
2023-11-10 17:35:57,947 [INFO] IPUIPlugin:80 - create IPUIPlugin
2023-11-10 17:35:57,948 [INFO] PluginManager:220 - loadIPPluginJar : add aes
2023-11-10 17:35:58,006 [INFO] IPUIPlugin:80 - create IPUIPlugin
2023-11-10 17:35:58,006 [INFO] PluginManager:220 - loadIPPluginJar : add can
2023-11-10 17:35:58,039 [INFO] IPUIPlugin:80 - create IPUIPlugin
2023-11-10 17:35:58,039 [INFO] PluginManager:220 - loadIPPluginJar : add comp
2023-11-10 17:35:58,087 [INFO] IPUIPlugin:80 - create IPUIPlugin
2023-11-10 17:35:58,088 [INFO] PluginManager:220 - loadIPPluginJar : add cryp
2023-11-10 17:35:58,131 [INFO] IPUIPlugin:80 - create IPUIPlugin
2023-11-10 17:35:58,131 [INFO] PluginManager:220 - loadIPPluginJar : add dfsdm
2023-11-10 17:35:58,154 [INFO] IPUIPlugin:80 - create IPUIPlugin
2023-11-10 17:35:58,155 [INFO] PluginManager:220 - loadIPPluginJar : add dma
2023-11-10 17:35:58,219 [INFO] IPUIPlugin:80 - create IPUIPlugin
2023-11-10 17:35:58,220 [INFO] PluginManager:220 - loadIPPluginJar : add dma3
2023-11-10 17:35:58,253 [INFO] IPUIPlugin:80 - create IPUIPlugin
2023-11-10 17:35:58,254 [INFO] PluginManager:220 - loadIPPluginJar : add fatfs
2023-11-10 17:35:58,338 [INFO] IPUIPlugin:80 - create IPUIPlugin
2023-11-10 17:35:58,338 [INFO] PluginManager:220 - loadIPPluginJar : add fmc
2023-11-10 17:35:58,363 [INFO] IPUIPlugin:80 - create IPUIPlugin
2023-11-10 17:35:58,365 [INFO] PluginManager:220 - loadIPPluginJar : add freertos
2023-11-10 17:35:58,406 [INFO] IPUIPlugin:80 - create IPUIPlugin
2023-11-10 17:35:58,406 [INFO] PluginManager:220 - loadIPPluginJar : add genericplugin
2023-11-10 17:35:58,568 [INFO] IPUIPlugin:80 - create IPUIPlugin
2023-11-10 17:35:58,568 [INFO] PluginManager:220 - loadIPPluginJar : add gfxmmu
2023-11-10 17:35:58,829 [INFO] IPUIPlugin:80 - create IPUIPlugin
2023-11-10 17:35:58,829 [INFO] PluginManager:220 - loadIPPluginJar : add gic
2023-11-10 17:35:58,858 [INFO] IPUIPlugin:80 - create IPUIPlugin
2023-11-10 17:35:58,858 [INFO] PluginManager:220 - loadIPPluginJar : add gpio
2023-11-10 17:35:59,032 [INFO] IPUIPlugin:80 - create IPUIPlugin
2023-11-10 17:35:59,032 [INFO] PluginManager:220 - loadIPPluginJar : add gtzc
2023-11-10 17:35:59,096 [INFO] IPUIPlugin:80 - create IPUIPlugin
2023-11-10 17:35:59,097 [INFO] PluginManager:220 - loadIPPluginJar : add hash
2023-11-10 17:35:59,185 [INFO] IPUIPlugin:80 - create IPUIPlugin
2023-11-10 17:35:59,185 [INFO] PluginManager:220 - loadIPPluginJar : add i2c
2023-11-10 17:35:59,247 [INFO] IPUIPlugin:80 - create IPUIPlugin
2023-11-10 17:35:59,247 [INFO] PluginManager:220 - loadIPPluginJar : add i2s
2023-11-10 17:35:59,305 [INFO] IPUIPlugin:80 - create IPUIPlugin
2023-11-10 17:35:59,305 [INFO] PluginManager:220 - loadIPPluginJar : add i3c
2023-11-10 17:35:59,497 [INFO] IPUIPlugin:80 - create IPUIPlugin
2023-11-10 17:35:59,498 [INFO] PluginManager:220 - loadIPPluginJar : add ipddr
2023-11-10 17:35:59,639 [INFO] IPUIPlugin:80 - create IPUIPlugin
2023-11-10 17:35:59,639 [INFO] PluginManager:220 - loadIPPluginJar : add linkedlist
2023-11-10 17:35:59,692 [INFO] IPUIPlugin:80 - create IPUIPlugin
2023-11-10 17:35:59,692 [INFO] PluginManager:220 - loadIPPluginJar : add lorawan
2023-11-10 17:35:59,748 [INFO] ThirdPartyUpdaterWithRetryManager:70 - Updater plugin not ready yet. [2/15]
2023-11-10 17:35:59,748 [INFO] IPUIPlugin:80 - create IPUIPlugin
2023-11-10 17:35:59,748 [INFO] PluginManager:220 - loadIPPluginJar : add ltdc
2023-11-10 17:35:59,775 [INFO] IPUIPlugin:80 - create IPUIPlugin
2023-11-10 17:35:59,775 [INFO] PluginManager:220 - loadIPPluginJar : add mdma
2023-11-10 17:35:59,795 [INFO] IPUIPlugin:80 - create IPUIPlugin
2023-11-10 17:35:59,796 [INFO] PluginManager:220 - loadIPPluginJar : add nvic
2023-11-10 17:35:59,849 [INFO] IPUIPlugin:80 - create IPUIPlugin
2023-11-10 17:35:59,849 [INFO] PluginManager:220 - loadIPPluginJar : add opamp
2023-11-10 17:35:59,938 [INFO] IPUIPlugin:80 - create IPUIPlugin
2023-11-10 17:35:59,938 [INFO] PluginManager:220 - loadIPPluginJar : add openamp
2023-11-10 17:36:00,010 [INFO] IPUIPlugin:80 - create IPUIPlugin
2023-11-10 17:36:00,011 [INFO] PluginManager:220 - loadIPPluginJar : add pdm2pcm
2023-11-10 17:36:00,044 [INFO] IPUIPlugin:80 - create IPUIPlugin
2023-11-10 17:36:00,048 [INFO] PluginManager:220 - loadIPPluginJar : add plateformsettings
2023-11-10 17:36:00,089 [INFO] IPUIPlugin:80 - create IPUIPlugin
2023-11-10 17:36:00,089 [INFO] PluginManager:220 - loadIPPluginJar : add quadspi
2023-11-10 17:36:00,110 [INFO] IPUIPlugin:80 - create IPUIPlugin
2023-11-10 17:36:00,110 [INFO] PluginManager:220 - loadIPPluginJar : add resmgrutility
2023-11-10 17:36:00,188 [INFO] IPUIPlugin:80 - create IPUIPlugin
2023-11-10 17:36:00,188 [INFO] PluginManager:220 - loadIPPluginJar : add sai
2023-11-10 17:36:00,246 [INFO] IPUIPlugin:80 - create IPUIPlugin
2023-11-10 17:36:00,247 [INFO] PluginManager:220 - loadIPPluginJar : add spi
2023-11-10 17:36:00,340 [INFO] IPUIPlugin:80 - create IPUIPlugin
2023-11-10 17:36:00,340 [INFO] PluginManager:220 - loadIPPluginJar : add stm32_wpan
2023-11-10 17:36:00,372 [INFO] IPUIPlugin:80 - create IPUIPlugin
2023-11-10 17:36:00,373 [INFO] PluginManager:220 - loadIPPluginJar : add tim
2023-11-10 17:36:00,455 [INFO] IPUIPlugin:80 - create IPUIPlugin
2023-11-10 17:36:00,455 [INFO] PluginManager:220 - loadIPPluginJar : add touchsensing
2023-11-10 17:36:00,494 [INFO] IPUIPlugin:80 - create IPUIPlugin
2023-11-10 17:36:00,494 [INFO] PluginManager:220 - loadIPPluginJar : add tracer_emb
2023-11-10 17:36:00,528 [INFO] IPUIPlugin:80 - create IPUIPlugin
2023-11-10 17:36:00,528 [INFO] PluginManager:220 - loadIPPluginJar : add ts
2023-11-10 17:36:00,560 [INFO] IPUIPlugin:80 - create IPUIPlugin
2023-11-10 17:36:00,560 [INFO] PluginManager:220 - loadIPPluginJar : add tsc
2023-11-10 17:36:00,595 [INFO] IPUIPlugin:80 - create IPUIPlugin
2023-11-10 17:36:00,595 [INFO] PluginManager:220 - loadIPPluginJar : add ucpd
2023-11-10 17:36:00,657 [INFO] IPUIPlugin:80 - create IPUIPlugin
2023-11-10 17:36:00,659 [INFO] PluginManager:220 - loadIPPluginJar : add usart
2023-11-10 17:36:00,728 [INFO] IPUIPlugin:80 - create IPUIPlugin
2023-11-10 17:36:00,728 [INFO] PluginManager:220 - loadIPPluginJar : add usbx
2023-11-10 17:36:00,907 [INFO] CADModel:165 - CPN selected for project level
2023-11-10 17:36:00,908 [INFO] CADModel:114 - Register for checkConnection events
2023-11-10 17:36:00,908 [FATAL] Updater:308 - Updater called before beeing initialized
2023-11-10 17:36:00,909 [ERROR] CADModel:125 - Updater not yet initialized, retry later 
2023-11-10 17:36:01,204 [INFO] CADModel:165 - CPN selected for project level
2023-11-10 17:36:01,205 [INFO] CADModel:114 - Register for checkConnection events
2023-11-10 17:36:01,205 [FATAL] Updater:308 - Updater called before beeing initialized
2023-11-10 17:36:01,205 [ERROR] CADModel:125 - Updater not yet initialized, retry later 
2023-11-10 17:36:01,211 [FATAL] Updater:308 - Updater called before beeing initialized
2023-11-10 17:36:01,387 [FATAL] Updater:308 - Updater called before beeing initialized
2023-11-10 17:36:01,404 [INFO] DbMcusAds:53 - JSON generation date=Tue Mar 07 03:50:55 EST 2023 (1678179055335)
2023-11-10 17:36:01,404 [FATAL] Updater:308 - Updater called before beeing initialized
2023-11-10 17:36:01,502 [WARN] DetailPanel:346 - Failed to get advertising image, set to default
2023-11-10 17:36:01,716 [FATAL] Updater:308 - Updater called before beeing initialized
2023-11-10 17:36:01,719 [FATAL] Updater:308 - Updater called before beeing initialized
2023-11-10 17:36:01,720 [FATAL] Updater:308 - Updater called before beeing initialized
2023-11-10 17:36:01,720 [WARN] DetailPanel:346 - Failed to get advertising image, set to default
2023-11-10 17:36:01,721 [FATAL] Updater:308 - Updater called before beeing initialized
2023-11-10 17:36:01,858 [ERROR] Updater:1120 - MainUpdater not yet initialized. External WinMGr cannot be set.
2023-11-10 17:36:01,873 [INFO] Updater:1056 - Updater Version found : 6.9.1
2023-11-10 17:36:01,910 [INFO] ApplicationProperties:184 - Using Application install path: C:\ST\STM32CubeIDE_1.13.1\STM32CubeIDE\plugins\com.st.stm32cube.common.mx_6.9.1.202307191849
2023-11-10 17:36:02,139 [INFO] MainUpdater:2868 - connection check result : 10
2023-11-10 17:36:02,140 [INFO] MainUpdater:285 - Updater Check For Update Now.
2023-11-10 17:36:02,140 [INFO] MicroXplorer:498 - Change Database Version : DB.6.0.91
2023-11-10 17:36:02,174 [INFO] McuFinderGlobals:63 - Set McuFinder mode to 2 (CubeIDE integrated)
2023-11-10 17:36:02,175 [INFO] UserAuth:179 - activating auth plugin
2023-11-10 17:36:02,180 [INFO] UserAuth:393 - Internet connection configuration mode: 1
2023-11-10 17:36:02,237 [INFO] JxBrowserEngine:151 - Initiate JxBrowser Engine with user profile folder
2023-11-10 17:36:02,460 [INFO] CheckServerUpdateThread:120 - End of CheckServer Thread
2023-11-10 17:36:03,068 [WARN] PackLoader:240 - Cannot read IP mode file for STMicroelectronics.X-CUBE-SMBUS.2.1.0
2023-11-10 17:36:03,153 [WARN] PackLoader:240 - Cannot read IP mode file for STMicroelectronics.X-CUBE-AZRTOS-F7.1.1.0
2023-11-10 17:36:03,187 [WARN] PackLoader:240 - Cannot read IP mode file for STMicroelectronics.FP-SNS-MOTENV1.4.3.2
2023-11-10 17:36:03,213 [WARN] PackLoader:240 - Cannot read IP mode file for STMicroelectronics.FP-SNS-FLIGHT1.5.0.2
2023-11-10 17:36:03,252 [WARN] PackLoader:240 - Cannot read IP mode file for STMicroelectronics.X-CUBE-DISPLAY.3.0.0
2023-11-10 17:36:03,292 [WARN] PackLoader:240 - Cannot read IP mode file for STMicroelectronics.X-CUBE-BLE1.7.0.0
2023-11-10 17:36:03,314 [WARN] PackLoader:240 - Cannot read IP mode file for emotas.I-CUBE-CANOPEN.1.3.0
2023-11-10 17:36:03,332 [WARN] PackLoader:240 - Cannot read IP mode file for STMicroelectronics.X-CUBE-TOUCHGFX.4.22.0
2023-11-10 17:36:03,349 [WARN] PackLoader:240 - Cannot read IP mode file for STMicroelectronics.X-CUBE-TOUCHGFX.4.22.1
2023-11-10 17:36:03,367 [WARN] PackLoader:240 - Cannot read IP mode file for STMicroelectronics.FP-SNS-SMARTAG2.1.2.0
2023-11-10 17:36:03,402 [INFO] LogOutputStream:77 - [STDOUT_REDIRECT] 1 : Invalid condition id : UX_CORESTACK_Condition cause : null
2023-11-10 17:36:03,403 [INFO] LogOutputStream:77 - [STDOUT_REDIRECT] 1 : Invalid condition id : UX_CORESTACK_Condition cause : null
2023-11-10 17:36:03,404 [INFO] LogOutputStream:77 - [STDOUT_REDIRECT] 1 : Invalid condition id : UX_CORESTACK_Condition cause : null
2023-11-10 17:36:03,406 [INFO] LogOutputStream:77 - [STDOUT_REDIRECT] 1 : Invalid condition id : UX_CORESTACK_Condition cause : null
2023-11-10 17:36:03,407 [INFO] LogOutputStream:77 - [STDOUT_REDIRECT] 1 : Invalid condition id : UX_CORESTACK_Condition cause : null
2023-11-10 17:36:03,414 [WARN] PackLoader:240 - Cannot read IP mode file for STMicroelectronics.X-CUBE-AZRTOS-WL.2.0.0
2023-11-10 17:36:03,442 [WARN] PackLoader:240 - Cannot read IP mode file for WES.I-CUBE-Cesium.1.3.0
2023-11-10 17:36:03,461 [WARN] PackLoader:240 - Cannot read IP mode file for STMicroelectronics.X-CUBE-BLE2.3.3.0
2023-11-10 17:36:03,483 [WARN] PackLoader:240 - Cannot read IP mode file for STMicroelectronics.X-CUBE-ALGOBUILD.1.3.0
2023-11-10 17:36:03,528 [WARN] PackLoader:240 - Cannot read IP mode file for STMicroelectronics.X-CUBE-AZRTOS-G0.1.1.0
2023-11-10 17:36:03,553 [WARN] PackLoader:240 - Cannot read IP mode file for STMicroelectronics.X-CUBE-NFC4.3.0.0
2023-11-10 17:36:03,585 [WARN] PackLoader:240 - Cannot read IP mode file for STMicroelectronics.X-CUBE-BLEMGR.3.0.0
2023-11-10 17:36:03,608 [WARN] PackLoader:240 - Cannot read IP mode file for STMicroelectronics.FP-ATR-SIGFOX1.3.2.0
2023-11-10 17:36:03,686 [WARN] PackLoader:240 - Cannot read IP mode file for SEGGER.I-CUBE-embOS.1.3.1
2023-11-10 17:36:03,759 [WARN] PackLoader:240 - Cannot read IP mode file for STMicroelectronics.X-CUBE-GNSS1.6.0.0
2023-11-10 17:36:03,803 [WARN] PackLoader:240 - Cannot read IP mode file for STMicroelectronics.X-CUBE-AZRTOS-F4.1.1.0
2023-11-10 17:36:03,828 [WARN] PackLoader:240 - Cannot read IP mode file for wolfSSL.I-CUBE-wolfSSL.5.6.3
2023-11-10 17:36:03,874 [WARN] PackLoader:240 - Cannot read IP mode file for STMicroelectronics.X-CUBE-AZRTOS-L5.2.0.0
2023-11-10 17:36:03,953 [WARN] PackLoader:240 - Cannot read IP mode file for STMicroelectronics.X-CUBE-MEMS1.9.6.0
2023-11-10 17:36:04,255 [WARN] PackLoader:240 - Cannot read IP mode file for STMicroelectronics.X-CUBE-EEPRMA1.4.2.0
2023-11-10 17:36:04,281 [WARN] PackLoader:240 - Cannot read IP mode file for ITTIA_DB.I-CUBE-ITTIADB.8.8.0
2023-11-10 17:36:04,303 [WARN] PackLoader:240 - Cannot read IP mode file for STMicroelectronics.X-CUBE-BLEMGR.2.0.0
2023-11-10 17:36:04,348 [WARN] ConditionMgr:438 - getConditionDescription Invalid condition id : UX DEVICE CLASS RTOS Condition cause : null
2023-11-10 17:36:04,348 [WARN] ConditionMgr:438 - getConditionDescription Invalid condition id : UX DEVICE CLASS RTOS Condition cause : null
2023-11-10 17:36:04,352 [WARN] PackLoader:240 - Cannot read IP mode file for STMicroelectronics.X-CUBE-AZRTOS-H7.3.1.0
2023-11-10 17:36:04,353 [WARN] ConditionMgr:1039 - genDependencies : Invalid condition id : UX DEVICE CLASS RTOS Condition cause : null
2023-11-10 17:36:04,353 [WARN] ConditionMgr:1039 - genDependencies : Invalid condition id : UX DEVICE CLASS RTOS Condition cause : null
2023-11-10 17:36:04,354 [WARN] ConditionMgr:1039 - genDependencies : Invalid condition id : UX DEVICE CLASS RTOS Condition cause : null
2023-11-10 17:36:04,355 [WARN] ConditionMgr:1039 - genDependencies : Invalid condition id : UX DEVICE CLASS RTOS Condition cause : null
2023-11-10 17:36:04,355 [WARN] ConditionMgr:1039 - genDependencies : Invalid condition id : UX DEVICE CLASS RTOS Condition cause : null
2023-11-10 17:36:04,376 [WARN] PackLoader:240 - Cannot read IP mode file for STMicroelectronics.X-CUBE-NFC7.1.0.1
2023-11-10 17:36:04,399 [WARN] PackLoader:240 - Cannot read IP mode file for STMicroelectronics.X-CUBE-NFC6.3.0.0
2023-11-10 17:36:04,425 [WARN] PackLoader:240 - Cannot read IP mode file for STMicroelectronics.X-CUBE-EEPRMA1.4.1.0
2023-11-10 17:36:04,443 [WARN] PackLoader:240 - Cannot read IP mode file for STMicroelectronics.X-CUBE-AI.8.1.0
2023-11-10 17:36:04,498 [WARN] ConditionMgr:438 - getConditionDescription Invalid condition id : LAN8742 Phy interface Condition cause : null
2023-11-10 17:36:04,500 [WARN] PackLoader:240 - Cannot read IP mode file for STMicroelectronics.X-CUBE-AZRTOS-L4.2.0.0
2023-11-10 17:36:04,503 [WARN] ConditionMgr:1039 - genDependencies : Invalid condition id : LAN8742 Phy interface Condition cause : null
2023-11-10 17:36:04,503 [WARN] ConditionMgr:1039 - genDependencies : Invalid condition id : LAN8742 Phy interface Condition cause : null
2023-11-10 17:36:04,505 [WARN] ConditionMgr:1039 - genDependencies : Invalid condition id : LAN8742 Phy interface Condition cause : null
2023-11-10 17:36:04,527 [WARN] PackLoader:240 - Cannot read IP mode file for STMicroelectronics.X-CUBE-SFXS2LP1.4.0.0
2023-11-10 17:36:04,550 [WARN] PackLoader:240 - Cannot read IP mode file for STMicroelectronics.X-CUBE-ISPU.1.1.0
2023-11-10 17:36:04,590 [WARN] ConditionMgr:438 - getConditionDescription Invalid condition id : UX DEVICE CLASS RTOS Condition cause : null
2023-11-10 17:36:04,590 [WARN] ConditionMgr:438 - getConditionDescription Invalid condition id : UX DEVICE CLASS RTOS Condition cause : null
2023-11-10 17:36:04,592 [WARN] PackLoader:240 - Cannot read IP mode file for STMicroelectronics.X-CUBE-AZRTOS-WB.2.0.0
2023-11-10 17:36:04,593 [WARN] ConditionMgr:1039 - genDependencies : Invalid condition id : UX DEVICE CLASS RTOS Condition cause : null
2023-11-10 17:36:04,593 [WARN] ConditionMgr:1039 - genDependencies : Invalid condition id : UX DEVICE CLASS RTOS Condition cause : null
2023-11-10 17:36:04,594 [WARN] ConditionMgr:1039 - genDependencies : Invalid condition id : UX DEVICE CLASS RTOS Condition cause : null
2023-11-10 17:36:04,594 [WARN] ConditionMgr:1039 - genDependencies : Invalid condition id : UX DEVICE CLASS RTOS Condition cause : null
2023-11-10 17:36:04,594 [WARN] ConditionMgr:1039 - genDependencies : Invalid condition id : UX DEVICE CLASS RTOS Condition cause : null
2023-11-10 17:36:04,628 [WARN] PackLoader:240 - Cannot read IP mode file for STMicroelectronics.X-CUBE-SUBG2.5.0.0
2023-11-10 17:36:04,667 [WARN] PackLoader:240 - Cannot read IP mode file for STMicroelectronics.X-CUBE-TOF1.3.3.1
2023-11-10 17:36:04,716 [WARN] PackLoader:240 - Cannot read IP mode file for STMicroelectronics.X-CUBE-AZRTOS-G4.2.0.0
2023-11-10 17:36:04,758 [WARN] PackLoader:240 - Cannot read IP mode file for Infineon.AIROC-Wi-Fi-Bluetooth-STM32.1.5.1
2023-11-10 17:36:04,779 [WARN] PackLoader:240 - Cannot read IP mode file for STMicroelectronics.FP-SNS-MOTENVWB1.1.3.0
2023-11-10 17:36:04,853 [WARN] PackLoader:240 - Cannot read IP mode file for STMicroelectronics.X-CUBE-MEMS1.10.0.0
2023-11-10 17:36:05,119 [WARN] PackLoader:240 - Cannot read IP mode file for STMicroelectronics.X-CUBE-FREERTOS.1.1.0
2023-11-10 17:36:05,141 [WARN] PackLoader:240 - Cannot read IP mode file for portGmbH.I-Cube-SoM-uGOAL.1.1.0
2023-11-10 17:36:05,161 [WARN] PackLoader:240 - Cannot read IP mode file for STMicroelectronics.X-CUBE-ALS.1.0.1
2023-11-10 17:36:05,180 [WARN] PackLoader:240 - Cannot read IP mode file for STMicroelectronics.FP-ATR-ASTRA1.2.0.0
2023-11-10 17:36:05,181 [INFO] ThirdParty:978 - Integrity check success = true
2023-11-10 17:36:05,181 [INFO] IntegrityCheckThread:100 - exiting critical section [integrity check]
2023-11-10 17:36:05,181 [INFO] IntegrityCheckThread:103 - End integrity checks thread
2023-11-10 17:36:06,989 [INFO] WebApp:157 - Instantiating new browser for Auth
2023-11-10 17:36:08,387 [INFO] WebApp:753 - Register for checkConnection events
2023-11-10 17:36:08,388 [INFO] WebApp:390 - Apply proxy settings
2023-11-10 17:36:08,388 [INFO] WebApp:475 - Chromium requires no authentication
2023-11-10 17:36:08,414 [INFO] WebApp:418 - Direct internet connection detected
2023-11-10 17:36:08,862 [INFO] WebApp:188 - Starting web application
2023-11-10 17:36:08,864 [INFO] WebApp:520 - Web application path used C:\ST\STM32CubeIDE_1.13.1\STM32CubeIDE\plugins\com.st.stm32cube.common.mx_6.9.1.202307191849\db\plugins\mcufinder\reactClient1\index.html
2023-11-10 17:36:30,791 [ERROR] LogOutputStream:75 - [STDERR_REDIRECT] SLF4J: Failed to load class "org.slf4j.impl.StaticLoggerBinder".
2023-11-10 17:36:30,792 [ERROR] LogOutputStream:75 - [STDERR_REDIRECT] SLF4J: Defaulting to no-operation (NOP) logger implementation
2023-11-10 17:36:30,794 [ERROR] LogOutputStream:75 - [STDERR_REDIRECT] SLF4J: See http://www.slf4j.org/codes.html#StaticLoggerBinder for further details.
2023-11-10 17:57:26,359 [ERROR] LogOutputStream:75 - [STDERR_REDIRECT] 
